<?xml version="1.0" encoding="UTF-8"?>
<testsuite name="org.thinkbigthings.zdd.server.UserControllerTest" tests="1" skipped="0" failures="0" errors="0" timestamp="2022-12-10T20:44:20" hostname="MAC-jyoung.local" time="0.007">
  <properties/>
  <testcase name="getUser()" classname="org.thinkbigthings.zdd.server.UserControllerTest" time="0.007"/>
  <system-out><![CDATA[]]></system-out>
  <system-err><![CDATA[]]></system-err>
</testsuite>
