<?xml version="1.0" encoding="UTF-8"?>
<testsuite name="org.thinkbigthings.zdd.server.StoreServiceTest" tests="1" skipped="0" failures="0" errors="0" timestamp="2022-12-10T20:44:20" hostname="MAC-jyoung.local" time="0.209">
  <properties/>
  <testcase name="updateItems()" classname="org.thinkbigthings.zdd.server.StoreServiceTest" time="0.209"/>
  <system-out><![CDATA[Couldn't parse item {strain=GRAMS , terpinolene=, cbd=CBD, caryophyllene=, myrcene=, type=_Grams, thc=THC, limonene=, humulene=, vendor=GROWER, price=$, dominance=, linalool=, category=flower, wt=WT, bisabolol=, pinene=, allterpsblank=}, exception message: Could not extract subspecies from Strain img
Couldn't parse item {strain=<img src="https://keystoneshops.com/media/Hybrid-Icon-100.png" alt="Hybrid" width="20" height="20"> Birthday Cake <img src="https://keystoneshops.com/media/Caryophyllene-Icon-100.png" alt="Caryophyllene" width="13" height="13">   <img src="https://keystoneshops.com/media/Myrcene-Icon-100.png" alt="Myrcene" width="13" height="13">   <img src="https://keystoneshops.com/media/Limonene-Icon-100.png" alt="Limonene" width="13" height="13">  , terpinolene=, cbd=0.00%, caryophyllene=0.61%, myrcene=0.55%, type=Grams, thc=25.67%, limonene=0.28%, humulene=0.16%, vendor=Grassroots, price=, dominance=, linalool=0.19%, category=flower, wt=, bisabolol=0.07%, pinene=0.03%, allterpsblank=}, exception message: Could not parse price from 
Couldn't parse item {strain=<img src="https://keystoneshops.com/media/Hybrid-Icon-100.png" alt="Hybrid" width="20" height="20"> Garlic Cookies <img src="https://keystoneshops.com/media/Myrcene-Icon-100.png" alt="Myrcene" width="13" height="13">   <img src="https://keystoneshops.com/media/Limonene-Icon-100.png" alt="Limonene" width="13" height="13">   <img src="https://keystoneshops.com/media/Caryophyllene-Icon-100.png" alt="Caryophyllene" width="13" height="13">  , terpinolene=0.00%, cbd=0.00%, caryophyllene=0.35%, myrcene=0.49%, type=Grams, thc=29.19%, limonene=0.43%, humulene=0.14%, vendor=Grassroots, price=, dominance=, linalool=0.06%, category=flower, wt=, bisabolol=0.11%, pinene=0.03%, allterpsblank=}, exception message: Could not parse price from 
Couldn't parse item {strain=<img src="https://keystoneshops.com/media/Hybrid-Icon-100.png" alt="Hybrid" width="20" height="20"> Star Dawg x Northern Lights Haze #1 <img src="https://keystoneshops.com/media/Caryophyllene-Icon-100.png" alt="Caryophyllene" width="13" height="13">   <img src="https://keystoneshops.com/media/Limonene-Icon-100.png" alt="Limonene" width="13" height="13">   <img src="https://keystoneshops.com/media/Linalool-Icon-100.png" alt="Linalool" width="13" height="13">  , terpinolene=0.00%, cbd=0.00%, caryophyllene=0.49%, myrcene=0.19%, type=Grams, thc=21.74%, limonene=0.29%, humulene=0.15%, vendor=Grassroots, price=, dominance=, linalool=0.20%, category=flower, wt=, bisabolol=0.14%, pinene=0.02%, allterpsblank=}, exception message: Could not parse price from 
Couldn't parse item {strain=<img src="https://keystoneshops.com/media/Indica-Icon-100.png" alt="Indica" width="20" height="20"> WiFi Glue <img src="https://keystoneshops.com/media/Caryophyllene-Icon-100.png" alt="Caryophyllene" width="13" height="13">   <img src="https://keystoneshops.com/media/Limonene-Icon-100.png" alt="Limonene" width="13" height="13">   <img src="https://keystoneshops.com/media/Humulene-Icon-100.png" alt="Humulene" width="13" height="13">  , terpinolene=, cbd=0.08%, caryophyllene=0.94%, myrcene=0.27%, type=Grams, thc=30.43%, limonene=0.38%, humulene=0.28%, vendor=gLeaf, price=, dominance=, linalool=0.06%, category=flower, wt=, bisabolol=0.05%, pinene=0.03%, allterpsblank=}, exception message: Could not parse price from 
Couldn't parse item {strain=EIGHTHS , terpinolene=, cbd=CBD, caryophyllene=, myrcene=, type=_Eighths, thc=THC, limonene=, humulene=, vendor=GROWER, price=$, dominance=, linalool=, category=flower, wt=WT, bisabolol=, pinene=, allterpsblank=}, exception message: Could not extract subspecies from Strain img
Couldn't parse item {strain=QUARTERS , terpinolene=, cbd=CBD, caryophyllene=, myrcene=, type=_Quarters, thc=THC, limonene=, humulene=, vendor=GROWER, price=$, dominance=, linalool=, category=flower, wt=WT, bisabolol=, pinene=, allterpsblank=}, exception message: Could not extract subspecies from Strain img
Couldn't parse item {strain=GRAMS , terpinolene=, cbd=CBD, caryophyllene=, myrcene=, type=_Grams, thc=THC, limonene=, humulene=, vendor=GROWER, price=$, dominance=, linalool=, category=flower, wt=WT, bisabolol=, pinene=, allterpsblank=}, exception message: Could not extract subspecies from Strain img
Couldn't parse item {strain=<img src="https://keystoneshops.com/media/Hybrid-Icon-100.png" alt="Hybrid" width="20" height="20"> Birthday Cake <img src="https://keystoneshops.com/media/Caryophyllene-Icon-100.png" alt="Caryophyllene" width="13" height="13">   <img src="https://keystoneshops.com/media/Myrcene-Icon-100.png" alt="Myrcene" width="13" height="13">   <img src="https://keystoneshops.com/media/Limonene-Icon-100.png" alt="Limonene" width="13" height="13">  , terpinolene=, cbd=0.00%, caryophyllene=0.61%, myrcene=0.55%, type=Grams, thc=25.67%, limonene=0.28%, humulene=0.16%, vendor=Grassroots, price=, dominance=, linalool=0.19%, category=flower, wt=, bisabolol=0.07%, pinene=0.03%, allterpsblank=}, exception message: Could not parse price from 
Couldn't parse item {strain=<img src="https://keystoneshops.com/media/Hybrid-Icon-100.png" alt="Hybrid" width="20" height="20"> Garlic Cookies <img src="https://keystoneshops.com/media/Myrcene-Icon-100.png" alt="Myrcene" width="13" height="13">   <img src="https://keystoneshops.com/media/Limonene-Icon-100.png" alt="Limonene" width="13" height="13">   <img src="https://keystoneshops.com/media/Caryophyllene-Icon-100.png" alt="Caryophyllene" width="13" height="13">  , terpinolene=0.00%, cbd=0.00%, caryophyllene=0.35%, myrcene=0.49%, type=Grams, thc=29.19%, limonene=0.43%, humulene=0.14%, vendor=Grassroots, price=, dominance=, linalool=0.06%, category=flower, wt=, bisabolol=0.11%, pinene=0.03%, allterpsblank=}, exception message: Could not parse price from 
Couldn't parse item {strain=<img src="https://keystoneshops.com/media/Hybrid-Icon-100.png" alt="Hybrid" width="20" height="20"> Star Dawg x Northern Lights Haze #1 <img src="https://keystoneshops.com/media/Caryophyllene-Icon-100.png" alt="Caryophyllene" width="13" height="13">   <img src="https://keystoneshops.com/media/Limonene-Icon-100.png" alt="Limonene" width="13" height="13">   <img src="https://keystoneshops.com/media/Linalool-Icon-100.png" alt="Linalool" width="13" height="13">  , terpinolene=0.00%, cbd=0.00%, caryophyllene=0.49%, myrcene=0.19%, type=Grams, thc=21.74%, limonene=0.29%, humulene=0.15%, vendor=Grassroots, price=, dominance=, linalool=0.20%, category=flower, wt=, bisabolol=0.14%, pinene=0.02%, allterpsblank=}, exception message: Could not parse price from 
Couldn't parse item {strain=EIGHTHS , terpinolene=, cbd=CBD, caryophyllene=, myrcene=, type=_Eighths, thc=THC, limonene=, humulene=, vendor=GROWER, price=$, dominance=, linalool=, category=flower, wt=WT, bisabolol=, pinene=, allterpsblank=}, exception message: Could not extract subspecies from Strain img
Couldn't parse item {strain=QUARTERS , terpinolene=, cbd=CBD, caryophyllene=, myrcene=, type=_Quarters, thc=THC, limonene=, humulene=, vendor=GROWER, price=$, dominance=, linalool=, category=flower, wt=WT, bisabolol=, pinene=, allterpsblank=}, exception message: Could not extract subspecies from Strain img
]]></system-out>
  <system-err><![CDATA[]]></system-err>
</testsuite>
