<?xml version="1.0" encoding="UTF-8"?>
<testsuite name="org.thinkbigthings.zdd.server.GlobalExceptionHandlerTest" tests="2" skipped="0" failures="0" errors="0" timestamp="2022-12-10T20:44:19" hostname="MAC-jyoung.local" time="0.012">
  <properties/>
  <testcase name="illegalArgumentWithCause()" classname="org.thinkbigthings.zdd.server.GlobalExceptionHandlerTest" time="0.012"/>
  <testcase name="illegalArgument()" classname="org.thinkbigthings.zdd.server.GlobalExceptionHandlerTest" time="0.0"/>
  <system-out><![CDATA[]]></system-out>
  <system-err><![CDATA[]]></system-err>
</testsuite>
