<?xml version="1.0" encoding="UTF-8"?>
<testsuite name="org.thinkbigthings.zdd.server.UserRepositoryTest" tests="3" skipped="0" failures="0" errors="0" timestamp="2022-12-10T20:44:12" hostname="MAC-jyoung.local" time="0.084">
  <properties/>
  <testcase name="testListUsers()" classname="org.thinkbigthings.zdd.server.UserRepositoryTest" time="0.039"/>
  <testcase name="testNPlusOne()" classname="org.thinkbigthings.zdd.server.UserRepositoryTest" time="0.037"/>
  <testcase name="testNPlusOneWithJoinFetch()" classname="org.thinkbigthings.zdd.server.UserRepositoryTest" time="0.007"/>
  <system-out><![CDATA[2022-12-10T15:44:11.272-05:00  INFO 63538 --- [    Test worker] t.c.s.AnnotationConfigContextLoaderUtils : Could not detect default configuration classes for test class [org.thinkbigthings.zdd.server.UserRepositoryTest]: UserRepositoryTest does not declare any static, non-private, non-final, nested classes annotated with @Configuration.
2022-12-10T15:44:11.273-05:00  INFO 63538 --- [    Test worker] .b.t.c.SpringBootTestContextBootstrapper : Found @SpringBootConfiguration org.thinkbigthings.zdd.server.Application for test class org.thinkbigthings.zdd.server.UserRepositoryTest
2022-12-10T15:44:11.275-05:00 DEBUG 63538 --- [    Test worker] org.hibernate.SQL                        : select u1_0.id from app_user u1_0 where u1_0.username=? fetch first ? rows only
2022-12-10T15:44:11.353-05:00 DEBUG 63538 --- [    Test worker] org.hibernate.SQL                        : insert into app_user (display_name, email, enabled, password, registration_time, username) values (?, ?, ?, ?, ?, ?)
2022-12-10T15:44:11.356-05:00 DEBUG 63538 --- [    Test worker] org.hibernate.SQL                        : insert into search_config (active, last_search, user_id) values (?, ?, ?)
2022-12-10T15:44:11.359-05:00 DEBUG 63538 --- [    Test worker] org.hibernate.SQL                        : insert into user_role (user_id, role_id) values (?, ?)
2022-12-10T15:44:11.397-05:00 DEBUG 63538 --- [    Test worker] org.hibernate.SQL                        : select u1_0.id from app_user u1_0 where u1_0.username=? fetch first ? rows only
2022-12-10T15:44:11.476-05:00 DEBUG 63538 --- [    Test worker] org.hibernate.SQL                        : insert into app_user (display_name, email, enabled, password, registration_time, username) values (?, ?, ?, ?, ?, ?)
2022-12-10T15:44:11.481-05:00 DEBUG 63538 --- [    Test worker] org.hibernate.SQL                        : insert into search_config (active, last_search, user_id) values (?, ?, ?)
2022-12-10T15:44:11.486-05:00 DEBUG 63538 --- [    Test worker] org.hibernate.SQL                        : insert into user_role (user_id, role_id) values (?, ?)
2022-12-10T15:44:11.491-05:00 DEBUG 63538 --- [    Test worker] org.hibernate.SQL                        : select u1_0.id from app_user u1_0 where u1_0.username=? fetch first ? rows only
2022-12-10T15:44:11.573-05:00 DEBUG 63538 --- [    Test worker] org.hibernate.SQL                        : insert into app_user (display_name, email, enabled, password, registration_time, username) values (?, ?, ?, ?, ?, ?)
2022-12-10T15:44:11.579-05:00 DEBUG 63538 --- [    Test worker] org.hibernate.SQL                        : insert into search_config (active, last_search, user_id) values (?, ?, ?)
2022-12-10T15:44:11.584-05:00 DEBUG 63538 --- [    Test worker] org.hibernate.SQL                        : insert into user_role (user_id, role_id) values (?, ?)
2022-12-10T15:44:11.599-05:00 DEBUG 63538 --- [    Test worker] org.hibernate.SQL                        : select u1_0.id from app_user u1_0 where u1_0.username=? fetch first ? rows only
2022-12-10T15:44:11.676-05:00 DEBUG 63538 --- [    Test worker] org.hibernate.SQL                        : insert into app_user (display_name, email, enabled, password, registration_time, username) values (?, ?, ?, ?, ?, ?)
2022-12-10T15:44:11.681-05:00 DEBUG 63538 --- [    Test worker] org.hibernate.SQL                        : insert into search_config (active, last_search, user_id) values (?, ?, ?)
2022-12-10T15:44:11.683-05:00 DEBUG 63538 --- [    Test worker] org.hibernate.SQL                        : insert into user_role (user_id, role_id) values (?, ?)
2022-12-10T15:44:11.688-05:00 DEBUG 63538 --- [    Test worker] org.hibernate.SQL                        : select u1_0.id from app_user u1_0 where u1_0.username=? fetch first ? rows only
2022-12-10T15:44:11.775-05:00 DEBUG 63538 --- [    Test worker] org.hibernate.SQL                        : insert into app_user (display_name, email, enabled, password, registration_time, username) values (?, ?, ?, ?, ?, ?)
2022-12-10T15:44:11.785-05:00 DEBUG 63538 --- [    Test worker] org.hibernate.SQL                        : insert into search_config (active, last_search, user_id) values (?, ?, ?)
2022-12-10T15:44:11.790-05:00 DEBUG 63538 --- [    Test worker] org.hibernate.SQL                        : insert into user_role (user_id, role_id) values (?, ?)
2022-12-10T15:44:11.805-05:00 DEBUG 63538 --- [    Test worker] org.hibernate.SQL                        : select u1_0.id from app_user u1_0 where u1_0.username=? fetch first ? rows only
2022-12-10T15:44:11.885-05:00 DEBUG 63538 --- [    Test worker] org.hibernate.SQL                        : insert into app_user (display_name, email, enabled, password, registration_time, username) values (?, ?, ?, ?, ?, ?)
2022-12-10T15:44:11.888-05:00 DEBUG 63538 --- [    Test worker] org.hibernate.SQL                        : insert into search_config (active, last_search, user_id) values (?, ?, ?)
2022-12-10T15:44:11.893-05:00 DEBUG 63538 --- [    Test worker] org.hibernate.SQL                        : insert into user_role (user_id, role_id) values (?, ?)
2022-12-10T15:44:11.898-05:00 DEBUG 63538 --- [    Test worker] org.hibernate.SQL                        : select u1_0.id from app_user u1_0 where u1_0.username=? fetch first ? rows only
2022-12-10T15:44:11.978-05:00 DEBUG 63538 --- [    Test worker] org.hibernate.SQL                        : insert into app_user (display_name, email, enabled, password, registration_time, username) values (?, ?, ?, ?, ?, ?)
2022-12-10T15:44:11.983-05:00 DEBUG 63538 --- [    Test worker] org.hibernate.SQL                        : insert into search_config (active, last_search, user_id) values (?, ?, ?)
2022-12-10T15:44:11.987-05:00 DEBUG 63538 --- [    Test worker] org.hibernate.SQL                        : insert into user_role (user_id, role_id) values (?, ?)
2022-12-10T15:44:12.000-05:00 DEBUG 63538 --- [    Test worker] org.hibernate.SQL                        : select u1_0.id from app_user u1_0 where u1_0.username=? fetch first ? rows only
2022-12-10T15:44:12.081-05:00 DEBUG 63538 --- [    Test worker] org.hibernate.SQL                        : insert into app_user (display_name, email, enabled, password, registration_time, username) values (?, ?, ?, ?, ?, ?)
2022-12-10T15:44:12.088-05:00 DEBUG 63538 --- [    Test worker] org.hibernate.SQL                        : insert into search_config (active, last_search, user_id) values (?, ?, ?)
2022-12-10T15:44:12.097-05:00 DEBUG 63538 --- [    Test worker] org.hibernate.SQL                        : insert into user_role (user_id, role_id) values (?, ?)
2022-12-10T15:44:12.101-05:00 DEBUG 63538 --- [    Test worker] org.hibernate.SQL                        : select u1_0.id from app_user u1_0 where u1_0.username=? fetch first ? rows only
2022-12-10T15:44:12.177-05:00 DEBUG 63538 --- [    Test worker] org.hibernate.SQL                        : insert into app_user (display_name, email, enabled, password, registration_time, username) values (?, ?, ?, ?, ?, ?)
2022-12-10T15:44:12.183-05:00 DEBUG 63538 --- [    Test worker] org.hibernate.SQL                        : insert into search_config (active, last_search, user_id) values (?, ?, ?)
2022-12-10T15:44:12.185-05:00 DEBUG 63538 --- [    Test worker] org.hibernate.SQL                        : insert into user_role (user_id, role_id) values (?, ?)
2022-12-10T15:44:12.189-05:00 DEBUG 63538 --- [    Test worker] org.hibernate.SQL                        : select u1_0.id from app_user u1_0 where u1_0.username=? fetch first ? rows only
2022-12-10T15:44:12.268-05:00 DEBUG 63538 --- [    Test worker] org.hibernate.SQL                        : insert into app_user (display_name, email, enabled, password, registration_time, username) values (?, ?, ?, ?, ?, ?)
2022-12-10T15:44:12.271-05:00 DEBUG 63538 --- [    Test worker] org.hibernate.SQL                        : insert into search_config (active, last_search, user_id) values (?, ?, ?)
2022-12-10T15:44:12.274-05:00 DEBUG 63538 --- [    Test worker] org.hibernate.SQL                        : insert into user_role (user_id, role_id) values (?, ?)
2022-12-10T15:44:12.281-05:00  INFO 63538 --- [    Test worker] o.t.zdd.server.IntegrationTest           : 
2022-12-10T15:44:12.281-05:00  INFO 63538 --- [    Test worker] o.t.zdd.server.IntegrationTest           : =======================================================================================
2022-12-10T15:44:12.281-05:00  INFO 63538 --- [    Test worker] o.t.zdd.server.IntegrationTest           : Executing test testListUsers()
2022-12-10T15:44:12.281-05:00  INFO 63538 --- [    Test worker] o.t.zdd.server.IntegrationTest           : using web server port 52866
2022-12-10T15:44:12.281-05:00  INFO 63538 --- [    Test worker] o.t.zdd.server.IntegrationTest           : TestContainer jdbc url: jdbc:postgresql://localhost:5432/test?autosave=conservative&loggerLevel=OFF
2022-12-10T15:44:12.281-05:00  INFO 63538 --- [    Test worker] o.t.zdd.server.IntegrationTest           : TestContainer username: test
2022-12-10T15:44:12.281-05:00  INFO 63538 --- [    Test worker] o.t.zdd.server.IntegrationTest           : TestContainer password: test
2022-12-10T15:44:12.281-05:00  INFO 63538 --- [    Test worker] o.t.zdd.server.IntegrationTest           : 
2022-12-10T15:44:12.284-05:00 DEBUG 63538 --- [    Test worker] org.hibernate.SQL                        : select count(*) from app_user u1_0
2022-12-10T15:44:12.290-05:00 DEBUG 63538 --- [    Test worker] org.hibernate.SQL                        : select u1_0.id,u1_0.display_name,u1_0.email,u1_0.enabled,u1_0.password,u1_0.registration_time,u1_0.username from app_user u1_0 offset ? rows fetch first ? rows only
2022-12-10T15:44:12.293-05:00 DEBUG 63538 --- [    Test worker] org.hibernate.SQL                        : select s1_0.user_id,s1_0.active,s1_0.last_search from search_config s1_0 where s1_0.user_id=?
2022-12-10T15:44:12.295-05:00 DEBUG 63538 --- [    Test worker] org.hibernate.SQL                        : select s1_0.user_id,s1_0.active,s1_0.last_search from search_config s1_0 where s1_0.user_id=?
2022-12-10T15:44:12.299-05:00 DEBUG 63538 --- [    Test worker] org.hibernate.SQL                        : select s1_0.user_id,s1_0.active,s1_0.last_search from search_config s1_0 where s1_0.user_id=?
2022-12-10T15:44:12.301-05:00 DEBUG 63538 --- [    Test worker] org.hibernate.SQL                        : select s1_0.user_id,s1_0.active,s1_0.last_search from search_config s1_0 where s1_0.user_id=?
2022-12-10T15:44:12.303-05:00 DEBUG 63538 --- [    Test worker] org.hibernate.SQL                        : select s1_0.user_id,s1_0.active,s1_0.last_search from search_config s1_0 where s1_0.user_id=?
2022-12-10T15:44:12.305-05:00 DEBUG 63538 --- [    Test worker] org.hibernate.SQL                        : select s1_0.user_id,s1_0.active,s1_0.last_search from search_config s1_0 where s1_0.user_id=?
2022-12-10T15:44:12.307-05:00 DEBUG 63538 --- [    Test worker] org.hibernate.SQL                        : select s1_0.user_id,s1_0.active,s1_0.last_search from search_config s1_0 where s1_0.user_id=?
2022-12-10T15:44:12.312-05:00 DEBUG 63538 --- [    Test worker] org.hibernate.SQL                        : select s1_0.user_id,s1_0.active,s1_0.last_search from search_config s1_0 where s1_0.user_id=?
2022-12-10T15:44:12.313-05:00 DEBUG 63538 --- [    Test worker] org.hibernate.SQL                        : select s1_0.user_id,s1_0.active,s1_0.last_search from search_config s1_0 where s1_0.user_id=?
2022-12-10T15:44:12.314-05:00 DEBUG 63538 --- [    Test worker] org.hibernate.SQL                        : select s1_0.user_id,s1_0.active,s1_0.last_search from search_config s1_0 where s1_0.user_id=?
2022-12-10T15:44:12.316-05:00 DEBUG 63538 --- [    Test worker] org.hibernate.SQL                        : select count(u1_0.id) from app_user u1_0
2022-12-10T15:44:12.325-05:00  INFO 63538 --- [    Test worker] o.t.zdd.server.IntegrationTest           : 
2022-12-10T15:44:12.325-05:00  INFO 63538 --- [    Test worker] o.t.zdd.server.IntegrationTest           : =======================================================================================
2022-12-10T15:44:12.325-05:00  INFO 63538 --- [    Test worker] o.t.zdd.server.IntegrationTest           : Executing test testNPlusOne()
2022-12-10T15:44:12.325-05:00  INFO 63538 --- [    Test worker] o.t.zdd.server.IntegrationTest           : using web server port 52866
2022-12-10T15:44:12.325-05:00  INFO 63538 --- [    Test worker] o.t.zdd.server.IntegrationTest           : TestContainer jdbc url: jdbc:postgresql://localhost:5432/test?autosave=conservative&loggerLevel=OFF
2022-12-10T15:44:12.325-05:00  INFO 63538 --- [    Test worker] o.t.zdd.server.IntegrationTest           : TestContainer username: test
2022-12-10T15:44:12.325-05:00  INFO 63538 --- [    Test worker] o.t.zdd.server.IntegrationTest           : TestContainer password: test
2022-12-10T15:44:12.325-05:00  INFO 63538 --- [    Test worker] o.t.zdd.server.IntegrationTest           : 
2022-12-10T15:44:12.326-05:00 DEBUG 63538 --- [    Test worker] org.hibernate.SQL                        : select u1_0.id,u1_0.display_name,u1_0.email,u1_0.enabled,u1_0.password,u1_0.registration_time,u1_0.username from app_user u1_0 order by u1_0.username asc offset ? rows fetch first ? rows only
2022-12-10T15:44:12.328-05:00 DEBUG 63538 --- [    Test worker] org.hibernate.SQL                        : select s1_0.user_id,s1_0.active,s1_0.last_search from search_config s1_0 where s1_0.user_id=?
2022-12-10T15:44:12.329-05:00 DEBUG 63538 --- [    Test worker] org.hibernate.SQL                        : select s1_0.user_id,s1_0.active,s1_0.last_search from search_config s1_0 where s1_0.user_id=?
2022-12-10T15:44:12.330-05:00 DEBUG 63538 --- [    Test worker] org.hibernate.SQL                        : select s1_0.user_id,s1_0.active,s1_0.last_search from search_config s1_0 where s1_0.user_id=?
2022-12-10T15:44:12.331-05:00 DEBUG 63538 --- [    Test worker] org.hibernate.SQL                        : select s1_0.user_id,s1_0.active,s1_0.last_search from search_config s1_0 where s1_0.user_id=?
2022-12-10T15:44:12.332-05:00 DEBUG 63538 --- [    Test worker] org.hibernate.SQL                        : select s1_0.user_id,s1_0.active,s1_0.last_search from search_config s1_0 where s1_0.user_id=?
2022-12-10T15:44:12.333-05:00 DEBUG 63538 --- [    Test worker] org.hibernate.SQL                        : select s1_0.user_id,s1_0.active,s1_0.last_search from search_config s1_0 where s1_0.user_id=?
2022-12-10T15:44:12.334-05:00 DEBUG 63538 --- [    Test worker] org.hibernate.SQL                        : select s1_0.user_id,s1_0.active,s1_0.last_search from search_config s1_0 where s1_0.user_id=?
2022-12-10T15:44:12.335-05:00 DEBUG 63538 --- [    Test worker] org.hibernate.SQL                        : select s1_0.user_id,s1_0.active,s1_0.last_search from search_config s1_0 where s1_0.user_id=?
2022-12-10T15:44:12.336-05:00 DEBUG 63538 --- [    Test worker] org.hibernate.SQL                        : select s1_0.user_id,s1_0.active,s1_0.last_search from search_config s1_0 where s1_0.user_id=?
2022-12-10T15:44:12.337-05:00 DEBUG 63538 --- [    Test worker] org.hibernate.SQL                        : select s1_0.user_id,s1_0.active,s1_0.last_search from search_config s1_0 where s1_0.user_id=?
2022-12-10T15:44:12.338-05:00 DEBUG 63538 --- [    Test worker] org.hibernate.SQL                        : select a1_0.user_id,a1_0.id,a1_0.city,a1_0.line1,a1_0.state,a1_0.zip from address a1_0 where a1_0.user_id=?
2022-12-10T15:44:12.341-05:00 DEBUG 63538 --- [    Test worker] org.hibernate.SQL                        : select a1_0.user_id,a1_0.id,a1_0.city,a1_0.line1,a1_0.state,a1_0.zip from address a1_0 where a1_0.user_id=?
2022-12-10T15:44:12.343-05:00 DEBUG 63538 --- [    Test worker] org.hibernate.SQL                        : select a1_0.user_id,a1_0.id,a1_0.city,a1_0.line1,a1_0.state,a1_0.zip from address a1_0 where a1_0.user_id=?
2022-12-10T15:44:12.346-05:00 DEBUG 63538 --- [    Test worker] org.hibernate.SQL                        : select a1_0.user_id,a1_0.id,a1_0.city,a1_0.line1,a1_0.state,a1_0.zip from address a1_0 where a1_0.user_id=?
2022-12-10T15:44:12.347-05:00 DEBUG 63538 --- [    Test worker] org.hibernate.SQL                        : select a1_0.user_id,a1_0.id,a1_0.city,a1_0.line1,a1_0.state,a1_0.zip from address a1_0 where a1_0.user_id=?
2022-12-10T15:44:12.348-05:00 DEBUG 63538 --- [    Test worker] org.hibernate.SQL                        : select a1_0.user_id,a1_0.id,a1_0.city,a1_0.line1,a1_0.state,a1_0.zip from address a1_0 where a1_0.user_id=?
2022-12-10T15:44:12.349-05:00 DEBUG 63538 --- [    Test worker] org.hibernate.SQL                        : select a1_0.user_id,a1_0.id,a1_0.city,a1_0.line1,a1_0.state,a1_0.zip from address a1_0 where a1_0.user_id=?
2022-12-10T15:44:12.350-05:00 DEBUG 63538 --- [    Test worker] org.hibernate.SQL                        : select a1_0.user_id,a1_0.id,a1_0.city,a1_0.line1,a1_0.state,a1_0.zip from address a1_0 where a1_0.user_id=?
2022-12-10T15:44:12.352-05:00 DEBUG 63538 --- [    Test worker] org.hibernate.SQL                        : select a1_0.user_id,a1_0.id,a1_0.city,a1_0.line1,a1_0.state,a1_0.zip from address a1_0 where a1_0.user_id=?
2022-12-10T15:44:12.353-05:00 DEBUG 63538 --- [    Test worker] org.hibernate.SQL                        : select a1_0.user_id,a1_0.id,a1_0.city,a1_0.line1,a1_0.state,a1_0.zip from address a1_0 where a1_0.user_id=?
2022-12-10T15:44:12.359-05:00  INFO 63538 --- [    Test worker] o.t.zdd.server.IntegrationTest           : 
2022-12-10T15:44:12.359-05:00  INFO 63538 --- [    Test worker] o.t.zdd.server.IntegrationTest           : =======================================================================================
2022-12-10T15:44:12.359-05:00  INFO 63538 --- [    Test worker] o.t.zdd.server.IntegrationTest           : Executing test testNPlusOneWithJoinFetch()
2022-12-10T15:44:12.359-05:00  INFO 63538 --- [    Test worker] o.t.zdd.server.IntegrationTest           : using web server port 52866
2022-12-10T15:44:12.359-05:00  INFO 63538 --- [    Test worker] o.t.zdd.server.IntegrationTest           : TestContainer jdbc url: jdbc:postgresql://localhost:5432/test?autosave=conservative&loggerLevel=OFF
2022-12-10T15:44:12.359-05:00  INFO 63538 --- [    Test worker] o.t.zdd.server.IntegrationTest           : TestContainer username: test
2022-12-10T15:44:12.359-05:00  INFO 63538 --- [    Test worker] o.t.zdd.server.IntegrationTest           : TestContainer password: test
2022-12-10T15:44:12.359-05:00  INFO 63538 --- [    Test worker] o.t.zdd.server.IntegrationTest           : 
2022-12-10T15:44:12.360-05:00 DEBUG 63538 --- [    Test worker] org.hibernate.SQL                        : select u1_0.id,u1_0.display_name,u1_0.email,u1_0.enabled,u1_0.password,u1_0.registration_time,r1_0.user_id,r1_0.role_id,u1_0.username from app_user u1_0 join user_role r1_0 on u1_0.id=r1_0.user_id where u1_0.username=?
2022-12-10T15:44:12.362-05:00 DEBUG 63538 --- [    Test worker] org.hibernate.SQL                        : select s1_0.user_id,s1_0.active,s1_0.last_search from search_config s1_0 where s1_0.user_id=?
]]></system-out>
  <system-err><![CDATA[]]></system-err>
</testsuite>
