<?xml version="1.0" encoding="UTF-8"?>
<testsuite name="org.thinkbigthings.zdd.server.ScraperIntegrationTest" tests="1" skipped="0" failures="0" errors="0" timestamp="2022-12-10T20:44:06" hostname="MAC-jyoung.local" time="0.678">
  <properties/>
  <testcase name="Write items to database without hitting live server" classname="org.thinkbigthings.zdd.server.ScraperIntegrationTest" time="0.678"/>
  <system-out><![CDATA[2022-12-10T15:44:06.517-05:00  INFO 63538 --- [    Test worker] t.c.s.AnnotationConfigContextLoaderUtils : Could not detect default configuration classes for test class [org.thinkbigthings.zdd.server.ScraperIntegrationTest]: ScraperIntegrationTest does not declare any static, non-private, non-final, nested classes annotated with @Configuration.
2022-12-10T15:44:06.518-05:00  INFO 63538 --- [    Test worker] .b.t.c.SpringBootTestContextBootstrapper : Found @SpringBootConfiguration org.thinkbigthings.zdd.server.Application for test class org.thinkbigthings.zdd.server.ScraperIntegrationTest
2022-12-10T15:44:06.533-05:00  INFO 63538 --- [    Test worker] o.t.zdd.server.IntegrationTest           : 
2022-12-10T15:44:06.533-05:00  INFO 63538 --- [    Test worker] o.t.zdd.server.IntegrationTest           : =======================================================================================
2022-12-10T15:44:06.533-05:00  INFO 63538 --- [    Test worker] o.t.zdd.server.IntegrationTest           : Executing test Write items to database without hitting live server
2022-12-10T15:44:06.533-05:00  INFO 63538 --- [    Test worker] o.t.zdd.server.IntegrationTest           : using web server port 52866
2022-12-10T15:44:06.533-05:00  INFO 63538 --- [    Test worker] o.t.zdd.server.IntegrationTest           : TestContainer jdbc url: jdbc:postgresql://localhost:5432/test?autosave=conservative&loggerLevel=OFF
2022-12-10T15:44:06.533-05:00  INFO 63538 --- [    Test worker] o.t.zdd.server.IntegrationTest           : TestContainer username: test
2022-12-10T15:44:06.533-05:00  INFO 63538 --- [    Test worker] o.t.zdd.server.IntegrationTest           : TestContainer password: test
2022-12-10T15:44:06.533-05:00  INFO 63538 --- [    Test worker] o.t.zdd.server.IntegrationTest           : 
2022-12-10T15:44:06.533-05:00  INFO 63538 --- [    Test worker] o.t.zdd.server.ScraperIntegrationTest    : Using store name testScraperFromDisk-dccd8f91-9dfd-4c04-a460-de9bfc747228
2022-12-10T15:44:06.567-05:00 DEBUG 63538 --- [    Test worker] org.hibernate.SQL                        : insert into store (name, website) values (?, ?)
2022-12-10T15:44:06.595-05:00 DEBUG 63538 --- [    Test worker] org.hibernate.SQL                        : select s1_0.id,s1_0.added,s1_0.bisabolol_percent,s1_0.caryophyllene_percent,s1_0.cbd_percent,s1_0.humulene_percent,s1_0.limonene_percent,s1_0.linalool_percent,s1_0.myrcene_percent,s1_0.pinene_percent,s1_0.price_dollars,s1_0.store_id,s1_0.strain,s1_0.subspecies_id,s1_0.terpinolene_percent,s1_0.thc_percent,s1_0.vendor,s1_0.weight_grams from store_item s1_0 join store s2_0 on s2_0.id=s1_0.store_id where s2_0.name=? order by s1_0.added desc offset ? rows fetch first ? rows only
Couldn't parse item {strain=GRAMS , terpinolene=, cbd=CBD, caryophyllene=, myrcene=, type=_Grams, thc=THC, limonene=, humulene=, vendor=GROWER, price=$, dominance=, linalool=, category=flower, wt=WT, bisabolol=, pinene=, allterpsblank=}, exception message: Could not extract subspecies from Strain img
Couldn't parse item {strain=<img src="https://keystoneshops.com/media/Hybrid-Icon-100.png" alt="Hybrid" width="20" height="20"> Birthday Cake <img src="https://keystoneshops.com/media/Caryophyllene-Icon-100.png" alt="Caryophyllene" width="13" height="13">   <img src="https://keystoneshops.com/media/Myrcene-Icon-100.png" alt="Myrcene" width="13" height="13">   <img src="https://keystoneshops.com/media/Limonene-Icon-100.png" alt="Limonene" width="13" height="13">  , terpinolene=, cbd=0.00%, caryophyllene=0.61%, myrcene=0.55%, type=Grams, thc=25.67%, limonene=0.28%, humulene=0.16%, vendor=Grassroots, price=, dominance=, linalool=0.19%, category=flower, wt=, bisabolol=0.07%, pinene=0.03%, allterpsblank=}, exception message: Could not parse price from 
Couldn't parse item {strain=<img src="https://keystoneshops.com/media/Hybrid-Icon-100.png" alt="Hybrid" width="20" height="20"> Garlic Cookies <img src="https://keystoneshops.com/media/Myrcene-Icon-100.png" alt="Myrcene" width="13" height="13">   <img src="https://keystoneshops.com/media/Limonene-Icon-100.png" alt="Limonene" width="13" height="13">   <img src="https://keystoneshops.com/media/Caryophyllene-Icon-100.png" alt="Caryophyllene" width="13" height="13">  , terpinolene=0.00%, cbd=0.00%, caryophyllene=0.35%, myrcene=0.49%, type=Grams, thc=29.19%, limonene=0.43%, humulene=0.14%, vendor=Grassroots, price=, dominance=, linalool=0.06%, category=flower, wt=, bisabolol=0.11%, pinene=0.03%, allterpsblank=}, exception message: Could not parse price from 
Couldn't parse item {strain=<img src="https://keystoneshops.com/media/Hybrid-Icon-100.png" alt="Hybrid" width="20" height="20"> Star Dawg x Northern Lights Haze #1 <img src="https://keystoneshops.com/media/Caryophyllene-Icon-100.png" alt="Caryophyllene" width="13" height="13">   <img src="https://keystoneshops.com/media/Limonene-Icon-100.png" alt="Limonene" width="13" height="13">   <img src="https://keystoneshops.com/media/Linalool-Icon-100.png" alt="Linalool" width="13" height="13">  , terpinolene=0.00%, cbd=0.00%, caryophyllene=0.49%, myrcene=0.19%, type=Grams, thc=21.74%, limonene=0.29%, humulene=0.15%, vendor=Grassroots, price=, dominance=, linalool=0.20%, category=flower, wt=, bisabolol=0.14%, pinene=0.02%, allterpsblank=}, exception message: Could not parse price from 
Couldn't parse item {strain=<img src="https://keystoneshops.com/media/Indica-Icon-100.png" alt="Indica" width="20" height="20"> WiFi Glue <img src="https://keystoneshops.com/media/Caryophyllene-Icon-100.png" alt="Caryophyllene" width="13" height="13">   <img src="https://keystoneshops.com/media/Limonene-Icon-100.png" alt="Limonene" width="13" height="13">   <img src="https://keystoneshops.com/media/Humulene-Icon-100.png" alt="Humulene" width="13" height="13">  , terpinolene=, cbd=0.08%, caryophyllene=0.94%, myrcene=0.27%, type=Grams, thc=30.43%, limonene=0.38%, humulene=0.28%, vendor=gLeaf, price=, dominance=, linalool=0.06%, category=flower, wt=, bisabolol=0.05%, pinene=0.03%, allterpsblank=}, exception message: Could not parse price from 
Couldn't parse item {strain=EIGHTHS , terpinolene=, cbd=CBD, caryophyllene=, myrcene=, type=_Eighths, thc=THC, limonene=, humulene=, vendor=GROWER, price=$, dominance=, linalool=, category=flower, wt=WT, bisabolol=, pinene=, allterpsblank=}, exception message: Could not extract subspecies from Strain img
Couldn't parse item {strain=QUARTERS , terpinolene=, cbd=CBD, caryophyllene=, myrcene=, type=_Quarters, thc=THC, limonene=, humulene=, vendor=GROWER, price=$, dominance=, linalool=, category=flower, wt=WT, bisabolol=, pinene=, allterpsblank=}, exception message: Could not extract subspecies from Strain img
2022-12-10T15:44:06.732-05:00 DEBUG 63538 --- [    Test worker] org.hibernate.SQL                        : select s1_0.id,s1_0.name,s1_0.website from store s1_0 where s1_0.name=?
2022-12-10T15:44:06.736-05:00 DEBUG 63538 --- [    Test worker] org.hibernate.SQL                        : select i1_0.store_id,i1_0.id,i1_0.added,i1_0.bisabolol_percent,i1_0.caryophyllene_percent,i1_0.cbd_percent,i1_0.humulene_percent,i1_0.limonene_percent,i1_0.linalool_percent,i1_0.myrcene_percent,i1_0.pinene_percent,i1_0.price_dollars,i1_0.strain,i1_0.subspecies_id,i1_0.terpinolene_percent,i1_0.thc_percent,i1_0.vendor,i1_0.weight_grams from store_item i1_0 where i1_0.store_id=?
2022-12-10T15:44:06.856-05:00 DEBUG 63538 --- [    Test worker] org.hibernate.SQL                        : insert into store_item (added, bisabolol_percent, caryophyllene_percent, cbd_percent, humulene_percent, limonene_percent, linalool_percent, myrcene_percent, pinene_percent, price_dollars, store_id, strain, subspecies_id, terpinolene_percent, thc_percent, vendor, weight_grams) values (?, ?, ?, ?, ?, ?, ?, ?, ?, ?, ?, ?, ?, ?, ?, ?, ?)
2022-12-10T15:44:06.864-05:00 DEBUG 63538 --- [    Test worker] org.hibernate.SQL                        : insert into store_item (added, bisabolol_percent, caryophyllene_percent, cbd_percent, humulene_percent, limonene_percent, linalool_percent, myrcene_percent, pinene_percent, price_dollars, store_id, strain, subspecies_id, terpinolene_percent, thc_percent, vendor, weight_grams) values (?, ?, ?, ?, ?, ?, ?, ?, ?, ?, ?, ?, ?, ?, ?, ?, ?)
2022-12-10T15:44:06.870-05:00 DEBUG 63538 --- [    Test worker] org.hibernate.SQL                        : insert into store_item (added, bisabolol_percent, caryophyllene_percent, cbd_percent, humulene_percent, limonene_percent, linalool_percent, myrcene_percent, pinene_percent, price_dollars, store_id, strain, subspecies_id, terpinolene_percent, thc_percent, vendor, weight_grams) values (?, ?, ?, ?, ?, ?, ?, ?, ?, ?, ?, ?, ?, ?, ?, ?, ?)
2022-12-10T15:44:06.874-05:00 DEBUG 63538 --- [    Test worker] org.hibernate.SQL                        : insert into store_item (added, bisabolol_percent, caryophyllene_percent, cbd_percent, humulene_percent, limonene_percent, linalool_percent, myrcene_percent, pinene_percent, price_dollars, store_id, strain, subspecies_id, terpinolene_percent, thc_percent, vendor, weight_grams) values (?, ?, ?, ?, ?, ?, ?, ?, ?, ?, ?, ?, ?, ?, ?, ?, ?)
2022-12-10T15:44:06.877-05:00 DEBUG 63538 --- [    Test worker] org.hibernate.SQL                        : insert into store_item (added, bisabolol_percent, caryophyllene_percent, cbd_percent, humulene_percent, limonene_percent, linalool_percent, myrcene_percent, pinene_percent, price_dollars, store_id, strain, subspecies_id, terpinolene_percent, thc_percent, vendor, weight_grams) values (?, ?, ?, ?, ?, ?, ?, ?, ?, ?, ?, ?, ?, ?, ?, ?, ?)
2022-12-10T15:44:06.882-05:00 DEBUG 63538 --- [    Test worker] org.hibernate.SQL                        : insert into store_item (added, bisabolol_percent, caryophyllene_percent, cbd_percent, humulene_percent, limonene_percent, linalool_percent, myrcene_percent, pinene_percent, price_dollars, store_id, strain, subspecies_id, terpinolene_percent, thc_percent, vendor, weight_grams) values (?, ?, ?, ?, ?, ?, ?, ?, ?, ?, ?, ?, ?, ?, ?, ?, ?)
2022-12-10T15:44:06.886-05:00 DEBUG 63538 --- [    Test worker] org.hibernate.SQL                        : insert into store_item (added, bisabolol_percent, caryophyllene_percent, cbd_percent, humulene_percent, limonene_percent, linalool_percent, myrcene_percent, pinene_percent, price_dollars, store_id, strain, subspecies_id, terpinolene_percent, thc_percent, vendor, weight_grams) values (?, ?, ?, ?, ?, ?, ?, ?, ?, ?, ?, ?, ?, ?, ?, ?, ?)
2022-12-10T15:44:06.889-05:00 DEBUG 63538 --- [    Test worker] org.hibernate.SQL                        : insert into store_item (added, bisabolol_percent, caryophyllene_percent, cbd_percent, humulene_percent, limonene_percent, linalool_percent, myrcene_percent, pinene_percent, price_dollars, store_id, strain, subspecies_id, terpinolene_percent, thc_percent, vendor, weight_grams) values (?, ?, ?, ?, ?, ?, ?, ?, ?, ?, ?, ?, ?, ?, ?, ?, ?)
2022-12-10T15:44:06.893-05:00 DEBUG 63538 --- [    Test worker] org.hibernate.SQL                        : insert into store_item (added, bisabolol_percent, caryophyllene_percent, cbd_percent, humulene_percent, limonene_percent, linalool_percent, myrcene_percent, pinene_percent, price_dollars, store_id, strain, subspecies_id, terpinolene_percent, thc_percent, vendor, weight_grams) values (?, ?, ?, ?, ?, ?, ?, ?, ?, ?, ?, ?, ?, ?, ?, ?, ?)
2022-12-10T15:44:06.896-05:00 DEBUG 63538 --- [    Test worker] org.hibernate.SQL                        : insert into store_item (added, bisabolol_percent, caryophyllene_percent, cbd_percent, humulene_percent, limonene_percent, linalool_percent, myrcene_percent, pinene_percent, price_dollars, store_id, strain, subspecies_id, terpinolene_percent, thc_percent, vendor, weight_grams) values (?, ?, ?, ?, ?, ?, ?, ?, ?, ?, ?, ?, ?, ?, ?, ?, ?)
2022-12-10T15:44:06.898-05:00 DEBUG 63538 --- [    Test worker] org.hibernate.SQL                        : insert into store_item (added, bisabolol_percent, caryophyllene_percent, cbd_percent, humulene_percent, limonene_percent, linalool_percent, myrcene_percent, pinene_percent, price_dollars, store_id, strain, subspecies_id, terpinolene_percent, thc_percent, vendor, weight_grams) values (?, ?, ?, ?, ?, ?, ?, ?, ?, ?, ?, ?, ?, ?, ?, ?, ?)
2022-12-10T15:44:06.902-05:00 DEBUG 63538 --- [    Test worker] org.hibernate.SQL                        : insert into store_item (added, bisabolol_percent, caryophyllene_percent, cbd_percent, humulene_percent, limonene_percent, linalool_percent, myrcene_percent, pinene_percent, price_dollars, store_id, strain, subspecies_id, terpinolene_percent, thc_percent, vendor, weight_grams) values (?, ?, ?, ?, ?, ?, ?, ?, ?, ?, ?, ?, ?, ?, ?, ?, ?)
2022-12-10T15:44:06.904-05:00 DEBUG 63538 --- [    Test worker] org.hibernate.SQL                        : insert into store_item (added, bisabolol_percent, caryophyllene_percent, cbd_percent, humulene_percent, limonene_percent, linalool_percent, myrcene_percent, pinene_percent, price_dollars, store_id, strain, subspecies_id, terpinolene_percent, thc_percent, vendor, weight_grams) values (?, ?, ?, ?, ?, ?, ?, ?, ?, ?, ?, ?, ?, ?, ?, ?, ?)
2022-12-10T15:44:06.909-05:00 DEBUG 63538 --- [    Test worker] org.hibernate.SQL                        : insert into store_item (added, bisabolol_percent, caryophyllene_percent, cbd_percent, humulene_percent, limonene_percent, linalool_percent, myrcene_percent, pinene_percent, price_dollars, store_id, strain, subspecies_id, terpinolene_percent, thc_percent, vendor, weight_grams) values (?, ?, ?, ?, ?, ?, ?, ?, ?, ?, ?, ?, ?, ?, ?, ?, ?)
2022-12-10T15:44:06.910-05:00 DEBUG 63538 --- [    Test worker] org.hibernate.SQL                        : insert into store_item (added, bisabolol_percent, caryophyllene_percent, cbd_percent, humulene_percent, limonene_percent, linalool_percent, myrcene_percent, pinene_percent, price_dollars, store_id, strain, subspecies_id, terpinolene_percent, thc_percent, vendor, weight_grams) values (?, ?, ?, ?, ?, ?, ?, ?, ?, ?, ?, ?, ?, ?, ?, ?, ?)
2022-12-10T15:44:06.912-05:00 DEBUG 63538 --- [    Test worker] org.hibernate.SQL                        : insert into store_item (added, bisabolol_percent, caryophyllene_percent, cbd_percent, humulene_percent, limonene_percent, linalool_percent, myrcene_percent, pinene_percent, price_dollars, store_id, strain, subspecies_id, terpinolene_percent, thc_percent, vendor, weight_grams) values (?, ?, ?, ?, ?, ?, ?, ?, ?, ?, ?, ?, ?, ?, ?, ?, ?)
2022-12-10T15:44:06.914-05:00 DEBUG 63538 --- [    Test worker] org.hibernate.SQL                        : insert into store_item (added, bisabolol_percent, caryophyllene_percent, cbd_percent, humulene_percent, limonene_percent, linalool_percent, myrcene_percent, pinene_percent, price_dollars, store_id, strain, subspecies_id, terpinolene_percent, thc_percent, vendor, weight_grams) values (?, ?, ?, ?, ?, ?, ?, ?, ?, ?, ?, ?, ?, ?, ?, ?, ?)
2022-12-10T15:44:06.916-05:00 DEBUG 63538 --- [    Test worker] org.hibernate.SQL                        : insert into store_item (added, bisabolol_percent, caryophyllene_percent, cbd_percent, humulene_percent, limonene_percent, linalool_percent, myrcene_percent, pinene_percent, price_dollars, store_id, strain, subspecies_id, terpinolene_percent, thc_percent, vendor, weight_grams) values (?, ?, ?, ?, ?, ?, ?, ?, ?, ?, ?, ?, ?, ?, ?, ?, ?)
2022-12-10T15:44:06.918-05:00 DEBUG 63538 --- [    Test worker] org.hibernate.SQL                        : insert into store_item (added, bisabolol_percent, caryophyllene_percent, cbd_percent, humulene_percent, limonene_percent, linalool_percent, myrcene_percent, pinene_percent, price_dollars, store_id, strain, subspecies_id, terpinolene_percent, thc_percent, vendor, weight_grams) values (?, ?, ?, ?, ?, ?, ?, ?, ?, ?, ?, ?, ?, ?, ?, ?, ?)
2022-12-10T15:44:06.919-05:00 DEBUG 63538 --- [    Test worker] org.hibernate.SQL                        : insert into store_item (added, bisabolol_percent, caryophyllene_percent, cbd_percent, humulene_percent, limonene_percent, linalool_percent, myrcene_percent, pinene_percent, price_dollars, store_id, strain, subspecies_id, terpinolene_percent, thc_percent, vendor, weight_grams) values (?, ?, ?, ?, ?, ?, ?, ?, ?, ?, ?, ?, ?, ?, ?, ?, ?)
2022-12-10T15:44:06.921-05:00 DEBUG 63538 --- [    Test worker] org.hibernate.SQL                        : insert into store_item (added, bisabolol_percent, caryophyllene_percent, cbd_percent, humulene_percent, limonene_percent, linalool_percent, myrcene_percent, pinene_percent, price_dollars, store_id, strain, subspecies_id, terpinolene_percent, thc_percent, vendor, weight_grams) values (?, ?, ?, ?, ?, ?, ?, ?, ?, ?, ?, ?, ?, ?, ?, ?, ?)
2022-12-10T15:44:06.922-05:00 DEBUG 63538 --- [    Test worker] org.hibernate.SQL                        : insert into store_item (added, bisabolol_percent, caryophyllene_percent, cbd_percent, humulene_percent, limonene_percent, linalool_percent, myrcene_percent, pinene_percent, price_dollars, store_id, strain, subspecies_id, terpinolene_percent, thc_percent, vendor, weight_grams) values (?, ?, ?, ?, ?, ?, ?, ?, ?, ?, ?, ?, ?, ?, ?, ?, ?)
2022-12-10T15:44:06.924-05:00 DEBUG 63538 --- [    Test worker] org.hibernate.SQL                        : insert into store_item (added, bisabolol_percent, caryophyllene_percent, cbd_percent, humulene_percent, limonene_percent, linalool_percent, myrcene_percent, pinene_percent, price_dollars, store_id, strain, subspecies_id, terpinolene_percent, thc_percent, vendor, weight_grams) values (?, ?, ?, ?, ?, ?, ?, ?, ?, ?, ?, ?, ?, ?, ?, ?, ?)
2022-12-10T15:44:06.926-05:00 DEBUG 63538 --- [    Test worker] org.hibernate.SQL                        : insert into store_item (added, bisabolol_percent, caryophyllene_percent, cbd_percent, humulene_percent, limonene_percent, linalool_percent, myrcene_percent, pinene_percent, price_dollars, store_id, strain, subspecies_id, terpinolene_percent, thc_percent, vendor, weight_grams) values (?, ?, ?, ?, ?, ?, ?, ?, ?, ?, ?, ?, ?, ?, ?, ?, ?)
2022-12-10T15:44:06.928-05:00 DEBUG 63538 --- [    Test worker] org.hibernate.SQL                        : insert into store_item (added, bisabolol_percent, caryophyllene_percent, cbd_percent, humulene_percent, limonene_percent, linalool_percent, myrcene_percent, pinene_percent, price_dollars, store_id, strain, subspecies_id, terpinolene_percent, thc_percent, vendor, weight_grams) values (?, ?, ?, ?, ?, ?, ?, ?, ?, ?, ?, ?, ?, ?, ?, ?, ?)
2022-12-10T15:44:06.930-05:00 DEBUG 63538 --- [    Test worker] org.hibernate.SQL                        : insert into store_item (added, bisabolol_percent, caryophyllene_percent, cbd_percent, humulene_percent, limonene_percent, linalool_percent, myrcene_percent, pinene_percent, price_dollars, store_id, strain, subspecies_id, terpinolene_percent, thc_percent, vendor, weight_grams) values (?, ?, ?, ?, ?, ?, ?, ?, ?, ?, ?, ?, ?, ?, ?, ?, ?)
2022-12-10T15:44:06.931-05:00 DEBUG 63538 --- [    Test worker] org.hibernate.SQL                        : insert into store_item (added, bisabolol_percent, caryophyllene_percent, cbd_percent, humulene_percent, limonene_percent, linalool_percent, myrcene_percent, pinene_percent, price_dollars, store_id, strain, subspecies_id, terpinolene_percent, thc_percent, vendor, weight_grams) values (?, ?, ?, ?, ?, ?, ?, ?, ?, ?, ?, ?, ?, ?, ?, ?, ?)
2022-12-10T15:44:06.933-05:00 DEBUG 63538 --- [    Test worker] org.hibernate.SQL                        : insert into store_item (added, bisabolol_percent, caryophyllene_percent, cbd_percent, humulene_percent, limonene_percent, linalool_percent, myrcene_percent, pinene_percent, price_dollars, store_id, strain, subspecies_id, terpinolene_percent, thc_percent, vendor, weight_grams) values (?, ?, ?, ?, ?, ?, ?, ?, ?, ?, ?, ?, ?, ?, ?, ?, ?)
2022-12-10T15:44:06.935-05:00 DEBUG 63538 --- [    Test worker] org.hibernate.SQL                        : insert into store_item (added, bisabolol_percent, caryophyllene_percent, cbd_percent, humulene_percent, limonene_percent, linalool_percent, myrcene_percent, pinene_percent, price_dollars, store_id, strain, subspecies_id, terpinolene_percent, thc_percent, vendor, weight_grams) values (?, ?, ?, ?, ?, ?, ?, ?, ?, ?, ?, ?, ?, ?, ?, ?, ?)
2022-12-10T15:44:06.936-05:00 DEBUG 63538 --- [    Test worker] org.hibernate.SQL                        : insert into store_item (added, bisabolol_percent, caryophyllene_percent, cbd_percent, humulene_percent, limonene_percent, linalool_percent, myrcene_percent, pinene_percent, price_dollars, store_id, strain, subspecies_id, terpinolene_percent, thc_percent, vendor, weight_grams) values (?, ?, ?, ?, ?, ?, ?, ?, ?, ?, ?, ?, ?, ?, ?, ?, ?)
2022-12-10T15:44:06.938-05:00 DEBUG 63538 --- [    Test worker] org.hibernate.SQL                        : insert into store_item (added, bisabolol_percent, caryophyllene_percent, cbd_percent, humulene_percent, limonene_percent, linalool_percent, myrcene_percent, pinene_percent, price_dollars, store_id, strain, subspecies_id, terpinolene_percent, thc_percent, vendor, weight_grams) values (?, ?, ?, ?, ?, ?, ?, ?, ?, ?, ?, ?, ?, ?, ?, ?, ?)
2022-12-10T15:44:06.939-05:00 DEBUG 63538 --- [    Test worker] org.hibernate.SQL                        : insert into store_item (added, bisabolol_percent, caryophyllene_percent, cbd_percent, humulene_percent, limonene_percent, linalool_percent, myrcene_percent, pinene_percent, price_dollars, store_id, strain, subspecies_id, terpinolene_percent, thc_percent, vendor, weight_grams) values (?, ?, ?, ?, ?, ?, ?, ?, ?, ?, ?, ?, ?, ?, ?, ?, ?)
2022-12-10T15:44:06.941-05:00 DEBUG 63538 --- [    Test worker] org.hibernate.SQL                        : insert into store_item (added, bisabolol_percent, caryophyllene_percent, cbd_percent, humulene_percent, limonene_percent, linalool_percent, myrcene_percent, pinene_percent, price_dollars, store_id, strain, subspecies_id, terpinolene_percent, thc_percent, vendor, weight_grams) values (?, ?, ?, ?, ?, ?, ?, ?, ?, ?, ?, ?, ?, ?, ?, ?, ?)
2022-12-10T15:44:06.942-05:00 DEBUG 63538 --- [    Test worker] org.hibernate.SQL                        : insert into store_item (added, bisabolol_percent, caryophyllene_percent, cbd_percent, humulene_percent, limonene_percent, linalool_percent, myrcene_percent, pinene_percent, price_dollars, store_id, strain, subspecies_id, terpinolene_percent, thc_percent, vendor, weight_grams) values (?, ?, ?, ?, ?, ?, ?, ?, ?, ?, ?, ?, ?, ?, ?, ?, ?)
2022-12-10T15:44:06.944-05:00 DEBUG 63538 --- [    Test worker] org.hibernate.SQL                        : insert into store_item (added, bisabolol_percent, caryophyllene_percent, cbd_percent, humulene_percent, limonene_percent, linalool_percent, myrcene_percent, pinene_percent, price_dollars, store_id, strain, subspecies_id, terpinolene_percent, thc_percent, vendor, weight_grams) values (?, ?, ?, ?, ?, ?, ?, ?, ?, ?, ?, ?, ?, ?, ?, ?, ?)
2022-12-10T15:44:06.946-05:00 DEBUG 63538 --- [    Test worker] org.hibernate.SQL                        : insert into store_item (added, bisabolol_percent, caryophyllene_percent, cbd_percent, humulene_percent, limonene_percent, linalool_percent, myrcene_percent, pinene_percent, price_dollars, store_id, strain, subspecies_id, terpinolene_percent, thc_percent, vendor, weight_grams) values (?, ?, ?, ?, ?, ?, ?, ?, ?, ?, ?, ?, ?, ?, ?, ?, ?)
2022-12-10T15:44:06.948-05:00 DEBUG 63538 --- [    Test worker] org.hibernate.SQL                        : insert into store_item (added, bisabolol_percent, caryophyllene_percent, cbd_percent, humulene_percent, limonene_percent, linalool_percent, myrcene_percent, pinene_percent, price_dollars, store_id, strain, subspecies_id, terpinolene_percent, thc_percent, vendor, weight_grams) values (?, ?, ?, ?, ?, ?, ?, ?, ?, ?, ?, ?, ?, ?, ?, ?, ?)
2022-12-10T15:44:06.949-05:00 DEBUG 63538 --- [    Test worker] org.hibernate.SQL                        : insert into store_item (added, bisabolol_percent, caryophyllene_percent, cbd_percent, humulene_percent, limonene_percent, linalool_percent, myrcene_percent, pinene_percent, price_dollars, store_id, strain, subspecies_id, terpinolene_percent, thc_percent, vendor, weight_grams) values (?, ?, ?, ?, ?, ?, ?, ?, ?, ?, ?, ?, ?, ?, ?, ?, ?)
2022-12-10T15:44:06.951-05:00 DEBUG 63538 --- [    Test worker] org.hibernate.SQL                        : insert into store_item (added, bisabolol_percent, caryophyllene_percent, cbd_percent, humulene_percent, limonene_percent, linalool_percent, myrcene_percent, pinene_percent, price_dollars, store_id, strain, subspecies_id, terpinolene_percent, thc_percent, vendor, weight_grams) values (?, ?, ?, ?, ?, ?, ?, ?, ?, ?, ?, ?, ?, ?, ?, ?, ?)
2022-12-10T15:44:06.953-05:00 DEBUG 63538 --- [    Test worker] org.hibernate.SQL                        : insert into store_item (added, bisabolol_percent, caryophyllene_percent, cbd_percent, humulene_percent, limonene_percent, linalool_percent, myrcene_percent, pinene_percent, price_dollars, store_id, strain, subspecies_id, terpinolene_percent, thc_percent, vendor, weight_grams) values (?, ?, ?, ?, ?, ?, ?, ?, ?, ?, ?, ?, ?, ?, ?, ?, ?)
2022-12-10T15:44:06.954-05:00 DEBUG 63538 --- [    Test worker] org.hibernate.SQL                        : insert into store_item (added, bisabolol_percent, caryophyllene_percent, cbd_percent, humulene_percent, limonene_percent, linalool_percent, myrcene_percent, pinene_percent, price_dollars, store_id, strain, subspecies_id, terpinolene_percent, thc_percent, vendor, weight_grams) values (?, ?, ?, ?, ?, ?, ?, ?, ?, ?, ?, ?, ?, ?, ?, ?, ?)
2022-12-10T15:44:06.956-05:00 DEBUG 63538 --- [    Test worker] org.hibernate.SQL                        : insert into store_item (added, bisabolol_percent, caryophyllene_percent, cbd_percent, humulene_percent, limonene_percent, linalool_percent, myrcene_percent, pinene_percent, price_dollars, store_id, strain, subspecies_id, terpinolene_percent, thc_percent, vendor, weight_grams) values (?, ?, ?, ?, ?, ?, ?, ?, ?, ?, ?, ?, ?, ?, ?, ?, ?)
2022-12-10T15:44:06.958-05:00 DEBUG 63538 --- [    Test worker] org.hibernate.SQL                        : insert into store_item (added, bisabolol_percent, caryophyllene_percent, cbd_percent, humulene_percent, limonene_percent, linalool_percent, myrcene_percent, pinene_percent, price_dollars, store_id, strain, subspecies_id, terpinolene_percent, thc_percent, vendor, weight_grams) values (?, ?, ?, ?, ?, ?, ?, ?, ?, ?, ?, ?, ?, ?, ?, ?, ?)
2022-12-10T15:44:06.959-05:00 DEBUG 63538 --- [    Test worker] org.hibernate.SQL                        : insert into store_item (added, bisabolol_percent, caryophyllene_percent, cbd_percent, humulene_percent, limonene_percent, linalool_percent, myrcene_percent, pinene_percent, price_dollars, store_id, strain, subspecies_id, terpinolene_percent, thc_percent, vendor, weight_grams) values (?, ?, ?, ?, ?, ?, ?, ?, ?, ?, ?, ?, ?, ?, ?, ?, ?)
2022-12-10T15:44:06.961-05:00 DEBUG 63538 --- [    Test worker] org.hibernate.SQL                        : insert into store_item (added, bisabolol_percent, caryophyllene_percent, cbd_percent, humulene_percent, limonene_percent, linalool_percent, myrcene_percent, pinene_percent, price_dollars, store_id, strain, subspecies_id, terpinolene_percent, thc_percent, vendor, weight_grams) values (?, ?, ?, ?, ?, ?, ?, ?, ?, ?, ?, ?, ?, ?, ?, ?, ?)
2022-12-10T15:44:06.962-05:00 DEBUG 63538 --- [    Test worker] org.hibernate.SQL                        : insert into store_item (added, bisabolol_percent, caryophyllene_percent, cbd_percent, humulene_percent, limonene_percent, linalool_percent, myrcene_percent, pinene_percent, price_dollars, store_id, strain, subspecies_id, terpinolene_percent, thc_percent, vendor, weight_grams) values (?, ?, ?, ?, ?, ?, ?, ?, ?, ?, ?, ?, ?, ?, ?, ?, ?)
2022-12-10T15:44:06.971-05:00 DEBUG 63538 --- [    Test worker] org.hibernate.SQL                        : insert into store_item (added, bisabolol_percent, caryophyllene_percent, cbd_percent, humulene_percent, limonene_percent, linalool_percent, myrcene_percent, pinene_percent, price_dollars, store_id, strain, subspecies_id, terpinolene_percent, thc_percent, vendor, weight_grams) values (?, ?, ?, ?, ?, ?, ?, ?, ?, ?, ?, ?, ?, ?, ?, ?, ?)
2022-12-10T15:44:06.973-05:00 DEBUG 63538 --- [    Test worker] org.hibernate.SQL                        : insert into store_item (added, bisabolol_percent, caryophyllene_percent, cbd_percent, humulene_percent, limonene_percent, linalool_percent, myrcene_percent, pinene_percent, price_dollars, store_id, strain, subspecies_id, terpinolene_percent, thc_percent, vendor, weight_grams) values (?, ?, ?, ?, ?, ?, ?, ?, ?, ?, ?, ?, ?, ?, ?, ?, ?)
2022-12-10T15:44:06.974-05:00 DEBUG 63538 --- [    Test worker] org.hibernate.SQL                        : insert into store_item (added, bisabolol_percent, caryophyllene_percent, cbd_percent, humulene_percent, limonene_percent, linalool_percent, myrcene_percent, pinene_percent, price_dollars, store_id, strain, subspecies_id, terpinolene_percent, thc_percent, vendor, weight_grams) values (?, ?, ?, ?, ?, ?, ?, ?, ?, ?, ?, ?, ?, ?, ?, ?, ?)
2022-12-10T15:44:06.976-05:00 DEBUG 63538 --- [    Test worker] org.hibernate.SQL                        : insert into store_item (added, bisabolol_percent, caryophyllene_percent, cbd_percent, humulene_percent, limonene_percent, linalool_percent, myrcene_percent, pinene_percent, price_dollars, store_id, strain, subspecies_id, terpinolene_percent, thc_percent, vendor, weight_grams) values (?, ?, ?, ?, ?, ?, ?, ?, ?, ?, ?, ?, ?, ?, ?, ?, ?)
2022-12-10T15:44:06.978-05:00 DEBUG 63538 --- [    Test worker] org.hibernate.SQL                        : insert into store_item (added, bisabolol_percent, caryophyllene_percent, cbd_percent, humulene_percent, limonene_percent, linalool_percent, myrcene_percent, pinene_percent, price_dollars, store_id, strain, subspecies_id, terpinolene_percent, thc_percent, vendor, weight_grams) values (?, ?, ?, ?, ?, ?, ?, ?, ?, ?, ?, ?, ?, ?, ?, ?, ?)
2022-12-10T15:44:06.979-05:00 DEBUG 63538 --- [    Test worker] org.hibernate.SQL                        : insert into store_item (added, bisabolol_percent, caryophyllene_percent, cbd_percent, humulene_percent, limonene_percent, linalool_percent, myrcene_percent, pinene_percent, price_dollars, store_id, strain, subspecies_id, terpinolene_percent, thc_percent, vendor, weight_grams) values (?, ?, ?, ?, ?, ?, ?, ?, ?, ?, ?, ?, ?, ?, ?, ?, ?)
2022-12-10T15:44:06.981-05:00 DEBUG 63538 --- [    Test worker] org.hibernate.SQL                        : insert into store_item (added, bisabolol_percent, caryophyllene_percent, cbd_percent, humulene_percent, limonene_percent, linalool_percent, myrcene_percent, pinene_percent, price_dollars, store_id, strain, subspecies_id, terpinolene_percent, thc_percent, vendor, weight_grams) values (?, ?, ?, ?, ?, ?, ?, ?, ?, ?, ?, ?, ?, ?, ?, ?, ?)
2022-12-10T15:44:06.982-05:00 DEBUG 63538 --- [    Test worker] org.hibernate.SQL                        : insert into store_item (added, bisabolol_percent, caryophyllene_percent, cbd_percent, humulene_percent, limonene_percent, linalool_percent, myrcene_percent, pinene_percent, price_dollars, store_id, strain, subspecies_id, terpinolene_percent, thc_percent, vendor, weight_grams) values (?, ?, ?, ?, ?, ?, ?, ?, ?, ?, ?, ?, ?, ?, ?, ?, ?)
2022-12-10T15:44:06.984-05:00 DEBUG 63538 --- [    Test worker] org.hibernate.SQL                        : insert into store_item (added, bisabolol_percent, caryophyllene_percent, cbd_percent, humulene_percent, limonene_percent, linalool_percent, myrcene_percent, pinene_percent, price_dollars, store_id, strain, subspecies_id, terpinolene_percent, thc_percent, vendor, weight_grams) values (?, ?, ?, ?, ?, ?, ?, ?, ?, ?, ?, ?, ?, ?, ?, ?, ?)
2022-12-10T15:44:06.986-05:00 DEBUG 63538 --- [    Test worker] org.hibernate.SQL                        : insert into store_item (added, bisabolol_percent, caryophyllene_percent, cbd_percent, humulene_percent, limonene_percent, linalool_percent, myrcene_percent, pinene_percent, price_dollars, store_id, strain, subspecies_id, terpinolene_percent, thc_percent, vendor, weight_grams) values (?, ?, ?, ?, ?, ?, ?, ?, ?, ?, ?, ?, ?, ?, ?, ?, ?)
2022-12-10T15:44:06.987-05:00 DEBUG 63538 --- [    Test worker] org.hibernate.SQL                        : insert into store_item (added, bisabolol_percent, caryophyllene_percent, cbd_percent, humulene_percent, limonene_percent, linalool_percent, myrcene_percent, pinene_percent, price_dollars, store_id, strain, subspecies_id, terpinolene_percent, thc_percent, vendor, weight_grams) values (?, ?, ?, ?, ?, ?, ?, ?, ?, ?, ?, ?, ?, ?, ?, ?, ?)
2022-12-10T15:44:06.989-05:00 DEBUG 63538 --- [    Test worker] org.hibernate.SQL                        : insert into store_item (added, bisabolol_percent, caryophyllene_percent, cbd_percent, humulene_percent, limonene_percent, linalool_percent, myrcene_percent, pinene_percent, price_dollars, store_id, strain, subspecies_id, terpinolene_percent, thc_percent, vendor, weight_grams) values (?, ?, ?, ?, ?, ?, ?, ?, ?, ?, ?, ?, ?, ?, ?, ?, ?)
2022-12-10T15:44:06.991-05:00 DEBUG 63538 --- [    Test worker] org.hibernate.SQL                        : insert into store_item (added, bisabolol_percent, caryophyllene_percent, cbd_percent, humulene_percent, limonene_percent, linalool_percent, myrcene_percent, pinene_percent, price_dollars, store_id, strain, subspecies_id, terpinolene_percent, thc_percent, vendor, weight_grams) values (?, ?, ?, ?, ?, ?, ?, ?, ?, ?, ?, ?, ?, ?, ?, ?, ?)
2022-12-10T15:44:06.992-05:00 DEBUG 63538 --- [    Test worker] org.hibernate.SQL                        : insert into store_item (added, bisabolol_percent, caryophyllene_percent, cbd_percent, humulene_percent, limonene_percent, linalool_percent, myrcene_percent, pinene_percent, price_dollars, store_id, strain, subspecies_id, terpinolene_percent, thc_percent, vendor, weight_grams) values (?, ?, ?, ?, ?, ?, ?, ?, ?, ?, ?, ?, ?, ?, ?, ?, ?)
2022-12-10T15:44:06.994-05:00 DEBUG 63538 --- [    Test worker] org.hibernate.SQL                        : insert into store_item (added, bisabolol_percent, caryophyllene_percent, cbd_percent, humulene_percent, limonene_percent, linalool_percent, myrcene_percent, pinene_percent, price_dollars, store_id, strain, subspecies_id, terpinolene_percent, thc_percent, vendor, weight_grams) values (?, ?, ?, ?, ?, ?, ?, ?, ?, ?, ?, ?, ?, ?, ?, ?, ?)
2022-12-10T15:44:06.995-05:00 DEBUG 63538 --- [    Test worker] org.hibernate.SQL                        : insert into store_item (added, bisabolol_percent, caryophyllene_percent, cbd_percent, humulene_percent, limonene_percent, linalool_percent, myrcene_percent, pinene_percent, price_dollars, store_id, strain, subspecies_id, terpinolene_percent, thc_percent, vendor, weight_grams) values (?, ?, ?, ?, ?, ?, ?, ?, ?, ?, ?, ?, ?, ?, ?, ?, ?)
2022-12-10T15:44:06.997-05:00 DEBUG 63538 --- [    Test worker] org.hibernate.SQL                        : insert into store_item (added, bisabolol_percent, caryophyllene_percent, cbd_percent, humulene_percent, limonene_percent, linalool_percent, myrcene_percent, pinene_percent, price_dollars, store_id, strain, subspecies_id, terpinolene_percent, thc_percent, vendor, weight_grams) values (?, ?, ?, ?, ?, ?, ?, ?, ?, ?, ?, ?, ?, ?, ?, ?, ?)
2022-12-10T15:44:06.999-05:00 DEBUG 63538 --- [    Test worker] org.hibernate.SQL                        : insert into store_item (added, bisabolol_percent, caryophyllene_percent, cbd_percent, humulene_percent, limonene_percent, linalool_percent, myrcene_percent, pinene_percent, price_dollars, store_id, strain, subspecies_id, terpinolene_percent, thc_percent, vendor, weight_grams) values (?, ?, ?, ?, ?, ?, ?, ?, ?, ?, ?, ?, ?, ?, ?, ?, ?)
2022-12-10T15:44:07.000-05:00 DEBUG 63538 --- [    Test worker] org.hibernate.SQL                        : insert into store_item (added, bisabolol_percent, caryophyllene_percent, cbd_percent, humulene_percent, limonene_percent, linalool_percent, myrcene_percent, pinene_percent, price_dollars, store_id, strain, subspecies_id, terpinolene_percent, thc_percent, vendor, weight_grams) values (?, ?, ?, ?, ?, ?, ?, ?, ?, ?, ?, ?, ?, ?, ?, ?, ?)
2022-12-10T15:44:07.002-05:00 DEBUG 63538 --- [    Test worker] org.hibernate.SQL                        : insert into store_item (added, bisabolol_percent, caryophyllene_percent, cbd_percent, humulene_percent, limonene_percent, linalool_percent, myrcene_percent, pinene_percent, price_dollars, store_id, strain, subspecies_id, terpinolene_percent, thc_percent, vendor, weight_grams) values (?, ?, ?, ?, ?, ?, ?, ?, ?, ?, ?, ?, ?, ?, ?, ?, ?)
2022-12-10T15:44:07.003-05:00 DEBUG 63538 --- [    Test worker] org.hibernate.SQL                        : insert into store_item (added, bisabolol_percent, caryophyllene_percent, cbd_percent, humulene_percent, limonene_percent, linalool_percent, myrcene_percent, pinene_percent, price_dollars, store_id, strain, subspecies_id, terpinolene_percent, thc_percent, vendor, weight_grams) values (?, ?, ?, ?, ?, ?, ?, ?, ?, ?, ?, ?, ?, ?, ?, ?, ?)
2022-12-10T15:44:07.005-05:00 DEBUG 63538 --- [    Test worker] org.hibernate.SQL                        : insert into store_item (added, bisabolol_percent, caryophyllene_percent, cbd_percent, humulene_percent, limonene_percent, linalool_percent, myrcene_percent, pinene_percent, price_dollars, store_id, strain, subspecies_id, terpinolene_percent, thc_percent, vendor, weight_grams) values (?, ?, ?, ?, ?, ?, ?, ?, ?, ?, ?, ?, ?, ?, ?, ?, ?)
2022-12-10T15:44:07.006-05:00 DEBUG 63538 --- [    Test worker] org.hibernate.SQL                        : insert into store_item (added, bisabolol_percent, caryophyllene_percent, cbd_percent, humulene_percent, limonene_percent, linalool_percent, myrcene_percent, pinene_percent, price_dollars, store_id, strain, subspecies_id, terpinolene_percent, thc_percent, vendor, weight_grams) values (?, ?, ?, ?, ?, ?, ?, ?, ?, ?, ?, ?, ?, ?, ?, ?, ?)
2022-12-10T15:44:07.008-05:00 DEBUG 63538 --- [    Test worker] org.hibernate.SQL                        : insert into store_item (added, bisabolol_percent, caryophyllene_percent, cbd_percent, humulene_percent, limonene_percent, linalool_percent, myrcene_percent, pinene_percent, price_dollars, store_id, strain, subspecies_id, terpinolene_percent, thc_percent, vendor, weight_grams) values (?, ?, ?, ?, ?, ?, ?, ?, ?, ?, ?, ?, ?, ?, ?, ?, ?)
2022-12-10T15:44:07.010-05:00 DEBUG 63538 --- [    Test worker] org.hibernate.SQL                        : insert into store_item (added, bisabolol_percent, caryophyllene_percent, cbd_percent, humulene_percent, limonene_percent, linalool_percent, myrcene_percent, pinene_percent, price_dollars, store_id, strain, subspecies_id, terpinolene_percent, thc_percent, vendor, weight_grams) values (?, ?, ?, ?, ?, ?, ?, ?, ?, ?, ?, ?, ?, ?, ?, ?, ?)
2022-12-10T15:44:07.012-05:00 DEBUG 63538 --- [    Test worker] org.hibernate.SQL                        : insert into store_item (added, bisabolol_percent, caryophyllene_percent, cbd_percent, humulene_percent, limonene_percent, linalool_percent, myrcene_percent, pinene_percent, price_dollars, store_id, strain, subspecies_id, terpinolene_percent, thc_percent, vendor, weight_grams) values (?, ?, ?, ?, ?, ?, ?, ?, ?, ?, ?, ?, ?, ?, ?, ?, ?)
2022-12-10T15:44:07.015-05:00 DEBUG 63538 --- [    Test worker] org.hibernate.SQL                        : insert into store_item (added, bisabolol_percent, caryophyllene_percent, cbd_percent, humulene_percent, limonene_percent, linalool_percent, myrcene_percent, pinene_percent, price_dollars, store_id, strain, subspecies_id, terpinolene_percent, thc_percent, vendor, weight_grams) values (?, ?, ?, ?, ?, ?, ?, ?, ?, ?, ?, ?, ?, ?, ?, ?, ?)
2022-12-10T15:44:07.016-05:00 DEBUG 63538 --- [    Test worker] org.hibernate.SQL                        : insert into store_item (added, bisabolol_percent, caryophyllene_percent, cbd_percent, humulene_percent, limonene_percent, linalool_percent, myrcene_percent, pinene_percent, price_dollars, store_id, strain, subspecies_id, terpinolene_percent, thc_percent, vendor, weight_grams) values (?, ?, ?, ?, ?, ?, ?, ?, ?, ?, ?, ?, ?, ?, ?, ?, ?)
2022-12-10T15:44:07.018-05:00 DEBUG 63538 --- [    Test worker] org.hibernate.SQL                        : insert into store_item (added, bisabolol_percent, caryophyllene_percent, cbd_percent, humulene_percent, limonene_percent, linalool_percent, myrcene_percent, pinene_percent, price_dollars, store_id, strain, subspecies_id, terpinolene_percent, thc_percent, vendor, weight_grams) values (?, ?, ?, ?, ?, ?, ?, ?, ?, ?, ?, ?, ?, ?, ?, ?, ?)
2022-12-10T15:44:07.020-05:00 DEBUG 63538 --- [    Test worker] org.hibernate.SQL                        : insert into store_item (added, bisabolol_percent, caryophyllene_percent, cbd_percent, humulene_percent, limonene_percent, linalool_percent, myrcene_percent, pinene_percent, price_dollars, store_id, strain, subspecies_id, terpinolene_percent, thc_percent, vendor, weight_grams) values (?, ?, ?, ?, ?, ?, ?, ?, ?, ?, ?, ?, ?, ?, ?, ?, ?)
2022-12-10T15:44:07.021-05:00 DEBUG 63538 --- [    Test worker] org.hibernate.SQL                        : insert into store_item (added, bisabolol_percent, caryophyllene_percent, cbd_percent, humulene_percent, limonene_percent, linalool_percent, myrcene_percent, pinene_percent, price_dollars, store_id, strain, subspecies_id, terpinolene_percent, thc_percent, vendor, weight_grams) values (?, ?, ?, ?, ?, ?, ?, ?, ?, ?, ?, ?, ?, ?, ?, ?, ?)
2022-12-10T15:44:07.023-05:00 DEBUG 63538 --- [    Test worker] org.hibernate.SQL                        : insert into store_item (added, bisabolol_percent, caryophyllene_percent, cbd_percent, humulene_percent, limonene_percent, linalool_percent, myrcene_percent, pinene_percent, price_dollars, store_id, strain, subspecies_id, terpinolene_percent, thc_percent, vendor, weight_grams) values (?, ?, ?, ?, ?, ?, ?, ?, ?, ?, ?, ?, ?, ?, ?, ?, ?)
2022-12-10T15:44:07.024-05:00 DEBUG 63538 --- [    Test worker] org.hibernate.SQL                        : insert into store_item (added, bisabolol_percent, caryophyllene_percent, cbd_percent, humulene_percent, limonene_percent, linalool_percent, myrcene_percent, pinene_percent, price_dollars, store_id, strain, subspecies_id, terpinolene_percent, thc_percent, vendor, weight_grams) values (?, ?, ?, ?, ?, ?, ?, ?, ?, ?, ?, ?, ?, ?, ?, ?, ?)
2022-12-10T15:44:07.026-05:00 DEBUG 63538 --- [    Test worker] org.hibernate.SQL                        : insert into store_item (added, bisabolol_percent, caryophyllene_percent, cbd_percent, humulene_percent, limonene_percent, linalool_percent, myrcene_percent, pinene_percent, price_dollars, store_id, strain, subspecies_id, terpinolene_percent, thc_percent, vendor, weight_grams) values (?, ?, ?, ?, ?, ?, ?, ?, ?, ?, ?, ?, ?, ?, ?, ?, ?)
2022-12-10T15:44:07.027-05:00 DEBUG 63538 --- [    Test worker] org.hibernate.SQL                        : insert into store_item (added, bisabolol_percent, caryophyllene_percent, cbd_percent, humulene_percent, limonene_percent, linalool_percent, myrcene_percent, pinene_percent, price_dollars, store_id, strain, subspecies_id, terpinolene_percent, thc_percent, vendor, weight_grams) values (?, ?, ?, ?, ?, ?, ?, ?, ?, ?, ?, ?, ?, ?, ?, ?, ?)
2022-12-10T15:44:07.029-05:00 DEBUG 63538 --- [    Test worker] org.hibernate.SQL                        : insert into store_item (added, bisabolol_percent, caryophyllene_percent, cbd_percent, humulene_percent, limonene_percent, linalool_percent, myrcene_percent, pinene_percent, price_dollars, store_id, strain, subspecies_id, terpinolene_percent, thc_percent, vendor, weight_grams) values (?, ?, ?, ?, ?, ?, ?, ?, ?, ?, ?, ?, ?, ?, ?, ?, ?)
2022-12-10T15:44:07.031-05:00 DEBUG 63538 --- [    Test worker] org.hibernate.SQL                        : insert into store_item (added, bisabolol_percent, caryophyllene_percent, cbd_percent, humulene_percent, limonene_percent, linalool_percent, myrcene_percent, pinene_percent, price_dollars, store_id, strain, subspecies_id, terpinolene_percent, thc_percent, vendor, weight_grams) values (?, ?, ?, ?, ?, ?, ?, ?, ?, ?, ?, ?, ?, ?, ?, ?, ?)
2022-12-10T15:44:07.032-05:00 DEBUG 63538 --- [    Test worker] org.hibernate.SQL                        : insert into store_item (added, bisabolol_percent, caryophyllene_percent, cbd_percent, humulene_percent, limonene_percent, linalool_percent, myrcene_percent, pinene_percent, price_dollars, store_id, strain, subspecies_id, terpinolene_percent, thc_percent, vendor, weight_grams) values (?, ?, ?, ?, ?, ?, ?, ?, ?, ?, ?, ?, ?, ?, ?, ?, ?)
2022-12-10T15:44:07.034-05:00 DEBUG 63538 --- [    Test worker] org.hibernate.SQL                        : insert into store_item (added, bisabolol_percent, caryophyllene_percent, cbd_percent, humulene_percent, limonene_percent, linalool_percent, myrcene_percent, pinene_percent, price_dollars, store_id, strain, subspecies_id, terpinolene_percent, thc_percent, vendor, weight_grams) values (?, ?, ?, ?, ?, ?, ?, ?, ?, ?, ?, ?, ?, ?, ?, ?, ?)
2022-12-10T15:44:07.036-05:00 DEBUG 63538 --- [    Test worker] org.hibernate.SQL                        : insert into store_item (added, bisabolol_percent, caryophyllene_percent, cbd_percent, humulene_percent, limonene_percent, linalool_percent, myrcene_percent, pinene_percent, price_dollars, store_id, strain, subspecies_id, terpinolene_percent, thc_percent, vendor, weight_grams) values (?, ?, ?, ?, ?, ?, ?, ?, ?, ?, ?, ?, ?, ?, ?, ?, ?)
2022-12-10T15:44:07.038-05:00 DEBUG 63538 --- [    Test worker] org.hibernate.SQL                        : insert into store_item (added, bisabolol_percent, caryophyllene_percent, cbd_percent, humulene_percent, limonene_percent, linalool_percent, myrcene_percent, pinene_percent, price_dollars, store_id, strain, subspecies_id, terpinolene_percent, thc_percent, vendor, weight_grams) values (?, ?, ?, ?, ?, ?, ?, ?, ?, ?, ?, ?, ?, ?, ?, ?, ?)
2022-12-10T15:44:07.039-05:00 DEBUG 63538 --- [    Test worker] org.hibernate.SQL                        : insert into store_item (added, bisabolol_percent, caryophyllene_percent, cbd_percent, humulene_percent, limonene_percent, linalool_percent, myrcene_percent, pinene_percent, price_dollars, store_id, strain, subspecies_id, terpinolene_percent, thc_percent, vendor, weight_grams) values (?, ?, ?, ?, ?, ?, ?, ?, ?, ?, ?, ?, ?, ?, ?, ?, ?)
2022-12-10T15:44:07.041-05:00 DEBUG 63538 --- [    Test worker] org.hibernate.SQL                        : insert into store_item (added, bisabolol_percent, caryophyllene_percent, cbd_percent, humulene_percent, limonene_percent, linalool_percent, myrcene_percent, pinene_percent, price_dollars, store_id, strain, subspecies_id, terpinolene_percent, thc_percent, vendor, weight_grams) values (?, ?, ?, ?, ?, ?, ?, ?, ?, ?, ?, ?, ?, ?, ?, ?, ?)
2022-12-10T15:44:07.042-05:00 DEBUG 63538 --- [    Test worker] org.hibernate.SQL                        : insert into store_item (added, bisabolol_percent, caryophyllene_percent, cbd_percent, humulene_percent, limonene_percent, linalool_percent, myrcene_percent, pinene_percent, price_dollars, store_id, strain, subspecies_id, terpinolene_percent, thc_percent, vendor, weight_grams) values (?, ?, ?, ?, ?, ?, ?, ?, ?, ?, ?, ?, ?, ?, ?, ?, ?)
2022-12-10T15:44:07.043-05:00 DEBUG 63538 --- [    Test worker] org.hibernate.SQL                        : insert into store_item (added, bisabolol_percent, caryophyllene_percent, cbd_percent, humulene_percent, limonene_percent, linalool_percent, myrcene_percent, pinene_percent, price_dollars, store_id, strain, subspecies_id, terpinolene_percent, thc_percent, vendor, weight_grams) values (?, ?, ?, ?, ?, ?, ?, ?, ?, ?, ?, ?, ?, ?, ?, ?, ?)
2022-12-10T15:44:07.045-05:00 DEBUG 63538 --- [    Test worker] org.hibernate.SQL                        : insert into store_item (added, bisabolol_percent, caryophyllene_percent, cbd_percent, humulene_percent, limonene_percent, linalool_percent, myrcene_percent, pinene_percent, price_dollars, store_id, strain, subspecies_id, terpinolene_percent, thc_percent, vendor, weight_grams) values (?, ?, ?, ?, ?, ?, ?, ?, ?, ?, ?, ?, ?, ?, ?, ?, ?)
2022-12-10T15:44:07.046-05:00 DEBUG 63538 --- [    Test worker] org.hibernate.SQL                        : insert into store_item (added, bisabolol_percent, caryophyllene_percent, cbd_percent, humulene_percent, limonene_percent, linalool_percent, myrcene_percent, pinene_percent, price_dollars, store_id, strain, subspecies_id, terpinolene_percent, thc_percent, vendor, weight_grams) values (?, ?, ?, ?, ?, ?, ?, ?, ?, ?, ?, ?, ?, ?, ?, ?, ?)
2022-12-10T15:44:07.048-05:00 DEBUG 63538 --- [    Test worker] org.hibernate.SQL                        : insert into store_item (added, bisabolol_percent, caryophyllene_percent, cbd_percent, humulene_percent, limonene_percent, linalool_percent, myrcene_percent, pinene_percent, price_dollars, store_id, strain, subspecies_id, terpinolene_percent, thc_percent, vendor, weight_grams) values (?, ?, ?, ?, ?, ?, ?, ?, ?, ?, ?, ?, ?, ?, ?, ?, ?)
2022-12-10T15:44:07.050-05:00 DEBUG 63538 --- [    Test worker] org.hibernate.SQL                        : insert into store_item (added, bisabolol_percent, caryophyllene_percent, cbd_percent, humulene_percent, limonene_percent, linalool_percent, myrcene_percent, pinene_percent, price_dollars, store_id, strain, subspecies_id, terpinolene_percent, thc_percent, vendor, weight_grams) values (?, ?, ?, ?, ?, ?, ?, ?, ?, ?, ?, ?, ?, ?, ?, ?, ?)
2022-12-10T15:44:07.051-05:00 DEBUG 63538 --- [    Test worker] org.hibernate.SQL                        : insert into store_item (added, bisabolol_percent, caryophyllene_percent, cbd_percent, humulene_percent, limonene_percent, linalool_percent, myrcene_percent, pinene_percent, price_dollars, store_id, strain, subspecies_id, terpinolene_percent, thc_percent, vendor, weight_grams) values (?, ?, ?, ?, ?, ?, ?, ?, ?, ?, ?, ?, ?, ?, ?, ?, ?)
2022-12-10T15:44:07.053-05:00 DEBUG 63538 --- [    Test worker] org.hibernate.SQL                        : insert into store_item (added, bisabolol_percent, caryophyllene_percent, cbd_percent, humulene_percent, limonene_percent, linalool_percent, myrcene_percent, pinene_percent, price_dollars, store_id, strain, subspecies_id, terpinolene_percent, thc_percent, vendor, weight_grams) values (?, ?, ?, ?, ?, ?, ?, ?, ?, ?, ?, ?, ?, ?, ?, ?, ?)
2022-12-10T15:44:07.055-05:00 DEBUG 63538 --- [    Test worker] org.hibernate.SQL                        : insert into store_item (added, bisabolol_percent, caryophyllene_percent, cbd_percent, humulene_percent, limonene_percent, linalool_percent, myrcene_percent, pinene_percent, price_dollars, store_id, strain, subspecies_id, terpinolene_percent, thc_percent, vendor, weight_grams) values (?, ?, ?, ?, ?, ?, ?, ?, ?, ?, ?, ?, ?, ?, ?, ?, ?)
2022-12-10T15:44:07.056-05:00 DEBUG 63538 --- [    Test worker] org.hibernate.SQL                        : insert into store_item (added, bisabolol_percent, caryophyllene_percent, cbd_percent, humulene_percent, limonene_percent, linalool_percent, myrcene_percent, pinene_percent, price_dollars, store_id, strain, subspecies_id, terpinolene_percent, thc_percent, vendor, weight_grams) values (?, ?, ?, ?, ?, ?, ?, ?, ?, ?, ?, ?, ?, ?, ?, ?, ?)
2022-12-10T15:44:07.058-05:00 DEBUG 63538 --- [    Test worker] org.hibernate.SQL                        : insert into store_item (added, bisabolol_percent, caryophyllene_percent, cbd_percent, humulene_percent, limonene_percent, linalool_percent, myrcene_percent, pinene_percent, price_dollars, store_id, strain, subspecies_id, terpinolene_percent, thc_percent, vendor, weight_grams) values (?, ?, ?, ?, ?, ?, ?, ?, ?, ?, ?, ?, ?, ?, ?, ?, ?)
2022-12-10T15:44:07.060-05:00 DEBUG 63538 --- [    Test worker] org.hibernate.SQL                        : insert into store_item (added, bisabolol_percent, caryophyllene_percent, cbd_percent, humulene_percent, limonene_percent, linalool_percent, myrcene_percent, pinene_percent, price_dollars, store_id, strain, subspecies_id, terpinolene_percent, thc_percent, vendor, weight_grams) values (?, ?, ?, ?, ?, ?, ?, ?, ?, ?, ?, ?, ?, ?, ?, ?, ?)
2022-12-10T15:44:07.062-05:00 DEBUG 63538 --- [    Test worker] org.hibernate.SQL                        : insert into store_item (added, bisabolol_percent, caryophyllene_percent, cbd_percent, humulene_percent, limonene_percent, linalool_percent, myrcene_percent, pinene_percent, price_dollars, store_id, strain, subspecies_id, terpinolene_percent, thc_percent, vendor, weight_grams) values (?, ?, ?, ?, ?, ?, ?, ?, ?, ?, ?, ?, ?, ?, ?, ?, ?)
2022-12-10T15:44:07.063-05:00 DEBUG 63538 --- [    Test worker] org.hibernate.SQL                        : insert into store_item (added, bisabolol_percent, caryophyllene_percent, cbd_percent, humulene_percent, limonene_percent, linalool_percent, myrcene_percent, pinene_percent, price_dollars, store_id, strain, subspecies_id, terpinolene_percent, thc_percent, vendor, weight_grams) values (?, ?, ?, ?, ?, ?, ?, ?, ?, ?, ?, ?, ?, ?, ?, ?, ?)
2022-12-10T15:44:07.065-05:00 DEBUG 63538 --- [    Test worker] org.hibernate.SQL                        : insert into store_item (added, bisabolol_percent, caryophyllene_percent, cbd_percent, humulene_percent, limonene_percent, linalool_percent, myrcene_percent, pinene_percent, price_dollars, store_id, strain, subspecies_id, terpinolene_percent, thc_percent, vendor, weight_grams) values (?, ?, ?, ?, ?, ?, ?, ?, ?, ?, ?, ?, ?, ?, ?, ?, ?)
2022-12-10T15:44:07.067-05:00 DEBUG 63538 --- [    Test worker] org.hibernate.SQL                        : insert into store_item (added, bisabolol_percent, caryophyllene_percent, cbd_percent, humulene_percent, limonene_percent, linalool_percent, myrcene_percent, pinene_percent, price_dollars, store_id, strain, subspecies_id, terpinolene_percent, thc_percent, vendor, weight_grams) values (?, ?, ?, ?, ?, ?, ?, ?, ?, ?, ?, ?, ?, ?, ?, ?, ?)
2022-12-10T15:44:07.069-05:00 DEBUG 63538 --- [    Test worker] org.hibernate.SQL                        : insert into store_item (added, bisabolol_percent, caryophyllene_percent, cbd_percent, humulene_percent, limonene_percent, linalool_percent, myrcene_percent, pinene_percent, price_dollars, store_id, strain, subspecies_id, terpinolene_percent, thc_percent, vendor, weight_grams) values (?, ?, ?, ?, ?, ?, ?, ?, ?, ?, ?, ?, ?, ?, ?, ?, ?)
2022-12-10T15:44:07.070-05:00 DEBUG 63538 --- [    Test worker] org.hibernate.SQL                        : insert into store_item (added, bisabolol_percent, caryophyllene_percent, cbd_percent, humulene_percent, limonene_percent, linalool_percent, myrcene_percent, pinene_percent, price_dollars, store_id, strain, subspecies_id, terpinolene_percent, thc_percent, vendor, weight_grams) values (?, ?, ?, ?, ?, ?, ?, ?, ?, ?, ?, ?, ?, ?, ?, ?, ?)
2022-12-10T15:44:07.072-05:00 DEBUG 63538 --- [    Test worker] org.hibernate.SQL                        : insert into store_item (added, bisabolol_percent, caryophyllene_percent, cbd_percent, humulene_percent, limonene_percent, linalool_percent, myrcene_percent, pinene_percent, price_dollars, store_id, strain, subspecies_id, terpinolene_percent, thc_percent, vendor, weight_grams) values (?, ?, ?, ?, ?, ?, ?, ?, ?, ?, ?, ?, ?, ?, ?, ?, ?)
2022-12-10T15:44:07.074-05:00 DEBUG 63538 --- [    Test worker] org.hibernate.SQL                        : insert into store_item (added, bisabolol_percent, caryophyllene_percent, cbd_percent, humulene_percent, limonene_percent, linalool_percent, myrcene_percent, pinene_percent, price_dollars, store_id, strain, subspecies_id, terpinolene_percent, thc_percent, vendor, weight_grams) values (?, ?, ?, ?, ?, ?, ?, ?, ?, ?, ?, ?, ?, ?, ?, ?, ?)
2022-12-10T15:44:07.076-05:00 DEBUG 63538 --- [    Test worker] org.hibernate.SQL                        : insert into store_item (added, bisabolol_percent, caryophyllene_percent, cbd_percent, humulene_percent, limonene_percent, linalool_percent, myrcene_percent, pinene_percent, price_dollars, store_id, strain, subspecies_id, terpinolene_percent, thc_percent, vendor, weight_grams) values (?, ?, ?, ?, ?, ?, ?, ?, ?, ?, ?, ?, ?, ?, ?, ?, ?)
2022-12-10T15:44:07.077-05:00 DEBUG 63538 --- [    Test worker] org.hibernate.SQL                        : insert into store_item (added, bisabolol_percent, caryophyllene_percent, cbd_percent, humulene_percent, limonene_percent, linalool_percent, myrcene_percent, pinene_percent, price_dollars, store_id, strain, subspecies_id, terpinolene_percent, thc_percent, vendor, weight_grams) values (?, ?, ?, ?, ?, ?, ?, ?, ?, ?, ?, ?, ?, ?, ?, ?, ?)
2022-12-10T15:44:07.078-05:00 DEBUG 63538 --- [    Test worker] org.hibernate.SQL                        : insert into store_item (added, bisabolol_percent, caryophyllene_percent, cbd_percent, humulene_percent, limonene_percent, linalool_percent, myrcene_percent, pinene_percent, price_dollars, store_id, strain, subspecies_id, terpinolene_percent, thc_percent, vendor, weight_grams) values (?, ?, ?, ?, ?, ?, ?, ?, ?, ?, ?, ?, ?, ?, ?, ?, ?)
2022-12-10T15:44:07.080-05:00 DEBUG 63538 --- [    Test worker] org.hibernate.SQL                        : insert into store_item (added, bisabolol_percent, caryophyllene_percent, cbd_percent, humulene_percent, limonene_percent, linalool_percent, myrcene_percent, pinene_percent, price_dollars, store_id, strain, subspecies_id, terpinolene_percent, thc_percent, vendor, weight_grams) values (?, ?, ?, ?, ?, ?, ?, ?, ?, ?, ?, ?, ?, ?, ?, ?, ?)
2022-12-10T15:44:07.081-05:00 DEBUG 63538 --- [    Test worker] org.hibernate.SQL                        : insert into store_item (added, bisabolol_percent, caryophyllene_percent, cbd_percent, humulene_percent, limonene_percent, linalool_percent, myrcene_percent, pinene_percent, price_dollars, store_id, strain, subspecies_id, terpinolene_percent, thc_percent, vendor, weight_grams) values (?, ?, ?, ?, ?, ?, ?, ?, ?, ?, ?, ?, ?, ?, ?, ?, ?)
2022-12-10T15:44:07.083-05:00 DEBUG 63538 --- [    Test worker] org.hibernate.SQL                        : insert into store_item (added, bisabolol_percent, caryophyllene_percent, cbd_percent, humulene_percent, limonene_percent, linalool_percent, myrcene_percent, pinene_percent, price_dollars, store_id, strain, subspecies_id, terpinolene_percent, thc_percent, vendor, weight_grams) values (?, ?, ?, ?, ?, ?, ?, ?, ?, ?, ?, ?, ?, ?, ?, ?, ?)
2022-12-10T15:44:07.084-05:00 DEBUG 63538 --- [    Test worker] org.hibernate.SQL                        : insert into store_item (added, bisabolol_percent, caryophyllene_percent, cbd_percent, humulene_percent, limonene_percent, linalool_percent, myrcene_percent, pinene_percent, price_dollars, store_id, strain, subspecies_id, terpinolene_percent, thc_percent, vendor, weight_grams) values (?, ?, ?, ?, ?, ?, ?, ?, ?, ?, ?, ?, ?, ?, ?, ?, ?)
2022-12-10T15:44:07.086-05:00 DEBUG 63538 --- [    Test worker] org.hibernate.SQL                        : insert into store_item (added, bisabolol_percent, caryophyllene_percent, cbd_percent, humulene_percent, limonene_percent, linalool_percent, myrcene_percent, pinene_percent, price_dollars, store_id, strain, subspecies_id, terpinolene_percent, thc_percent, vendor, weight_grams) values (?, ?, ?, ?, ?, ?, ?, ?, ?, ?, ?, ?, ?, ?, ?, ?, ?)
2022-12-10T15:44:07.087-05:00 DEBUG 63538 --- [    Test worker] org.hibernate.SQL                        : insert into store_item (added, bisabolol_percent, caryophyllene_percent, cbd_percent, humulene_percent, limonene_percent, linalool_percent, myrcene_percent, pinene_percent, price_dollars, store_id, strain, subspecies_id, terpinolene_percent, thc_percent, vendor, weight_grams) values (?, ?, ?, ?, ?, ?, ?, ?, ?, ?, ?, ?, ?, ?, ?, ?, ?)
2022-12-10T15:44:07.089-05:00 DEBUG 63538 --- [    Test worker] org.hibernate.SQL                        : insert into store_item (added, bisabolol_percent, caryophyllene_percent, cbd_percent, humulene_percent, limonene_percent, linalool_percent, myrcene_percent, pinene_percent, price_dollars, store_id, strain, subspecies_id, terpinolene_percent, thc_percent, vendor, weight_grams) values (?, ?, ?, ?, ?, ?, ?, ?, ?, ?, ?, ?, ?, ?, ?, ?, ?)
2022-12-10T15:44:07.091-05:00 DEBUG 63538 --- [    Test worker] org.hibernate.SQL                        : insert into store_item (added, bisabolol_percent, caryophyllene_percent, cbd_percent, humulene_percent, limonene_percent, linalool_percent, myrcene_percent, pinene_percent, price_dollars, store_id, strain, subspecies_id, terpinolene_percent, thc_percent, vendor, weight_grams) values (?, ?, ?, ?, ?, ?, ?, ?, ?, ?, ?, ?, ?, ?, ?, ?, ?)
2022-12-10T15:44:07.092-05:00 DEBUG 63538 --- [    Test worker] org.hibernate.SQL                        : insert into store_item (added, bisabolol_percent, caryophyllene_percent, cbd_percent, humulene_percent, limonene_percent, linalool_percent, myrcene_percent, pinene_percent, price_dollars, store_id, strain, subspecies_id, terpinolene_percent, thc_percent, vendor, weight_grams) values (?, ?, ?, ?, ?, ?, ?, ?, ?, ?, ?, ?, ?, ?, ?, ?, ?)
2022-12-10T15:44:07.093-05:00 DEBUG 63538 --- [    Test worker] org.hibernate.SQL                        : insert into store_item (added, bisabolol_percent, caryophyllene_percent, cbd_percent, humulene_percent, limonene_percent, linalool_percent, myrcene_percent, pinene_percent, price_dollars, store_id, strain, subspecies_id, terpinolene_percent, thc_percent, vendor, weight_grams) values (?, ?, ?, ?, ?, ?, ?, ?, ?, ?, ?, ?, ?, ?, ?, ?, ?)
2022-12-10T15:44:07.095-05:00 DEBUG 63538 --- [    Test worker] org.hibernate.SQL                        : insert into store_item (added, bisabolol_percent, caryophyllene_percent, cbd_percent, humulene_percent, limonene_percent, linalool_percent, myrcene_percent, pinene_percent, price_dollars, store_id, strain, subspecies_id, terpinolene_percent, thc_percent, vendor, weight_grams) values (?, ?, ?, ?, ?, ?, ?, ?, ?, ?, ?, ?, ?, ?, ?, ?, ?)
2022-12-10T15:44:07.097-05:00 DEBUG 63538 --- [    Test worker] org.hibernate.SQL                        : insert into store_item (added, bisabolol_percent, caryophyllene_percent, cbd_percent, humulene_percent, limonene_percent, linalool_percent, myrcene_percent, pinene_percent, price_dollars, store_id, strain, subspecies_id, terpinolene_percent, thc_percent, vendor, weight_grams) values (?, ?, ?, ?, ?, ?, ?, ?, ?, ?, ?, ?, ?, ?, ?, ?, ?)
2022-12-10T15:44:07.098-05:00 DEBUG 63538 --- [    Test worker] org.hibernate.SQL                        : insert into store_item (added, bisabolol_percent, caryophyllene_percent, cbd_percent, humulene_percent, limonene_percent, linalool_percent, myrcene_percent, pinene_percent, price_dollars, store_id, strain, subspecies_id, terpinolene_percent, thc_percent, vendor, weight_grams) values (?, ?, ?, ?, ?, ?, ?, ?, ?, ?, ?, ?, ?, ?, ?, ?, ?)
2022-12-10T15:44:07.100-05:00 DEBUG 63538 --- [    Test worker] org.hibernate.SQL                        : insert into store_item (added, bisabolol_percent, caryophyllene_percent, cbd_percent, humulene_percent, limonene_percent, linalool_percent, myrcene_percent, pinene_percent, price_dollars, store_id, strain, subspecies_id, terpinolene_percent, thc_percent, vendor, weight_grams) values (?, ?, ?, ?, ?, ?, ?, ?, ?, ?, ?, ?, ?, ?, ?, ?, ?)
2022-12-10T15:44:07.107-05:00 DEBUG 63538 --- [    Test worker] org.hibernate.SQL                        : select s1_0.id,s1_0.added,s1_0.bisabolol_percent,s1_0.caryophyllene_percent,s1_0.cbd_percent,s1_0.humulene_percent,s1_0.limonene_percent,s1_0.linalool_percent,s1_0.myrcene_percent,s1_0.pinene_percent,s1_0.price_dollars,s1_0.store_id,s1_0.strain,s1_0.subspecies_id,s1_0.terpinolene_percent,s1_0.thc_percent,s1_0.vendor,s1_0.weight_grams from store_item s1_0 join store s2_0 on s2_0.id=s1_0.store_id where s2_0.name=? order by s1_0.added desc offset ? rows fetch first ? rows only
2022-12-10T15:44:07.120-05:00 DEBUG 63538 --- [    Test worker] org.hibernate.SQL                        : select count(s1_0.id) from store_item s1_0 join store s2_0 on s2_0.id=s1_0.store_id where s2_0.name=?
Couldn't parse item {strain=GRAMS , terpinolene=, cbd=CBD, caryophyllene=, myrcene=, type=_Grams, thc=THC, limonene=, humulene=, vendor=GROWER, price=$, dominance=, linalool=, category=flower, wt=WT, bisabolol=, pinene=, allterpsblank=}, exception message: Could not extract subspecies from Strain img
Couldn't parse item {strain=<img src="https://keystoneshops.com/media/Hybrid-Icon-100.png" alt="Hybrid" width="20" height="20"> Birthday Cake <img src="https://keystoneshops.com/media/Caryophyllene-Icon-100.png" alt="Caryophyllene" width="13" height="13">   <img src="https://keystoneshops.com/media/Myrcene-Icon-100.png" alt="Myrcene" width="13" height="13">   <img src="https://keystoneshops.com/media/Limonene-Icon-100.png" alt="Limonene" width="13" height="13">  , terpinolene=, cbd=0.00%, caryophyllene=0.61%, myrcene=0.55%, type=Grams, thc=25.67%, limonene=0.28%, humulene=0.16%, vendor=Grassroots, price=, dominance=, linalool=0.19%, category=flower, wt=, bisabolol=0.07%, pinene=0.03%, allterpsblank=}, exception message: Could not parse price from 
Couldn't parse item {strain=<img src="https://keystoneshops.com/media/Hybrid-Icon-100.png" alt="Hybrid" width="20" height="20"> Garlic Cookies <img src="https://keystoneshops.com/media/Myrcene-Icon-100.png" alt="Myrcene" width="13" height="13">   <img src="https://keystoneshops.com/media/Limonene-Icon-100.png" alt="Limonene" width="13" height="13">   <img src="https://keystoneshops.com/media/Caryophyllene-Icon-100.png" alt="Caryophyllene" width="13" height="13">  , terpinolene=0.00%, cbd=0.00%, caryophyllene=0.35%, myrcene=0.49%, type=Grams, thc=29.19%, limonene=0.43%, humulene=0.14%, vendor=Grassroots, price=, dominance=, linalool=0.06%, category=flower, wt=, bisabolol=0.11%, pinene=0.03%, allterpsblank=}, exception message: Could not parse price from 
Couldn't parse item {strain=<img src="https://keystoneshops.com/media/Hybrid-Icon-100.png" alt="Hybrid" width="20" height="20"> Star Dawg x Northern Lights Haze #1 <img src="https://keystoneshops.com/media/Caryophyllene-Icon-100.png" alt="Caryophyllene" width="13" height="13">   <img src="https://keystoneshops.com/media/Limonene-Icon-100.png" alt="Limonene" width="13" height="13">   <img src="https://keystoneshops.com/media/Linalool-Icon-100.png" alt="Linalool" width="13" height="13">  , terpinolene=0.00%, cbd=0.00%, caryophyllene=0.49%, myrcene=0.19%, type=Grams, thc=21.74%, limonene=0.29%, humulene=0.15%, vendor=Grassroots, price=, dominance=, linalool=0.20%, category=flower, wt=, bisabolol=0.14%, pinene=0.02%, allterpsblank=}, exception message: Could not parse price from 
Couldn't parse item {strain=EIGHTHS , terpinolene=, cbd=CBD, caryophyllene=, myrcene=, type=_Eighths, thc=THC, limonene=, humulene=, vendor=GROWER, price=$, dominance=, linalool=, category=flower, wt=WT, bisabolol=, pinene=, allterpsblank=}, exception message: Could not extract subspecies from Strain img
Couldn't parse item {strain=QUARTERS , terpinolene=, cbd=CBD, caryophyllene=, myrcene=, type=_Quarters, thc=THC, limonene=, humulene=, vendor=GROWER, price=$, dominance=, linalool=, category=flower, wt=WT, bisabolol=, pinene=, allterpsblank=}, exception message: Could not extract subspecies from Strain img
2022-12-10T15:44:07.145-05:00 DEBUG 63538 --- [    Test worker] org.hibernate.SQL                        : select s1_0.id,s1_0.name,s1_0.website from store s1_0 where s1_0.name=?
2022-12-10T15:44:07.147-05:00 DEBUG 63538 --- [    Test worker] org.hibernate.SQL                        : select i1_0.store_id,i1_0.id,i1_0.added,i1_0.bisabolol_percent,i1_0.caryophyllene_percent,i1_0.cbd_percent,i1_0.humulene_percent,i1_0.limonene_percent,i1_0.linalool_percent,i1_0.myrcene_percent,i1_0.pinene_percent,i1_0.price_dollars,i1_0.strain,i1_0.subspecies_id,i1_0.terpinolene_percent,i1_0.thc_percent,i1_0.vendor,i1_0.weight_grams from store_item i1_0 where i1_0.store_id=?
2022-12-10T15:44:07.163-05:00 DEBUG 63538 --- [    Test worker] org.hibernate.SQL                        : insert into store_item (added, bisabolol_percent, caryophyllene_percent, cbd_percent, humulene_percent, limonene_percent, linalool_percent, myrcene_percent, pinene_percent, price_dollars, store_id, strain, subspecies_id, terpinolene_percent, thc_percent, vendor, weight_grams) values (?, ?, ?, ?, ?, ?, ?, ?, ?, ?, ?, ?, ?, ?, ?, ?, ?)
2022-12-10T15:44:07.171-05:00 DEBUG 63538 --- [    Test worker] org.hibernate.SQL                        : insert into store_item (added, bisabolol_percent, caryophyllene_percent, cbd_percent, humulene_percent, limonene_percent, linalool_percent, myrcene_percent, pinene_percent, price_dollars, store_id, strain, subspecies_id, terpinolene_percent, thc_percent, vendor, weight_grams) values (?, ?, ?, ?, ?, ?, ?, ?, ?, ?, ?, ?, ?, ?, ?, ?, ?)
2022-12-10T15:44:07.175-05:00 DEBUG 63538 --- [    Test worker] org.hibernate.SQL                        : insert into store_item (added, bisabolol_percent, caryophyllene_percent, cbd_percent, humulene_percent, limonene_percent, linalool_percent, myrcene_percent, pinene_percent, price_dollars, store_id, strain, subspecies_id, terpinolene_percent, thc_percent, vendor, weight_grams) values (?, ?, ?, ?, ?, ?, ?, ?, ?, ?, ?, ?, ?, ?, ?, ?, ?)
2022-12-10T15:44:07.179-05:00 DEBUG 63538 --- [    Test worker] org.hibernate.SQL                        : insert into store_item (added, bisabolol_percent, caryophyllene_percent, cbd_percent, humulene_percent, limonene_percent, linalool_percent, myrcene_percent, pinene_percent, price_dollars, store_id, strain, subspecies_id, terpinolene_percent, thc_percent, vendor, weight_grams) values (?, ?, ?, ?, ?, ?, ?, ?, ?, ?, ?, ?, ?, ?, ?, ?, ?)
2022-12-10T15:44:07.183-05:00 DEBUG 63538 --- [    Test worker] org.hibernate.SQL                        : insert into store_item (added, bisabolol_percent, caryophyllene_percent, cbd_percent, humulene_percent, limonene_percent, linalool_percent, myrcene_percent, pinene_percent, price_dollars, store_id, strain, subspecies_id, terpinolene_percent, thc_percent, vendor, weight_grams) values (?, ?, ?, ?, ?, ?, ?, ?, ?, ?, ?, ?, ?, ?, ?, ?, ?)
2022-12-10T15:44:07.185-05:00 DEBUG 63538 --- [    Test worker] org.hibernate.SQL                        : insert into store_item (added, bisabolol_percent, caryophyllene_percent, cbd_percent, humulene_percent, limonene_percent, linalool_percent, myrcene_percent, pinene_percent, price_dollars, store_id, strain, subspecies_id, terpinolene_percent, thc_percent, vendor, weight_grams) values (?, ?, ?, ?, ?, ?, ?, ?, ?, ?, ?, ?, ?, ?, ?, ?, ?)
2022-12-10T15:44:07.196-05:00 DEBUG 63538 --- [    Test worker] org.hibernate.SQL                        : delete from store_item where id=?
2022-12-10T15:44:07.200-05:00 DEBUG 63538 --- [    Test worker] org.hibernate.SQL                        : delete from store_item where id=?
2022-12-10T15:44:07.201-05:00 DEBUG 63538 --- [    Test worker] org.hibernate.SQL                        : delete from store_item where id=?
2022-12-10T15:44:07.202-05:00 DEBUG 63538 --- [    Test worker] org.hibernate.SQL                        : delete from store_item where id=?
2022-12-10T15:44:07.204-05:00 DEBUG 63538 --- [    Test worker] org.hibernate.SQL                        : select s1_0.id,s1_0.added,s1_0.bisabolol_percent,s1_0.caryophyllene_percent,s1_0.cbd_percent,s1_0.humulene_percent,s1_0.limonene_percent,s1_0.linalool_percent,s1_0.myrcene_percent,s1_0.pinene_percent,s1_0.price_dollars,s1_0.store_id,s1_0.strain,s1_0.subspecies_id,s1_0.terpinolene_percent,s1_0.thc_percent,s1_0.vendor,s1_0.weight_grams from store_item s1_0 join store s2_0 on s2_0.id=s1_0.store_id where s2_0.name=? order by s1_0.added desc offset ? rows fetch first ? rows only
2022-12-10T15:44:07.206-05:00 DEBUG 63538 --- [    Test worker] org.hibernate.SQL                        : select count(s1_0.id) from store_item s1_0 join store s2_0 on s2_0.id=s1_0.store_id where s2_0.name=?
]]></system-out>
  <system-err><![CDATA[]]></system-err>
</testsuite>
