<?xml version="1.0" encoding="UTF-8"?>
<testsuite name="org.thinkbigthings.zdd.server.UserIntegrationTest" tests="2" skipped="0" failures="0" errors="0" timestamp="2022-12-10T20:44:10" hostname="MAC-jyoung.local" time="0.389">
  <properties/>
  <testcase name="Update user info" classname="org.thinkbigthings.zdd.server.UserIntegrationTest" time="0.032"/>
  <testcase name="Update user password" classname="org.thinkbigthings.zdd.server.UserIntegrationTest" time="0.357"/>
  <system-out><![CDATA[2022-12-10T15:44:10.649-05:00  INFO 63538 --- [    Test worker] t.c.s.AnnotationConfigContextLoaderUtils : Could not detect default configuration classes for test class [org.thinkbigthings.zdd.server.UserIntegrationTest]: UserIntegrationTest does not declare any static, non-private, non-final, nested classes annotated with @Configuration.
2022-12-10T15:44:10.650-05:00  INFO 63538 --- [    Test worker] .b.t.c.SpringBootTestContextBootstrapper : Found @SpringBootConfiguration org.thinkbigthings.zdd.server.Application for test class org.thinkbigthings.zdd.server.UserIntegrationTest
2022-12-10T15:44:10.651-05:00  INFO 63538 --- [    Test worker] o.t.zdd.server.UserIntegrationTest       : 
2022-12-10T15:44:10.651-05:00  INFO 63538 --- [    Test worker] o.t.zdd.server.UserIntegrationTest       : =======================================================================================
2022-12-10T15:44:10.651-05:00  INFO 63538 --- [    Test worker] o.t.zdd.server.UserIntegrationTest       : Creating test data
2022-12-10T15:44:10.651-05:00  INFO 63538 --- [    Test worker] o.t.zdd.server.UserIntegrationTest       : 
2022-12-10T15:44:10.656-05:00 DEBUG 63538 --- [    Test worker] org.hibernate.SQL                        : select u1_0.id from app_user u1_0 where u1_0.username=? fetch first ? rows only
2022-12-10T15:44:10.732-05:00 DEBUG 63538 --- [    Test worker] org.hibernate.SQL                        : insert into app_user (display_name, email, enabled, password, registration_time, username) values (?, ?, ?, ?, ?, ?)
2022-12-10T15:44:10.734-05:00 DEBUG 63538 --- [    Test worker] org.hibernate.SQL                        : insert into search_config (active, last_search, user_id) values (?, ?, ?)
2022-12-10T15:44:10.736-05:00 DEBUG 63538 --- [    Test worker] org.hibernate.SQL                        : insert into user_role (user_id, role_id) values (?, ?)
2022-12-10T15:44:10.766-05:00 DEBUG 63538 --- [o-auto-1-exec-1] org.hibernate.SQL                        : select u1_0.id,u1_0.display_name,u1_0.email,u1_0.enabled,u1_0.password,u1_0.registration_time,r1_0.user_id,r1_0.role_id,u1_0.username from app_user u1_0 join user_role r1_0 on u1_0.id=r1_0.user_id where u1_0.username=?
2022-12-10T15:44:10.767-05:00 DEBUG 63538 --- [o-auto-1-exec-1] org.hibernate.SQL                        : select s1_0.user_id,s1_0.active,s1_0.last_search from search_config s1_0 where s1_0.user_id=?
2022-12-10T15:44:10.847-05:00 DEBUG 63538 --- [o-auto-1-exec-1] org.hibernate.SQL                        : select u1_0.id,u1_0.display_name,u1_0.email,u1_0.enabled,u1_0.password,u1_0.registration_time,u1_0.username from app_user u1_0 where u1_0.username=?
2022-12-10T15:44:10.851-05:00 DEBUG 63538 --- [o-auto-1-exec-1] org.hibernate.SQL                        : select s1_0.user_id,s1_0.active,s1_0.last_search from search_config s1_0 where s1_0.user_id=?
2022-12-10T15:44:10.853-05:00 DEBUG 63538 --- [o-auto-1-exec-1] org.hibernate.SQL                        : select r1_0.user_id,r1_0.role_id from user_role r1_0 where r1_0.user_id=?
2022-12-10T15:44:10.857-05:00 DEBUG 63538 --- [o-auto-1-exec-1] org.hibernate.SQL                        : select a1_0.user_id,a1_0.id,a1_0.city,a1_0.line1,a1_0.state,a1_0.zip from address a1_0 where a1_0.user_id=?
2022-12-10T15:44:10.861-05:00 DEBUG 63538 --- [o-auto-1-exec-1] org.hibernate.SQL                        : select s1_0.principal_name,s1_0.primary_id,s1_0.session_id from spring_session s1_0 where s1_0.principal_name=?
2022-12-10T15:44:10.883-05:00  INFO 63538 --- [    Test worker] o.t.zdd.server.IntegrationTest           : 
2022-12-10T15:44:10.883-05:00  INFO 63538 --- [    Test worker] o.t.zdd.server.IntegrationTest           : =======================================================================================
2022-12-10T15:44:10.883-05:00  INFO 63538 --- [    Test worker] o.t.zdd.server.IntegrationTest           : Executing test Update user info
2022-12-10T15:44:10.884-05:00  INFO 63538 --- [    Test worker] o.t.zdd.server.IntegrationTest           : using web server port 52866
2022-12-10T15:44:10.884-05:00  INFO 63538 --- [    Test worker] o.t.zdd.server.IntegrationTest           : TestContainer jdbc url: jdbc:postgresql://localhost:5432/test?autosave=conservative&loggerLevel=OFF
2022-12-10T15:44:10.884-05:00  INFO 63538 --- [    Test worker] o.t.zdd.server.IntegrationTest           : TestContainer username: test
2022-12-10T15:44:10.884-05:00  INFO 63538 --- [    Test worker] o.t.zdd.server.IntegrationTest           : TestContainer password: test
2022-12-10T15:44:10.884-05:00  INFO 63538 --- [    Test worker] o.t.zdd.server.IntegrationTest           : 
2022-12-10T15:44:10.885-05:00 DEBUG 63538 --- [    Test worker] org.hibernate.SQL                        : select u1_0.id,u1_0.display_name,u1_0.email,u1_0.enabled,u1_0.password,u1_0.registration_time,u1_0.username from app_user u1_0 where u1_0.username=?
2022-12-10T15:44:10.888-05:00 DEBUG 63538 --- [    Test worker] org.hibernate.SQL                        : select s1_0.user_id,s1_0.active,s1_0.last_search from search_config s1_0 where s1_0.user_id=?
2022-12-10T15:44:10.891-05:00 DEBUG 63538 --- [    Test worker] org.hibernate.SQL                        : select a1_0.user_id,a1_0.id,a1_0.city,a1_0.line1,a1_0.state,a1_0.zip from address a1_0 where a1_0.user_id=?
2022-12-10T15:44:10.893-05:00 DEBUG 63538 --- [    Test worker] org.hibernate.SQL                        : select r1_0.user_id,r1_0.role_id from user_role r1_0 where r1_0.user_id=?
2022-12-10T15:44:10.896-05:00 DEBUG 63538 --- [    Test worker] org.hibernate.SQL                        : select s1_0.principal_name,s1_0.primary_id,s1_0.session_id from spring_session s1_0 where s1_0.principal_name=?
2022-12-10T15:44:10.900-05:00 DEBUG 63538 --- [    Test worker] org.hibernate.SQL                        : insert into address (city, line1, state, user_id, zip) values (?, ?, ?, ?, ?)
2022-12-10T15:44:10.905-05:00 DEBUG 63538 --- [    Test worker] org.hibernate.SQL                        : update app_user set display_name=?, email=?, enabled=?, password=?, registration_time=?, username=? where id=?
2022-12-10T15:44:10.915-05:00  INFO 63538 --- [    Test worker] o.t.zdd.server.IntegrationTest           : 
2022-12-10T15:44:10.915-05:00  INFO 63538 --- [    Test worker] o.t.zdd.server.IntegrationTest           : =======================================================================================
2022-12-10T15:44:10.915-05:00  INFO 63538 --- [    Test worker] o.t.zdd.server.IntegrationTest           : Executing test Update user password
2022-12-10T15:44:10.915-05:00  INFO 63538 --- [    Test worker] o.t.zdd.server.IntegrationTest           : using web server port 52866
2022-12-10T15:44:10.915-05:00  INFO 63538 --- [    Test worker] o.t.zdd.server.IntegrationTest           : TestContainer jdbc url: jdbc:postgresql://localhost:5432/test?autosave=conservative&loggerLevel=OFF
2022-12-10T15:44:10.915-05:00  INFO 63538 --- [    Test worker] o.t.zdd.server.IntegrationTest           : TestContainer username: test
2022-12-10T15:44:10.915-05:00  INFO 63538 --- [    Test worker] o.t.zdd.server.IntegrationTest           : TestContainer password: test
2022-12-10T15:44:10.915-05:00  INFO 63538 --- [    Test worker] o.t.zdd.server.IntegrationTest           : 
2022-12-10T15:44:10.931-05:00 DEBUG 63538 --- [o-auto-1-exec-1] org.hibernate.SQL                        : select u1_0.id,u1_0.display_name,u1_0.email,u1_0.enabled,u1_0.password,u1_0.registration_time,u1_0.username from app_user u1_0 where u1_0.username=?
2022-12-10T15:44:10.933-05:00 DEBUG 63538 --- [o-auto-1-exec-1] org.hibernate.SQL                        : select s1_0.user_id,s1_0.active,s1_0.last_search from search_config s1_0 where s1_0.user_id=?
2022-12-10T15:44:10.935-05:00 DEBUG 63538 --- [o-auto-1-exec-1] org.hibernate.SQL                        : select r1_0.user_id,r1_0.role_id from user_role r1_0 where r1_0.user_id=?
2022-12-10T15:44:10.936-05:00 DEBUG 63538 --- [o-auto-1-exec-1] org.hibernate.SQL                        : select a1_0.user_id,a1_0.id,a1_0.city,a1_0.line1,a1_0.state,a1_0.zip from address a1_0 where a1_0.user_id=?
2022-12-10T15:44:10.938-05:00 DEBUG 63538 --- [o-auto-1-exec-1] org.hibernate.SQL                        : select s1_0.principal_name,s1_0.primary_id,s1_0.session_id from spring_session s1_0 where s1_0.principal_name=?
2022-12-10T15:44:10.960-05:00 DEBUG 63538 --- [o-auto-1-exec-2] org.hibernate.SQL                        : select u1_0.id,u1_0.display_name,u1_0.email,u1_0.enabled,u1_0.password,u1_0.registration_time,u1_0.username from app_user u1_0 where u1_0.username=?
2022-12-10T15:44:10.962-05:00 DEBUG 63538 --- [o-auto-1-exec-2] org.hibernate.SQL                        : select s1_0.user_id,s1_0.active,s1_0.last_search from search_config s1_0 where s1_0.user_id=?
2022-12-10T15:44:11.038-05:00 DEBUG 63538 --- [o-auto-1-exec-2] org.hibernate.SQL                        : update app_user set display_name=?, email=?, enabled=?, password=?, registration_time=?, username=? where id=?
2022-12-10T15:44:11.089-05:00 DEBUG 63538 --- [o-auto-1-exec-1] org.hibernate.SQL                        : select u1_0.id,u1_0.display_name,u1_0.email,u1_0.enabled,u1_0.password,u1_0.registration_time,r1_0.user_id,r1_0.role_id,u1_0.username from app_user u1_0 join user_role r1_0 on u1_0.id=r1_0.user_id where u1_0.username=?
2022-12-10T15:44:11.098-05:00 DEBUG 63538 --- [o-auto-1-exec-1] org.hibernate.SQL                        : select s1_0.user_id,s1_0.active,s1_0.last_search from search_config s1_0 where s1_0.user_id=?
2022-12-10T15:44:11.181-05:00 DEBUG 63538 --- [o-auto-1-exec-1] org.hibernate.SQL                        : select u1_0.id,u1_0.display_name,u1_0.email,u1_0.enabled,u1_0.password,u1_0.registration_time,u1_0.username from app_user u1_0 where u1_0.username=?
2022-12-10T15:44:11.184-05:00 DEBUG 63538 --- [o-auto-1-exec-1] org.hibernate.SQL                        : select s1_0.user_id,s1_0.active,s1_0.last_search from search_config s1_0 where s1_0.user_id=?
2022-12-10T15:44:11.186-05:00 DEBUG 63538 --- [o-auto-1-exec-1] org.hibernate.SQL                        : select r1_0.user_id,r1_0.role_id from user_role r1_0 where r1_0.user_id=?
2022-12-10T15:44:11.190-05:00 DEBUG 63538 --- [o-auto-1-exec-1] org.hibernate.SQL                        : select a1_0.user_id,a1_0.id,a1_0.city,a1_0.line1,a1_0.state,a1_0.zip from address a1_0 where a1_0.user_id=?
2022-12-10T15:44:11.193-05:00 DEBUG 63538 --- [o-auto-1-exec-1] org.hibernate.SQL                        : select s1_0.principal_name,s1_0.primary_id,s1_0.session_id from spring_session s1_0 where s1_0.principal_name=?
2022-12-10T15:44:11.237-05:00 DEBUG 63538 --- [o-auto-1-exec-1] org.hibernate.SQL                        : select u1_0.id,u1_0.display_name,u1_0.email,u1_0.enabled,u1_0.password,u1_0.registration_time,u1_0.username from app_user u1_0 where u1_0.username=?
2022-12-10T15:44:11.241-05:00 DEBUG 63538 --- [o-auto-1-exec-1] org.hibernate.SQL                        : select s1_0.user_id,s1_0.active,s1_0.last_search from search_config s1_0 where s1_0.user_id=?
2022-12-10T15:44:11.243-05:00 DEBUG 63538 --- [o-auto-1-exec-1] org.hibernate.SQL                        : select r1_0.user_id,r1_0.role_id from user_role r1_0 where r1_0.user_id=?
2022-12-10T15:44:11.245-05:00 DEBUG 63538 --- [o-auto-1-exec-1] org.hibernate.SQL                        : select a1_0.user_id,a1_0.id,a1_0.city,a1_0.line1,a1_0.state,a1_0.zip from address a1_0 where a1_0.user_id=?
2022-12-10T15:44:11.247-05:00 DEBUG 63538 --- [o-auto-1-exec-1] org.hibernate.SQL                        : select s1_0.principal_name,s1_0.primary_id,s1_0.session_id from spring_session s1_0 where s1_0.principal_name=?
]]></system-out>
  <system-err><![CDATA[]]></system-err>
</testsuite>
