<?xml version="1.0" encoding="UTF-8"?>
<testsuite name="org.thinkbigthings.zdd.server.SearchConfigIntegrationTest" tests="1" skipped="0" failures="0" errors="0" timestamp="2022-12-10T20:44:08" hostname="MAC-jyoung.local" time="0.184">
  <properties/>
  <testcase name="Update search config" classname="org.thinkbigthings.zdd.server.SearchConfigIntegrationTest" time="0.184"/>
  <system-out><![CDATA[2022-12-10T15:44:07.211-05:00  INFO 63538 --- [    Test worker] t.c.s.AnnotationConfigContextLoaderUtils : Could not detect default configuration classes for test class [org.thinkbigthings.zdd.server.SearchConfigIntegrationTest]: SearchConfigIntegrationTest does not declare any static, non-private, non-final, nested classes annotated with @Configuration.
2022-12-10T15:44:07.212-05:00  INFO 63538 --- [    Test worker] .b.t.c.SpringBootTestContextBootstrapper : Found @SpringBootConfiguration org.thinkbigthings.zdd.server.Application for test class org.thinkbigthings.zdd.server.SearchConfigIntegrationTest
2022-12-10T15:44:07.213-05:00  INFO 63538 --- [    Test worker] o.t.z.s.SearchConfigIntegrationTest      : 
2022-12-10T15:44:07.214-05:00  INFO 63538 --- [    Test worker] o.t.z.s.SearchConfigIntegrationTest      : =======================================================================================
2022-12-10T15:44:07.214-05:00  INFO 63538 --- [    Test worker] o.t.z.s.SearchConfigIntegrationTest      : Creating test data
2022-12-10T15:44:07.214-05:00  INFO 63538 --- [    Test worker] o.t.z.s.SearchConfigIntegrationTest      : 
2022-12-10T15:44:07.214-05:00 DEBUG 63538 --- [    Test worker] org.hibernate.SQL                        : insert into store (name, website) values (?, ?)
Couldn't parse item {strain=GRAMS , terpinolene=, cbd=CBD, caryophyllene=, myrcene=, type=_Grams, thc=THC, limonene=, humulene=, vendor=GROWER, price=$, dominance=, linalool=, category=flower, wt=WT, bisabolol=, pinene=, allterpsblank=}, exception message: Could not extract subspecies from Strain img
Couldn't parse item {strain=<img src="https://keystoneshops.com/media/Hybrid-Icon-100.png" alt="Hybrid" width="20" height="20"> Birthday Cake <img src="https://keystoneshops.com/media/Caryophyllene-Icon-100.png" alt="Caryophyllene" width="13" height="13">   <img src="https://keystoneshops.com/media/Myrcene-Icon-100.png" alt="Myrcene" width="13" height="13">   <img src="https://keystoneshops.com/media/Limonene-Icon-100.png" alt="Limonene" width="13" height="13">  , terpinolene=, cbd=0.00%, caryophyllene=0.61%, myrcene=0.55%, type=Grams, thc=25.67%, limonene=0.28%, humulene=0.16%, vendor=Grassroots, price=, dominance=, linalool=0.19%, category=flower, wt=, bisabolol=0.07%, pinene=0.03%, allterpsblank=}, exception message: Could not parse price from 
Couldn't parse item {strain=<img src="https://keystoneshops.com/media/Hybrid-Icon-100.png" alt="Hybrid" width="20" height="20"> Garlic Cookies <img src="https://keystoneshops.com/media/Myrcene-Icon-100.png" alt="Myrcene" width="13" height="13">   <img src="https://keystoneshops.com/media/Limonene-Icon-100.png" alt="Limonene" width="13" height="13">   <img src="https://keystoneshops.com/media/Caryophyllene-Icon-100.png" alt="Caryophyllene" width="13" height="13">  , terpinolene=0.00%, cbd=0.00%, caryophyllene=0.35%, myrcene=0.49%, type=Grams, thc=29.19%, limonene=0.43%, humulene=0.14%, vendor=Grassroots, price=, dominance=, linalool=0.06%, category=flower, wt=, bisabolol=0.11%, pinene=0.03%, allterpsblank=}, exception message: Could not parse price from 
Couldn't parse item {strain=<img src="https://keystoneshops.com/media/Hybrid-Icon-100.png" alt="Hybrid" width="20" height="20"> Star Dawg x Northern Lights Haze #1 <img src="https://keystoneshops.com/media/Caryophyllene-Icon-100.png" alt="Caryophyllene" width="13" height="13">   <img src="https://keystoneshops.com/media/Limonene-Icon-100.png" alt="Limonene" width="13" height="13">   <img src="https://keystoneshops.com/media/Linalool-Icon-100.png" alt="Linalool" width="13" height="13">  , terpinolene=0.00%, cbd=0.00%, caryophyllene=0.49%, myrcene=0.19%, type=Grams, thc=21.74%, limonene=0.29%, humulene=0.15%, vendor=Grassroots, price=, dominance=, linalool=0.20%, category=flower, wt=, bisabolol=0.14%, pinene=0.02%, allterpsblank=}, exception message: Could not parse price from 
Couldn't parse item {strain=<img src="https://keystoneshops.com/media/Indica-Icon-100.png" alt="Indica" width="20" height="20"> WiFi Glue <img src="https://keystoneshops.com/media/Caryophyllene-Icon-100.png" alt="Caryophyllene" width="13" height="13">   <img src="https://keystoneshops.com/media/Limonene-Icon-100.png" alt="Limonene" width="13" height="13">   <img src="https://keystoneshops.com/media/Humulene-Icon-100.png" alt="Humulene" width="13" height="13">  , terpinolene=, cbd=0.08%, caryophyllene=0.94%, myrcene=0.27%, type=Grams, thc=30.43%, limonene=0.38%, humulene=0.28%, vendor=gLeaf, price=, dominance=, linalool=0.06%, category=flower, wt=, bisabolol=0.05%, pinene=0.03%, allterpsblank=}, exception message: Could not parse price from 
Couldn't parse item {strain=EIGHTHS , terpinolene=, cbd=CBD, caryophyllene=, myrcene=, type=_Eighths, thc=THC, limonene=, humulene=, vendor=GROWER, price=$, dominance=, linalool=, category=flower, wt=WT, bisabolol=, pinene=, allterpsblank=}, exception message: Could not extract subspecies from Strain img
Couldn't parse item {strain=QUARTERS , terpinolene=, cbd=CBD, caryophyllene=, myrcene=, type=_Quarters, thc=THC, limonene=, humulene=, vendor=GROWER, price=$, dominance=, linalool=, category=flower, wt=WT, bisabolol=, pinene=, allterpsblank=}, exception message: Could not extract subspecies from Strain img
2022-12-10T15:44:07.229-05:00 DEBUG 63538 --- [    Test worker] org.hibernate.SQL                        : select s1_0.id,s1_0.name,s1_0.website from store s1_0 where s1_0.name=?
2022-12-10T15:44:07.231-05:00 DEBUG 63538 --- [    Test worker] org.hibernate.SQL                        : select i1_0.store_id,i1_0.id,i1_0.added,i1_0.bisabolol_percent,i1_0.caryophyllene_percent,i1_0.cbd_percent,i1_0.humulene_percent,i1_0.limonene_percent,i1_0.linalool_percent,i1_0.myrcene_percent,i1_0.pinene_percent,i1_0.price_dollars,i1_0.strain,i1_0.subspecies_id,i1_0.terpinolene_percent,i1_0.thc_percent,i1_0.vendor,i1_0.weight_grams from store_item i1_0 where i1_0.store_id=?
2022-12-10T15:44:07.234-05:00 DEBUG 63538 --- [    Test worker] org.hibernate.SQL                        : insert into store_item (added, bisabolol_percent, caryophyllene_percent, cbd_percent, humulene_percent, limonene_percent, linalool_percent, myrcene_percent, pinene_percent, price_dollars, store_id, strain, subspecies_id, terpinolene_percent, thc_percent, vendor, weight_grams) values (?, ?, ?, ?, ?, ?, ?, ?, ?, ?, ?, ?, ?, ?, ?, ?, ?)
2022-12-10T15:44:07.235-05:00 DEBUG 63538 --- [    Test worker] org.hibernate.SQL                        : insert into store_item (added, bisabolol_percent, caryophyllene_percent, cbd_percent, humulene_percent, limonene_percent, linalool_percent, myrcene_percent, pinene_percent, price_dollars, store_id, strain, subspecies_id, terpinolene_percent, thc_percent, vendor, weight_grams) values (?, ?, ?, ?, ?, ?, ?, ?, ?, ?, ?, ?, ?, ?, ?, ?, ?)
2022-12-10T15:44:07.238-05:00 DEBUG 63538 --- [    Test worker] org.hibernate.SQL                        : insert into store_item (added, bisabolol_percent, caryophyllene_percent, cbd_percent, humulene_percent, limonene_percent, linalool_percent, myrcene_percent, pinene_percent, price_dollars, store_id, strain, subspecies_id, terpinolene_percent, thc_percent, vendor, weight_grams) values (?, ?, ?, ?, ?, ?, ?, ?, ?, ?, ?, ?, ?, ?, ?, ?, ?)
2022-12-10T15:44:07.242-05:00 DEBUG 63538 --- [    Test worker] org.hibernate.SQL                        : insert into store_item (added, bisabolol_percent, caryophyllene_percent, cbd_percent, humulene_percent, limonene_percent, linalool_percent, myrcene_percent, pinene_percent, price_dollars, store_id, strain, subspecies_id, terpinolene_percent, thc_percent, vendor, weight_grams) values (?, ?, ?, ?, ?, ?, ?, ?, ?, ?, ?, ?, ?, ?, ?, ?, ?)
2022-12-10T15:44:07.245-05:00 DEBUG 63538 --- [    Test worker] org.hibernate.SQL                        : insert into store_item (added, bisabolol_percent, caryophyllene_percent, cbd_percent, humulene_percent, limonene_percent, linalool_percent, myrcene_percent, pinene_percent, price_dollars, store_id, strain, subspecies_id, terpinolene_percent, thc_percent, vendor, weight_grams) values (?, ?, ?, ?, ?, ?, ?, ?, ?, ?, ?, ?, ?, ?, ?, ?, ?)
2022-12-10T15:44:07.249-05:00 DEBUG 63538 --- [    Test worker] org.hibernate.SQL                        : insert into store_item (added, bisabolol_percent, caryophyllene_percent, cbd_percent, humulene_percent, limonene_percent, linalool_percent, myrcene_percent, pinene_percent, price_dollars, store_id, strain, subspecies_id, terpinolene_percent, thc_percent, vendor, weight_grams) values (?, ?, ?, ?, ?, ?, ?, ?, ?, ?, ?, ?, ?, ?, ?, ?, ?)
2022-12-10T15:44:07.256-05:00 DEBUG 63538 --- [    Test worker] org.hibernate.SQL                        : insert into store_item (added, bisabolol_percent, caryophyllene_percent, cbd_percent, humulene_percent, limonene_percent, linalool_percent, myrcene_percent, pinene_percent, price_dollars, store_id, strain, subspecies_id, terpinolene_percent, thc_percent, vendor, weight_grams) values (?, ?, ?, ?, ?, ?, ?, ?, ?, ?, ?, ?, ?, ?, ?, ?, ?)
2022-12-10T15:44:07.258-05:00 DEBUG 63538 --- [    Test worker] org.hibernate.SQL                        : insert into store_item (added, bisabolol_percent, caryophyllene_percent, cbd_percent, humulene_percent, limonene_percent, linalool_percent, myrcene_percent, pinene_percent, price_dollars, store_id, strain, subspecies_id, terpinolene_percent, thc_percent, vendor, weight_grams) values (?, ?, ?, ?, ?, ?, ?, ?, ?, ?, ?, ?, ?, ?, ?, ?, ?)
2022-12-10T15:44:07.260-05:00 DEBUG 63538 --- [    Test worker] org.hibernate.SQL                        : insert into store_item (added, bisabolol_percent, caryophyllene_percent, cbd_percent, humulene_percent, limonene_percent, linalool_percent, myrcene_percent, pinene_percent, price_dollars, store_id, strain, subspecies_id, terpinolene_percent, thc_percent, vendor, weight_grams) values (?, ?, ?, ?, ?, ?, ?, ?, ?, ?, ?, ?, ?, ?, ?, ?, ?)
2022-12-10T15:44:07.261-05:00 DEBUG 63538 --- [    Test worker] org.hibernate.SQL                        : insert into store_item (added, bisabolol_percent, caryophyllene_percent, cbd_percent, humulene_percent, limonene_percent, linalool_percent, myrcene_percent, pinene_percent, price_dollars, store_id, strain, subspecies_id, terpinolene_percent, thc_percent, vendor, weight_grams) values (?, ?, ?, ?, ?, ?, ?, ?, ?, ?, ?, ?, ?, ?, ?, ?, ?)
2022-12-10T15:44:07.263-05:00 DEBUG 63538 --- [    Test worker] org.hibernate.SQL                        : insert into store_item (added, bisabolol_percent, caryophyllene_percent, cbd_percent, humulene_percent, limonene_percent, linalool_percent, myrcene_percent, pinene_percent, price_dollars, store_id, strain, subspecies_id, terpinolene_percent, thc_percent, vendor, weight_grams) values (?, ?, ?, ?, ?, ?, ?, ?, ?, ?, ?, ?, ?, ?, ?, ?, ?)
2022-12-10T15:44:07.264-05:00 DEBUG 63538 --- [    Test worker] org.hibernate.SQL                        : insert into store_item (added, bisabolol_percent, caryophyllene_percent, cbd_percent, humulene_percent, limonene_percent, linalool_percent, myrcene_percent, pinene_percent, price_dollars, store_id, strain, subspecies_id, terpinolene_percent, thc_percent, vendor, weight_grams) values (?, ?, ?, ?, ?, ?, ?, ?, ?, ?, ?, ?, ?, ?, ?, ?, ?)
2022-12-10T15:44:07.266-05:00 DEBUG 63538 --- [    Test worker] org.hibernate.SQL                        : insert into store_item (added, bisabolol_percent, caryophyllene_percent, cbd_percent, humulene_percent, limonene_percent, linalool_percent, myrcene_percent, pinene_percent, price_dollars, store_id, strain, subspecies_id, terpinolene_percent, thc_percent, vendor, weight_grams) values (?, ?, ?, ?, ?, ?, ?, ?, ?, ?, ?, ?, ?, ?, ?, ?, ?)
2022-12-10T15:44:07.267-05:00 DEBUG 63538 --- [    Test worker] org.hibernate.SQL                        : insert into store_item (added, bisabolol_percent, caryophyllene_percent, cbd_percent, humulene_percent, limonene_percent, linalool_percent, myrcene_percent, pinene_percent, price_dollars, store_id, strain, subspecies_id, terpinolene_percent, thc_percent, vendor, weight_grams) values (?, ?, ?, ?, ?, ?, ?, ?, ?, ?, ?, ?, ?, ?, ?, ?, ?)
2022-12-10T15:44:07.269-05:00 DEBUG 63538 --- [    Test worker] org.hibernate.SQL                        : insert into store_item (added, bisabolol_percent, caryophyllene_percent, cbd_percent, humulene_percent, limonene_percent, linalool_percent, myrcene_percent, pinene_percent, price_dollars, store_id, strain, subspecies_id, terpinolene_percent, thc_percent, vendor, weight_grams) values (?, ?, ?, ?, ?, ?, ?, ?, ?, ?, ?, ?, ?, ?, ?, ?, ?)
2022-12-10T15:44:07.270-05:00 DEBUG 63538 --- [    Test worker] org.hibernate.SQL                        : insert into store_item (added, bisabolol_percent, caryophyllene_percent, cbd_percent, humulene_percent, limonene_percent, linalool_percent, myrcene_percent, pinene_percent, price_dollars, store_id, strain, subspecies_id, terpinolene_percent, thc_percent, vendor, weight_grams) values (?, ?, ?, ?, ?, ?, ?, ?, ?, ?, ?, ?, ?, ?, ?, ?, ?)
2022-12-10T15:44:07.272-05:00 DEBUG 63538 --- [    Test worker] org.hibernate.SQL                        : insert into store_item (added, bisabolol_percent, caryophyllene_percent, cbd_percent, humulene_percent, limonene_percent, linalool_percent, myrcene_percent, pinene_percent, price_dollars, store_id, strain, subspecies_id, terpinolene_percent, thc_percent, vendor, weight_grams) values (?, ?, ?, ?, ?, ?, ?, ?, ?, ?, ?, ?, ?, ?, ?, ?, ?)
2022-12-10T15:44:07.273-05:00 DEBUG 63538 --- [    Test worker] org.hibernate.SQL                        : insert into store_item (added, bisabolol_percent, caryophyllene_percent, cbd_percent, humulene_percent, limonene_percent, linalool_percent, myrcene_percent, pinene_percent, price_dollars, store_id, strain, subspecies_id, terpinolene_percent, thc_percent, vendor, weight_grams) values (?, ?, ?, ?, ?, ?, ?, ?, ?, ?, ?, ?, ?, ?, ?, ?, ?)
2022-12-10T15:44:07.275-05:00 DEBUG 63538 --- [    Test worker] org.hibernate.SQL                        : insert into store_item (added, bisabolol_percent, caryophyllene_percent, cbd_percent, humulene_percent, limonene_percent, linalool_percent, myrcene_percent, pinene_percent, price_dollars, store_id, strain, subspecies_id, terpinolene_percent, thc_percent, vendor, weight_grams) values (?, ?, ?, ?, ?, ?, ?, ?, ?, ?, ?, ?, ?, ?, ?, ?, ?)
2022-12-10T15:44:07.276-05:00 DEBUG 63538 --- [    Test worker] org.hibernate.SQL                        : insert into store_item (added, bisabolol_percent, caryophyllene_percent, cbd_percent, humulene_percent, limonene_percent, linalool_percent, myrcene_percent, pinene_percent, price_dollars, store_id, strain, subspecies_id, terpinolene_percent, thc_percent, vendor, weight_grams) values (?, ?, ?, ?, ?, ?, ?, ?, ?, ?, ?, ?, ?, ?, ?, ?, ?)
2022-12-10T15:44:07.278-05:00 DEBUG 63538 --- [    Test worker] org.hibernate.SQL                        : insert into store_item (added, bisabolol_percent, caryophyllene_percent, cbd_percent, humulene_percent, limonene_percent, linalool_percent, myrcene_percent, pinene_percent, price_dollars, store_id, strain, subspecies_id, terpinolene_percent, thc_percent, vendor, weight_grams) values (?, ?, ?, ?, ?, ?, ?, ?, ?, ?, ?, ?, ?, ?, ?, ?, ?)
2022-12-10T15:44:07.279-05:00 DEBUG 63538 --- [    Test worker] org.hibernate.SQL                        : insert into store_item (added, bisabolol_percent, caryophyllene_percent, cbd_percent, humulene_percent, limonene_percent, linalool_percent, myrcene_percent, pinene_percent, price_dollars, store_id, strain, subspecies_id, terpinolene_percent, thc_percent, vendor, weight_grams) values (?, ?, ?, ?, ?, ?, ?, ?, ?, ?, ?, ?, ?, ?, ?, ?, ?)
2022-12-10T15:44:07.280-05:00 DEBUG 63538 --- [    Test worker] org.hibernate.SQL                        : insert into store_item (added, bisabolol_percent, caryophyllene_percent, cbd_percent, humulene_percent, limonene_percent, linalool_percent, myrcene_percent, pinene_percent, price_dollars, store_id, strain, subspecies_id, terpinolene_percent, thc_percent, vendor, weight_grams) values (?, ?, ?, ?, ?, ?, ?, ?, ?, ?, ?, ?, ?, ?, ?, ?, ?)
2022-12-10T15:44:07.282-05:00 DEBUG 63538 --- [    Test worker] org.hibernate.SQL                        : insert into store_item (added, bisabolol_percent, caryophyllene_percent, cbd_percent, humulene_percent, limonene_percent, linalool_percent, myrcene_percent, pinene_percent, price_dollars, store_id, strain, subspecies_id, terpinolene_percent, thc_percent, vendor, weight_grams) values (?, ?, ?, ?, ?, ?, ?, ?, ?, ?, ?, ?, ?, ?, ?, ?, ?)
2022-12-10T15:44:07.283-05:00 DEBUG 63538 --- [    Test worker] org.hibernate.SQL                        : insert into store_item (added, bisabolol_percent, caryophyllene_percent, cbd_percent, humulene_percent, limonene_percent, linalool_percent, myrcene_percent, pinene_percent, price_dollars, store_id, strain, subspecies_id, terpinolene_percent, thc_percent, vendor, weight_grams) values (?, ?, ?, ?, ?, ?, ?, ?, ?, ?, ?, ?, ?, ?, ?, ?, ?)
2022-12-10T15:44:07.285-05:00 DEBUG 63538 --- [    Test worker] org.hibernate.SQL                        : insert into store_item (added, bisabolol_percent, caryophyllene_percent, cbd_percent, humulene_percent, limonene_percent, linalool_percent, myrcene_percent, pinene_percent, price_dollars, store_id, strain, subspecies_id, terpinolene_percent, thc_percent, vendor, weight_grams) values (?, ?, ?, ?, ?, ?, ?, ?, ?, ?, ?, ?, ?, ?, ?, ?, ?)
2022-12-10T15:44:07.286-05:00 DEBUG 63538 --- [    Test worker] org.hibernate.SQL                        : insert into store_item (added, bisabolol_percent, caryophyllene_percent, cbd_percent, humulene_percent, limonene_percent, linalool_percent, myrcene_percent, pinene_percent, price_dollars, store_id, strain, subspecies_id, terpinolene_percent, thc_percent, vendor, weight_grams) values (?, ?, ?, ?, ?, ?, ?, ?, ?, ?, ?, ?, ?, ?, ?, ?, ?)
2022-12-10T15:44:07.289-05:00 DEBUG 63538 --- [    Test worker] org.hibernate.SQL                        : insert into store_item (added, bisabolol_percent, caryophyllene_percent, cbd_percent, humulene_percent, limonene_percent, linalool_percent, myrcene_percent, pinene_percent, price_dollars, store_id, strain, subspecies_id, terpinolene_percent, thc_percent, vendor, weight_grams) values (?, ?, ?, ?, ?, ?, ?, ?, ?, ?, ?, ?, ?, ?, ?, ?, ?)
2022-12-10T15:44:07.292-05:00 DEBUG 63538 --- [    Test worker] org.hibernate.SQL                        : insert into store_item (added, bisabolol_percent, caryophyllene_percent, cbd_percent, humulene_percent, limonene_percent, linalool_percent, myrcene_percent, pinene_percent, price_dollars, store_id, strain, subspecies_id, terpinolene_percent, thc_percent, vendor, weight_grams) values (?, ?, ?, ?, ?, ?, ?, ?, ?, ?, ?, ?, ?, ?, ?, ?, ?)
2022-12-10T15:44:07.297-05:00 DEBUG 63538 --- [    Test worker] org.hibernate.SQL                        : insert into store_item (added, bisabolol_percent, caryophyllene_percent, cbd_percent, humulene_percent, limonene_percent, linalool_percent, myrcene_percent, pinene_percent, price_dollars, store_id, strain, subspecies_id, terpinolene_percent, thc_percent, vendor, weight_grams) values (?, ?, ?, ?, ?, ?, ?, ?, ?, ?, ?, ?, ?, ?, ?, ?, ?)
2022-12-10T15:44:07.299-05:00 DEBUG 63538 --- [    Test worker] org.hibernate.SQL                        : insert into store_item (added, bisabolol_percent, caryophyllene_percent, cbd_percent, humulene_percent, limonene_percent, linalool_percent, myrcene_percent, pinene_percent, price_dollars, store_id, strain, subspecies_id, terpinolene_percent, thc_percent, vendor, weight_grams) values (?, ?, ?, ?, ?, ?, ?, ?, ?, ?, ?, ?, ?, ?, ?, ?, ?)
2022-12-10T15:44:07.301-05:00 DEBUG 63538 --- [    Test worker] org.hibernate.SQL                        : insert into store_item (added, bisabolol_percent, caryophyllene_percent, cbd_percent, humulene_percent, limonene_percent, linalool_percent, myrcene_percent, pinene_percent, price_dollars, store_id, strain, subspecies_id, terpinolene_percent, thc_percent, vendor, weight_grams) values (?, ?, ?, ?, ?, ?, ?, ?, ?, ?, ?, ?, ?, ?, ?, ?, ?)
2022-12-10T15:44:07.303-05:00 DEBUG 63538 --- [    Test worker] org.hibernate.SQL                        : insert into store_item (added, bisabolol_percent, caryophyllene_percent, cbd_percent, humulene_percent, limonene_percent, linalool_percent, myrcene_percent, pinene_percent, price_dollars, store_id, strain, subspecies_id, terpinolene_percent, thc_percent, vendor, weight_grams) values (?, ?, ?, ?, ?, ?, ?, ?, ?, ?, ?, ?, ?, ?, ?, ?, ?)
2022-12-10T15:44:07.304-05:00 DEBUG 63538 --- [    Test worker] org.hibernate.SQL                        : insert into store_item (added, bisabolol_percent, caryophyllene_percent, cbd_percent, humulene_percent, limonene_percent, linalool_percent, myrcene_percent, pinene_percent, price_dollars, store_id, strain, subspecies_id, terpinolene_percent, thc_percent, vendor, weight_grams) values (?, ?, ?, ?, ?, ?, ?, ?, ?, ?, ?, ?, ?, ?, ?, ?, ?)
2022-12-10T15:44:07.306-05:00 DEBUG 63538 --- [    Test worker] org.hibernate.SQL                        : insert into store_item (added, bisabolol_percent, caryophyllene_percent, cbd_percent, humulene_percent, limonene_percent, linalool_percent, myrcene_percent, pinene_percent, price_dollars, store_id, strain, subspecies_id, terpinolene_percent, thc_percent, vendor, weight_grams) values (?, ?, ?, ?, ?, ?, ?, ?, ?, ?, ?, ?, ?, ?, ?, ?, ?)
2022-12-10T15:44:07.307-05:00 DEBUG 63538 --- [    Test worker] org.hibernate.SQL                        : insert into store_item (added, bisabolol_percent, caryophyllene_percent, cbd_percent, humulene_percent, limonene_percent, linalool_percent, myrcene_percent, pinene_percent, price_dollars, store_id, strain, subspecies_id, terpinolene_percent, thc_percent, vendor, weight_grams) values (?, ?, ?, ?, ?, ?, ?, ?, ?, ?, ?, ?, ?, ?, ?, ?, ?)
2022-12-10T15:44:07.309-05:00 DEBUG 63538 --- [    Test worker] org.hibernate.SQL                        : insert into store_item (added, bisabolol_percent, caryophyllene_percent, cbd_percent, humulene_percent, limonene_percent, linalool_percent, myrcene_percent, pinene_percent, price_dollars, store_id, strain, subspecies_id, terpinolene_percent, thc_percent, vendor, weight_grams) values (?, ?, ?, ?, ?, ?, ?, ?, ?, ?, ?, ?, ?, ?, ?, ?, ?)
2022-12-10T15:44:07.310-05:00 DEBUG 63538 --- [    Test worker] org.hibernate.SQL                        : insert into store_item (added, bisabolol_percent, caryophyllene_percent, cbd_percent, humulene_percent, limonene_percent, linalool_percent, myrcene_percent, pinene_percent, price_dollars, store_id, strain, subspecies_id, terpinolene_percent, thc_percent, vendor, weight_grams) values (?, ?, ?, ?, ?, ?, ?, ?, ?, ?, ?, ?, ?, ?, ?, ?, ?)
2022-12-10T15:44:07.312-05:00 DEBUG 63538 --- [    Test worker] org.hibernate.SQL                        : insert into store_item (added, bisabolol_percent, caryophyllene_percent, cbd_percent, humulene_percent, limonene_percent, linalool_percent, myrcene_percent, pinene_percent, price_dollars, store_id, strain, subspecies_id, terpinolene_percent, thc_percent, vendor, weight_grams) values (?, ?, ?, ?, ?, ?, ?, ?, ?, ?, ?, ?, ?, ?, ?, ?, ?)
2022-12-10T15:44:07.313-05:00 DEBUG 63538 --- [    Test worker] org.hibernate.SQL                        : insert into store_item (added, bisabolol_percent, caryophyllene_percent, cbd_percent, humulene_percent, limonene_percent, linalool_percent, myrcene_percent, pinene_percent, price_dollars, store_id, strain, subspecies_id, terpinolene_percent, thc_percent, vendor, weight_grams) values (?, ?, ?, ?, ?, ?, ?, ?, ?, ?, ?, ?, ?, ?, ?, ?, ?)
2022-12-10T15:44:07.315-05:00 DEBUG 63538 --- [    Test worker] org.hibernate.SQL                        : insert into store_item (added, bisabolol_percent, caryophyllene_percent, cbd_percent, humulene_percent, limonene_percent, linalool_percent, myrcene_percent, pinene_percent, price_dollars, store_id, strain, subspecies_id, terpinolene_percent, thc_percent, vendor, weight_grams) values (?, ?, ?, ?, ?, ?, ?, ?, ?, ?, ?, ?, ?, ?, ?, ?, ?)
2022-12-10T15:44:07.316-05:00 DEBUG 63538 --- [    Test worker] org.hibernate.SQL                        : insert into store_item (added, bisabolol_percent, caryophyllene_percent, cbd_percent, humulene_percent, limonene_percent, linalool_percent, myrcene_percent, pinene_percent, price_dollars, store_id, strain, subspecies_id, terpinolene_percent, thc_percent, vendor, weight_grams) values (?, ?, ?, ?, ?, ?, ?, ?, ?, ?, ?, ?, ?, ?, ?, ?, ?)
2022-12-10T15:44:07.318-05:00 DEBUG 63538 --- [    Test worker] org.hibernate.SQL                        : insert into store_item (added, bisabolol_percent, caryophyllene_percent, cbd_percent, humulene_percent, limonene_percent, linalool_percent, myrcene_percent, pinene_percent, price_dollars, store_id, strain, subspecies_id, terpinolene_percent, thc_percent, vendor, weight_grams) values (?, ?, ?, ?, ?, ?, ?, ?, ?, ?, ?, ?, ?, ?, ?, ?, ?)
2022-12-10T15:44:07.319-05:00 DEBUG 63538 --- [    Test worker] org.hibernate.SQL                        : insert into store_item (added, bisabolol_percent, caryophyllene_percent, cbd_percent, humulene_percent, limonene_percent, linalool_percent, myrcene_percent, pinene_percent, price_dollars, store_id, strain, subspecies_id, terpinolene_percent, thc_percent, vendor, weight_grams) values (?, ?, ?, ?, ?, ?, ?, ?, ?, ?, ?, ?, ?, ?, ?, ?, ?)
2022-12-10T15:44:07.320-05:00 DEBUG 63538 --- [    Test worker] org.hibernate.SQL                        : insert into store_item (added, bisabolol_percent, caryophyllene_percent, cbd_percent, humulene_percent, limonene_percent, linalool_percent, myrcene_percent, pinene_percent, price_dollars, store_id, strain, subspecies_id, terpinolene_percent, thc_percent, vendor, weight_grams) values (?, ?, ?, ?, ?, ?, ?, ?, ?, ?, ?, ?, ?, ?, ?, ?, ?)
2022-12-10T15:44:07.321-05:00 DEBUG 63538 --- [    Test worker] org.hibernate.SQL                        : insert into store_item (added, bisabolol_percent, caryophyllene_percent, cbd_percent, humulene_percent, limonene_percent, linalool_percent, myrcene_percent, pinene_percent, price_dollars, store_id, strain, subspecies_id, terpinolene_percent, thc_percent, vendor, weight_grams) values (?, ?, ?, ?, ?, ?, ?, ?, ?, ?, ?, ?, ?, ?, ?, ?, ?)
2022-12-10T15:44:07.323-05:00 DEBUG 63538 --- [    Test worker] org.hibernate.SQL                        : insert into store_item (added, bisabolol_percent, caryophyllene_percent, cbd_percent, humulene_percent, limonene_percent, linalool_percent, myrcene_percent, pinene_percent, price_dollars, store_id, strain, subspecies_id, terpinolene_percent, thc_percent, vendor, weight_grams) values (?, ?, ?, ?, ?, ?, ?, ?, ?, ?, ?, ?, ?, ?, ?, ?, ?)
2022-12-10T15:44:07.324-05:00 DEBUG 63538 --- [    Test worker] org.hibernate.SQL                        : insert into store_item (added, bisabolol_percent, caryophyllene_percent, cbd_percent, humulene_percent, limonene_percent, linalool_percent, myrcene_percent, pinene_percent, price_dollars, store_id, strain, subspecies_id, terpinolene_percent, thc_percent, vendor, weight_grams) values (?, ?, ?, ?, ?, ?, ?, ?, ?, ?, ?, ?, ?, ?, ?, ?, ?)
2022-12-10T15:44:07.325-05:00 DEBUG 63538 --- [    Test worker] org.hibernate.SQL                        : insert into store_item (added, bisabolol_percent, caryophyllene_percent, cbd_percent, humulene_percent, limonene_percent, linalool_percent, myrcene_percent, pinene_percent, price_dollars, store_id, strain, subspecies_id, terpinolene_percent, thc_percent, vendor, weight_grams) values (?, ?, ?, ?, ?, ?, ?, ?, ?, ?, ?, ?, ?, ?, ?, ?, ?)
2022-12-10T15:44:07.326-05:00 DEBUG 63538 --- [    Test worker] org.hibernate.SQL                        : insert into store_item (added, bisabolol_percent, caryophyllene_percent, cbd_percent, humulene_percent, limonene_percent, linalool_percent, myrcene_percent, pinene_percent, price_dollars, store_id, strain, subspecies_id, terpinolene_percent, thc_percent, vendor, weight_grams) values (?, ?, ?, ?, ?, ?, ?, ?, ?, ?, ?, ?, ?, ?, ?, ?, ?)
2022-12-10T15:44:07.328-05:00 DEBUG 63538 --- [    Test worker] org.hibernate.SQL                        : insert into store_item (added, bisabolol_percent, caryophyllene_percent, cbd_percent, humulene_percent, limonene_percent, linalool_percent, myrcene_percent, pinene_percent, price_dollars, store_id, strain, subspecies_id, terpinolene_percent, thc_percent, vendor, weight_grams) values (?, ?, ?, ?, ?, ?, ?, ?, ?, ?, ?, ?, ?, ?, ?, ?, ?)
2022-12-10T15:44:07.329-05:00 DEBUG 63538 --- [    Test worker] org.hibernate.SQL                        : insert into store_item (added, bisabolol_percent, caryophyllene_percent, cbd_percent, humulene_percent, limonene_percent, linalool_percent, myrcene_percent, pinene_percent, price_dollars, store_id, strain, subspecies_id, terpinolene_percent, thc_percent, vendor, weight_grams) values (?, ?, ?, ?, ?, ?, ?, ?, ?, ?, ?, ?, ?, ?, ?, ?, ?)
2022-12-10T15:44:07.330-05:00 DEBUG 63538 --- [    Test worker] org.hibernate.SQL                        : insert into store_item (added, bisabolol_percent, caryophyllene_percent, cbd_percent, humulene_percent, limonene_percent, linalool_percent, myrcene_percent, pinene_percent, price_dollars, store_id, strain, subspecies_id, terpinolene_percent, thc_percent, vendor, weight_grams) values (?, ?, ?, ?, ?, ?, ?, ?, ?, ?, ?, ?, ?, ?, ?, ?, ?)
2022-12-10T15:44:07.331-05:00 DEBUG 63538 --- [    Test worker] org.hibernate.SQL                        : insert into store_item (added, bisabolol_percent, caryophyllene_percent, cbd_percent, humulene_percent, limonene_percent, linalool_percent, myrcene_percent, pinene_percent, price_dollars, store_id, strain, subspecies_id, terpinolene_percent, thc_percent, vendor, weight_grams) values (?, ?, ?, ?, ?, ?, ?, ?, ?, ?, ?, ?, ?, ?, ?, ?, ?)
2022-12-10T15:44:07.333-05:00 DEBUG 63538 --- [    Test worker] org.hibernate.SQL                        : insert into store_item (added, bisabolol_percent, caryophyllene_percent, cbd_percent, humulene_percent, limonene_percent, linalool_percent, myrcene_percent, pinene_percent, price_dollars, store_id, strain, subspecies_id, terpinolene_percent, thc_percent, vendor, weight_grams) values (?, ?, ?, ?, ?, ?, ?, ?, ?, ?, ?, ?, ?, ?, ?, ?, ?)
2022-12-10T15:44:07.334-05:00 DEBUG 63538 --- [    Test worker] org.hibernate.SQL                        : insert into store_item (added, bisabolol_percent, caryophyllene_percent, cbd_percent, humulene_percent, limonene_percent, linalool_percent, myrcene_percent, pinene_percent, price_dollars, store_id, strain, subspecies_id, terpinolene_percent, thc_percent, vendor, weight_grams) values (?, ?, ?, ?, ?, ?, ?, ?, ?, ?, ?, ?, ?, ?, ?, ?, ?)
2022-12-10T15:44:07.336-05:00 DEBUG 63538 --- [    Test worker] org.hibernate.SQL                        : insert into store_item (added, bisabolol_percent, caryophyllene_percent, cbd_percent, humulene_percent, limonene_percent, linalool_percent, myrcene_percent, pinene_percent, price_dollars, store_id, strain, subspecies_id, terpinolene_percent, thc_percent, vendor, weight_grams) values (?, ?, ?, ?, ?, ?, ?, ?, ?, ?, ?, ?, ?, ?, ?, ?, ?)
2022-12-10T15:44:07.337-05:00 DEBUG 63538 --- [    Test worker] org.hibernate.SQL                        : insert into store_item (added, bisabolol_percent, caryophyllene_percent, cbd_percent, humulene_percent, limonene_percent, linalool_percent, myrcene_percent, pinene_percent, price_dollars, store_id, strain, subspecies_id, terpinolene_percent, thc_percent, vendor, weight_grams) values (?, ?, ?, ?, ?, ?, ?, ?, ?, ?, ?, ?, ?, ?, ?, ?, ?)
2022-12-10T15:44:07.338-05:00 DEBUG 63538 --- [    Test worker] org.hibernate.SQL                        : insert into store_item (added, bisabolol_percent, caryophyllene_percent, cbd_percent, humulene_percent, limonene_percent, linalool_percent, myrcene_percent, pinene_percent, price_dollars, store_id, strain, subspecies_id, terpinolene_percent, thc_percent, vendor, weight_grams) values (?, ?, ?, ?, ?, ?, ?, ?, ?, ?, ?, ?, ?, ?, ?, ?, ?)
2022-12-10T15:44:07.340-05:00 DEBUG 63538 --- [    Test worker] org.hibernate.SQL                        : insert into store_item (added, bisabolol_percent, caryophyllene_percent, cbd_percent, humulene_percent, limonene_percent, linalool_percent, myrcene_percent, pinene_percent, price_dollars, store_id, strain, subspecies_id, terpinolene_percent, thc_percent, vendor, weight_grams) values (?, ?, ?, ?, ?, ?, ?, ?, ?, ?, ?, ?, ?, ?, ?, ?, ?)
2022-12-10T15:44:07.341-05:00 DEBUG 63538 --- [    Test worker] org.hibernate.SQL                        : insert into store_item (added, bisabolol_percent, caryophyllene_percent, cbd_percent, humulene_percent, limonene_percent, linalool_percent, myrcene_percent, pinene_percent, price_dollars, store_id, strain, subspecies_id, terpinolene_percent, thc_percent, vendor, weight_grams) values (?, ?, ?, ?, ?, ?, ?, ?, ?, ?, ?, ?, ?, ?, ?, ?, ?)
2022-12-10T15:44:07.343-05:00 DEBUG 63538 --- [    Test worker] org.hibernate.SQL                        : insert into store_item (added, bisabolol_percent, caryophyllene_percent, cbd_percent, humulene_percent, limonene_percent, linalool_percent, myrcene_percent, pinene_percent, price_dollars, store_id, strain, subspecies_id, terpinolene_percent, thc_percent, vendor, weight_grams) values (?, ?, ?, ?, ?, ?, ?, ?, ?, ?, ?, ?, ?, ?, ?, ?, ?)
2022-12-10T15:44:07.344-05:00 DEBUG 63538 --- [    Test worker] org.hibernate.SQL                        : insert into store_item (added, bisabolol_percent, caryophyllene_percent, cbd_percent, humulene_percent, limonene_percent, linalool_percent, myrcene_percent, pinene_percent, price_dollars, store_id, strain, subspecies_id, terpinolene_percent, thc_percent, vendor, weight_grams) values (?, ?, ?, ?, ?, ?, ?, ?, ?, ?, ?, ?, ?, ?, ?, ?, ?)
2022-12-10T15:44:07.346-05:00 DEBUG 63538 --- [    Test worker] org.hibernate.SQL                        : insert into store_item (added, bisabolol_percent, caryophyllene_percent, cbd_percent, humulene_percent, limonene_percent, linalool_percent, myrcene_percent, pinene_percent, price_dollars, store_id, strain, subspecies_id, terpinolene_percent, thc_percent, vendor, weight_grams) values (?, ?, ?, ?, ?, ?, ?, ?, ?, ?, ?, ?, ?, ?, ?, ?, ?)
2022-12-10T15:44:07.347-05:00 DEBUG 63538 --- [    Test worker] org.hibernate.SQL                        : insert into store_item (added, bisabolol_percent, caryophyllene_percent, cbd_percent, humulene_percent, limonene_percent, linalool_percent, myrcene_percent, pinene_percent, price_dollars, store_id, strain, subspecies_id, terpinolene_percent, thc_percent, vendor, weight_grams) values (?, ?, ?, ?, ?, ?, ?, ?, ?, ?, ?, ?, ?, ?, ?, ?, ?)
2022-12-10T15:44:07.349-05:00 DEBUG 63538 --- [    Test worker] org.hibernate.SQL                        : insert into store_item (added, bisabolol_percent, caryophyllene_percent, cbd_percent, humulene_percent, limonene_percent, linalool_percent, myrcene_percent, pinene_percent, price_dollars, store_id, strain, subspecies_id, terpinolene_percent, thc_percent, vendor, weight_grams) values (?, ?, ?, ?, ?, ?, ?, ?, ?, ?, ?, ?, ?, ?, ?, ?, ?)
2022-12-10T15:44:07.350-05:00 DEBUG 63538 --- [    Test worker] org.hibernate.SQL                        : insert into store_item (added, bisabolol_percent, caryophyllene_percent, cbd_percent, humulene_percent, limonene_percent, linalool_percent, myrcene_percent, pinene_percent, price_dollars, store_id, strain, subspecies_id, terpinolene_percent, thc_percent, vendor, weight_grams) values (?, ?, ?, ?, ?, ?, ?, ?, ?, ?, ?, ?, ?, ?, ?, ?, ?)
2022-12-10T15:44:07.351-05:00 DEBUG 63538 --- [    Test worker] org.hibernate.SQL                        : insert into store_item (added, bisabolol_percent, caryophyllene_percent, cbd_percent, humulene_percent, limonene_percent, linalool_percent, myrcene_percent, pinene_percent, price_dollars, store_id, strain, subspecies_id, terpinolene_percent, thc_percent, vendor, weight_grams) values (?, ?, ?, ?, ?, ?, ?, ?, ?, ?, ?, ?, ?, ?, ?, ?, ?)
2022-12-10T15:44:07.353-05:00 DEBUG 63538 --- [    Test worker] org.hibernate.SQL                        : insert into store_item (added, bisabolol_percent, caryophyllene_percent, cbd_percent, humulene_percent, limonene_percent, linalool_percent, myrcene_percent, pinene_percent, price_dollars, store_id, strain, subspecies_id, terpinolene_percent, thc_percent, vendor, weight_grams) values (?, ?, ?, ?, ?, ?, ?, ?, ?, ?, ?, ?, ?, ?, ?, ?, ?)
2022-12-10T15:44:07.354-05:00 DEBUG 63538 --- [    Test worker] org.hibernate.SQL                        : insert into store_item (added, bisabolol_percent, caryophyllene_percent, cbd_percent, humulene_percent, limonene_percent, linalool_percent, myrcene_percent, pinene_percent, price_dollars, store_id, strain, subspecies_id, terpinolene_percent, thc_percent, vendor, weight_grams) values (?, ?, ?, ?, ?, ?, ?, ?, ?, ?, ?, ?, ?, ?, ?, ?, ?)
2022-12-10T15:44:07.356-05:00 DEBUG 63538 --- [    Test worker] org.hibernate.SQL                        : insert into store_item (added, bisabolol_percent, caryophyllene_percent, cbd_percent, humulene_percent, limonene_percent, linalool_percent, myrcene_percent, pinene_percent, price_dollars, store_id, strain, subspecies_id, terpinolene_percent, thc_percent, vendor, weight_grams) values (?, ?, ?, ?, ?, ?, ?, ?, ?, ?, ?, ?, ?, ?, ?, ?, ?)
2022-12-10T15:44:07.357-05:00 DEBUG 63538 --- [    Test worker] org.hibernate.SQL                        : insert into store_item (added, bisabolol_percent, caryophyllene_percent, cbd_percent, humulene_percent, limonene_percent, linalool_percent, myrcene_percent, pinene_percent, price_dollars, store_id, strain, subspecies_id, terpinolene_percent, thc_percent, vendor, weight_grams) values (?, ?, ?, ?, ?, ?, ?, ?, ?, ?, ?, ?, ?, ?, ?, ?, ?)
2022-12-10T15:44:07.358-05:00 DEBUG 63538 --- [    Test worker] org.hibernate.SQL                        : insert into store_item (added, bisabolol_percent, caryophyllene_percent, cbd_percent, humulene_percent, limonene_percent, linalool_percent, myrcene_percent, pinene_percent, price_dollars, store_id, strain, subspecies_id, terpinolene_percent, thc_percent, vendor, weight_grams) values (?, ?, ?, ?, ?, ?, ?, ?, ?, ?, ?, ?, ?, ?, ?, ?, ?)
2022-12-10T15:44:07.360-05:00 DEBUG 63538 --- [    Test worker] org.hibernate.SQL                        : insert into store_item (added, bisabolol_percent, caryophyllene_percent, cbd_percent, humulene_percent, limonene_percent, linalool_percent, myrcene_percent, pinene_percent, price_dollars, store_id, strain, subspecies_id, terpinolene_percent, thc_percent, vendor, weight_grams) values (?, ?, ?, ?, ?, ?, ?, ?, ?, ?, ?, ?, ?, ?, ?, ?, ?)
2022-12-10T15:44:07.361-05:00 DEBUG 63538 --- [    Test worker] org.hibernate.SQL                        : insert into store_item (added, bisabolol_percent, caryophyllene_percent, cbd_percent, humulene_percent, limonene_percent, linalool_percent, myrcene_percent, pinene_percent, price_dollars, store_id, strain, subspecies_id, terpinolene_percent, thc_percent, vendor, weight_grams) values (?, ?, ?, ?, ?, ?, ?, ?, ?, ?, ?, ?, ?, ?, ?, ?, ?)
2022-12-10T15:44:07.362-05:00 DEBUG 63538 --- [    Test worker] org.hibernate.SQL                        : insert into store_item (added, bisabolol_percent, caryophyllene_percent, cbd_percent, humulene_percent, limonene_percent, linalool_percent, myrcene_percent, pinene_percent, price_dollars, store_id, strain, subspecies_id, terpinolene_percent, thc_percent, vendor, weight_grams) values (?, ?, ?, ?, ?, ?, ?, ?, ?, ?, ?, ?, ?, ?, ?, ?, ?)
2022-12-10T15:44:07.364-05:00 DEBUG 63538 --- [    Test worker] org.hibernate.SQL                        : insert into store_item (added, bisabolol_percent, caryophyllene_percent, cbd_percent, humulene_percent, limonene_percent, linalool_percent, myrcene_percent, pinene_percent, price_dollars, store_id, strain, subspecies_id, terpinolene_percent, thc_percent, vendor, weight_grams) values (?, ?, ?, ?, ?, ?, ?, ?, ?, ?, ?, ?, ?, ?, ?, ?, ?)
2022-12-10T15:44:07.365-05:00 DEBUG 63538 --- [    Test worker] org.hibernate.SQL                        : insert into store_item (added, bisabolol_percent, caryophyllene_percent, cbd_percent, humulene_percent, limonene_percent, linalool_percent, myrcene_percent, pinene_percent, price_dollars, store_id, strain, subspecies_id, terpinolene_percent, thc_percent, vendor, weight_grams) values (?, ?, ?, ?, ?, ?, ?, ?, ?, ?, ?, ?, ?, ?, ?, ?, ?)
2022-12-10T15:44:07.366-05:00 DEBUG 63538 --- [    Test worker] org.hibernate.SQL                        : insert into store_item (added, bisabolol_percent, caryophyllene_percent, cbd_percent, humulene_percent, limonene_percent, linalool_percent, myrcene_percent, pinene_percent, price_dollars, store_id, strain, subspecies_id, terpinolene_percent, thc_percent, vendor, weight_grams) values (?, ?, ?, ?, ?, ?, ?, ?, ?, ?, ?, ?, ?, ?, ?, ?, ?)
2022-12-10T15:44:07.368-05:00 DEBUG 63538 --- [    Test worker] org.hibernate.SQL                        : insert into store_item (added, bisabolol_percent, caryophyllene_percent, cbd_percent, humulene_percent, limonene_percent, linalool_percent, myrcene_percent, pinene_percent, price_dollars, store_id, strain, subspecies_id, terpinolene_percent, thc_percent, vendor, weight_grams) values (?, ?, ?, ?, ?, ?, ?, ?, ?, ?, ?, ?, ?, ?, ?, ?, ?)
2022-12-10T15:44:07.370-05:00 DEBUG 63538 --- [    Test worker] org.hibernate.SQL                        : insert into store_item (added, bisabolol_percent, caryophyllene_percent, cbd_percent, humulene_percent, limonene_percent, linalool_percent, myrcene_percent, pinene_percent, price_dollars, store_id, strain, subspecies_id, terpinolene_percent, thc_percent, vendor, weight_grams) values (?, ?, ?, ?, ?, ?, ?, ?, ?, ?, ?, ?, ?, ?, ?, ?, ?)
2022-12-10T15:44:07.371-05:00 DEBUG 63538 --- [    Test worker] org.hibernate.SQL                        : insert into store_item (added, bisabolol_percent, caryophyllene_percent, cbd_percent, humulene_percent, limonene_percent, linalool_percent, myrcene_percent, pinene_percent, price_dollars, store_id, strain, subspecies_id, terpinolene_percent, thc_percent, vendor, weight_grams) values (?, ?, ?, ?, ?, ?, ?, ?, ?, ?, ?, ?, ?, ?, ?, ?, ?)
2022-12-10T15:44:07.372-05:00 DEBUG 63538 --- [    Test worker] org.hibernate.SQL                        : insert into store_item (added, bisabolol_percent, caryophyllene_percent, cbd_percent, humulene_percent, limonene_percent, linalool_percent, myrcene_percent, pinene_percent, price_dollars, store_id, strain, subspecies_id, terpinolene_percent, thc_percent, vendor, weight_grams) values (?, ?, ?, ?, ?, ?, ?, ?, ?, ?, ?, ?, ?, ?, ?, ?, ?)
2022-12-10T15:44:07.374-05:00 DEBUG 63538 --- [    Test worker] org.hibernate.SQL                        : insert into store_item (added, bisabolol_percent, caryophyllene_percent, cbd_percent, humulene_percent, limonene_percent, linalool_percent, myrcene_percent, pinene_percent, price_dollars, store_id, strain, subspecies_id, terpinolene_percent, thc_percent, vendor, weight_grams) values (?, ?, ?, ?, ?, ?, ?, ?, ?, ?, ?, ?, ?, ?, ?, ?, ?)
2022-12-10T15:44:07.375-05:00 DEBUG 63538 --- [    Test worker] org.hibernate.SQL                        : insert into store_item (added, bisabolol_percent, caryophyllene_percent, cbd_percent, humulene_percent, limonene_percent, linalool_percent, myrcene_percent, pinene_percent, price_dollars, store_id, strain, subspecies_id, terpinolene_percent, thc_percent, vendor, weight_grams) values (?, ?, ?, ?, ?, ?, ?, ?, ?, ?, ?, ?, ?, ?, ?, ?, ?)
2022-12-10T15:44:07.376-05:00 DEBUG 63538 --- [    Test worker] org.hibernate.SQL                        : insert into store_item (added, bisabolol_percent, caryophyllene_percent, cbd_percent, humulene_percent, limonene_percent, linalool_percent, myrcene_percent, pinene_percent, price_dollars, store_id, strain, subspecies_id, terpinolene_percent, thc_percent, vendor, weight_grams) values (?, ?, ?, ?, ?, ?, ?, ?, ?, ?, ?, ?, ?, ?, ?, ?, ?)
2022-12-10T15:44:07.378-05:00 DEBUG 63538 --- [    Test worker] org.hibernate.SQL                        : insert into store_item (added, bisabolol_percent, caryophyllene_percent, cbd_percent, humulene_percent, limonene_percent, linalool_percent, myrcene_percent, pinene_percent, price_dollars, store_id, strain, subspecies_id, terpinolene_percent, thc_percent, vendor, weight_grams) values (?, ?, ?, ?, ?, ?, ?, ?, ?, ?, ?, ?, ?, ?, ?, ?, ?)
2022-12-10T15:44:07.379-05:00 DEBUG 63538 --- [    Test worker] org.hibernate.SQL                        : insert into store_item (added, bisabolol_percent, caryophyllene_percent, cbd_percent, humulene_percent, limonene_percent, linalool_percent, myrcene_percent, pinene_percent, price_dollars, store_id, strain, subspecies_id, terpinolene_percent, thc_percent, vendor, weight_grams) values (?, ?, ?, ?, ?, ?, ?, ?, ?, ?, ?, ?, ?, ?, ?, ?, ?)
2022-12-10T15:44:07.381-05:00 DEBUG 63538 --- [    Test worker] org.hibernate.SQL                        : insert into store_item (added, bisabolol_percent, caryophyllene_percent, cbd_percent, humulene_percent, limonene_percent, linalool_percent, myrcene_percent, pinene_percent, price_dollars, store_id, strain, subspecies_id, terpinolene_percent, thc_percent, vendor, weight_grams) values (?, ?, ?, ?, ?, ?, ?, ?, ?, ?, ?, ?, ?, ?, ?, ?, ?)
2022-12-10T15:44:07.382-05:00 DEBUG 63538 --- [    Test worker] org.hibernate.SQL                        : insert into store_item (added, bisabolol_percent, caryophyllene_percent, cbd_percent, humulene_percent, limonene_percent, linalool_percent, myrcene_percent, pinene_percent, price_dollars, store_id, strain, subspecies_id, terpinolene_percent, thc_percent, vendor, weight_grams) values (?, ?, ?, ?, ?, ?, ?, ?, ?, ?, ?, ?, ?, ?, ?, ?, ?)
2022-12-10T15:44:07.384-05:00 DEBUG 63538 --- [    Test worker] org.hibernate.SQL                        : insert into store_item (added, bisabolol_percent, caryophyllene_percent, cbd_percent, humulene_percent, limonene_percent, linalool_percent, myrcene_percent, pinene_percent, price_dollars, store_id, strain, subspecies_id, terpinolene_percent, thc_percent, vendor, weight_grams) values (?, ?, ?, ?, ?, ?, ?, ?, ?, ?, ?, ?, ?, ?, ?, ?, ?)
2022-12-10T15:44:07.385-05:00 DEBUG 63538 --- [    Test worker] org.hibernate.SQL                        : insert into store_item (added, bisabolol_percent, caryophyllene_percent, cbd_percent, humulene_percent, limonene_percent, linalool_percent, myrcene_percent, pinene_percent, price_dollars, store_id, strain, subspecies_id, terpinolene_percent, thc_percent, vendor, weight_grams) values (?, ?, ?, ?, ?, ?, ?, ?, ?, ?, ?, ?, ?, ?, ?, ?, ?)
2022-12-10T15:44:07.386-05:00 DEBUG 63538 --- [    Test worker] org.hibernate.SQL                        : insert into store_item (added, bisabolol_percent, caryophyllene_percent, cbd_percent, humulene_percent, limonene_percent, linalool_percent, myrcene_percent, pinene_percent, price_dollars, store_id, strain, subspecies_id, terpinolene_percent, thc_percent, vendor, weight_grams) values (?, ?, ?, ?, ?, ?, ?, ?, ?, ?, ?, ?, ?, ?, ?, ?, ?)
2022-12-10T15:44:07.388-05:00 DEBUG 63538 --- [    Test worker] org.hibernate.SQL                        : insert into store_item (added, bisabolol_percent, caryophyllene_percent, cbd_percent, humulene_percent, limonene_percent, linalool_percent, myrcene_percent, pinene_percent, price_dollars, store_id, strain, subspecies_id, terpinolene_percent, thc_percent, vendor, weight_grams) values (?, ?, ?, ?, ?, ?, ?, ?, ?, ?, ?, ?, ?, ?, ?, ?, ?)
2022-12-10T15:44:07.390-05:00 DEBUG 63538 --- [    Test worker] org.hibernate.SQL                        : insert into store_item (added, bisabolol_percent, caryophyllene_percent, cbd_percent, humulene_percent, limonene_percent, linalool_percent, myrcene_percent, pinene_percent, price_dollars, store_id, strain, subspecies_id, terpinolene_percent, thc_percent, vendor, weight_grams) values (?, ?, ?, ?, ?, ?, ?, ?, ?, ?, ?, ?, ?, ?, ?, ?, ?)
2022-12-10T15:44:07.391-05:00 DEBUG 63538 --- [    Test worker] org.hibernate.SQL                        : insert into store_item (added, bisabolol_percent, caryophyllene_percent, cbd_percent, humulene_percent, limonene_percent, linalool_percent, myrcene_percent, pinene_percent, price_dollars, store_id, strain, subspecies_id, terpinolene_percent, thc_percent, vendor, weight_grams) values (?, ?, ?, ?, ?, ?, ?, ?, ?, ?, ?, ?, ?, ?, ?, ?, ?)
2022-12-10T15:44:07.393-05:00 DEBUG 63538 --- [    Test worker] org.hibernate.SQL                        : insert into store_item (added, bisabolol_percent, caryophyllene_percent, cbd_percent, humulene_percent, limonene_percent, linalool_percent, myrcene_percent, pinene_percent, price_dollars, store_id, strain, subspecies_id, terpinolene_percent, thc_percent, vendor, weight_grams) values (?, ?, ?, ?, ?, ?, ?, ?, ?, ?, ?, ?, ?, ?, ?, ?, ?)
2022-12-10T15:44:07.394-05:00 DEBUG 63538 --- [    Test worker] org.hibernate.SQL                        : insert into store_item (added, bisabolol_percent, caryophyllene_percent, cbd_percent, humulene_percent, limonene_percent, linalool_percent, myrcene_percent, pinene_percent, price_dollars, store_id, strain, subspecies_id, terpinolene_percent, thc_percent, vendor, weight_grams) values (?, ?, ?, ?, ?, ?, ?, ?, ?, ?, ?, ?, ?, ?, ?, ?, ?)
2022-12-10T15:44:07.395-05:00 DEBUG 63538 --- [    Test worker] org.hibernate.SQL                        : insert into store_item (added, bisabolol_percent, caryophyllene_percent, cbd_percent, humulene_percent, limonene_percent, linalool_percent, myrcene_percent, pinene_percent, price_dollars, store_id, strain, subspecies_id, terpinolene_percent, thc_percent, vendor, weight_grams) values (?, ?, ?, ?, ?, ?, ?, ?, ?, ?, ?, ?, ?, ?, ?, ?, ?)
2022-12-10T15:44:07.396-05:00 DEBUG 63538 --- [    Test worker] org.hibernate.SQL                        : insert into store_item (added, bisabolol_percent, caryophyllene_percent, cbd_percent, humulene_percent, limonene_percent, linalool_percent, myrcene_percent, pinene_percent, price_dollars, store_id, strain, subspecies_id, terpinolene_percent, thc_percent, vendor, weight_grams) values (?, ?, ?, ?, ?, ?, ?, ?, ?, ?, ?, ?, ?, ?, ?, ?, ?)
2022-12-10T15:44:07.398-05:00 DEBUG 63538 --- [    Test worker] org.hibernate.SQL                        : insert into store_item (added, bisabolol_percent, caryophyllene_percent, cbd_percent, humulene_percent, limonene_percent, linalool_percent, myrcene_percent, pinene_percent, price_dollars, store_id, strain, subspecies_id, terpinolene_percent, thc_percent, vendor, weight_grams) values (?, ?, ?, ?, ?, ?, ?, ?, ?, ?, ?, ?, ?, ?, ?, ?, ?)
2022-12-10T15:44:07.399-05:00 DEBUG 63538 --- [    Test worker] org.hibernate.SQL                        : insert into store_item (added, bisabolol_percent, caryophyllene_percent, cbd_percent, humulene_percent, limonene_percent, linalool_percent, myrcene_percent, pinene_percent, price_dollars, store_id, strain, subspecies_id, terpinolene_percent, thc_percent, vendor, weight_grams) values (?, ?, ?, ?, ?, ?, ?, ?, ?, ?, ?, ?, ?, ?, ?, ?, ?)
2022-12-10T15:44:07.400-05:00 DEBUG 63538 --- [    Test worker] org.hibernate.SQL                        : insert into store_item (added, bisabolol_percent, caryophyllene_percent, cbd_percent, humulene_percent, limonene_percent, linalool_percent, myrcene_percent, pinene_percent, price_dollars, store_id, strain, subspecies_id, terpinolene_percent, thc_percent, vendor, weight_grams) values (?, ?, ?, ?, ?, ?, ?, ?, ?, ?, ?, ?, ?, ?, ?, ?, ?)
2022-12-10T15:44:07.401-05:00 DEBUG 63538 --- [    Test worker] org.hibernate.SQL                        : insert into store_item (added, bisabolol_percent, caryophyllene_percent, cbd_percent, humulene_percent, limonene_percent, linalool_percent, myrcene_percent, pinene_percent, price_dollars, store_id, strain, subspecies_id, terpinolene_percent, thc_percent, vendor, weight_grams) values (?, ?, ?, ?, ?, ?, ?, ?, ?, ?, ?, ?, ?, ?, ?, ?, ?)
2022-12-10T15:44:07.403-05:00 DEBUG 63538 --- [    Test worker] org.hibernate.SQL                        : insert into store_item (added, bisabolol_percent, caryophyllene_percent, cbd_percent, humulene_percent, limonene_percent, linalool_percent, myrcene_percent, pinene_percent, price_dollars, store_id, strain, subspecies_id, terpinolene_percent, thc_percent, vendor, weight_grams) values (?, ?, ?, ?, ?, ?, ?, ?, ?, ?, ?, ?, ?, ?, ?, ?, ?)
2022-12-10T15:44:07.404-05:00 DEBUG 63538 --- [    Test worker] org.hibernate.SQL                        : insert into store_item (added, bisabolol_percent, caryophyllene_percent, cbd_percent, humulene_percent, limonene_percent, linalool_percent, myrcene_percent, pinene_percent, price_dollars, store_id, strain, subspecies_id, terpinolene_percent, thc_percent, vendor, weight_grams) values (?, ?, ?, ?, ?, ?, ?, ?, ?, ?, ?, ?, ?, ?, ?, ?, ?)
2022-12-10T15:44:07.405-05:00 DEBUG 63538 --- [    Test worker] org.hibernate.SQL                        : insert into store_item (added, bisabolol_percent, caryophyllene_percent, cbd_percent, humulene_percent, limonene_percent, linalool_percent, myrcene_percent, pinene_percent, price_dollars, store_id, strain, subspecies_id, terpinolene_percent, thc_percent, vendor, weight_grams) values (?, ?, ?, ?, ?, ?, ?, ?, ?, ?, ?, ?, ?, ?, ?, ?, ?)
2022-12-10T15:44:07.407-05:00 DEBUG 63538 --- [    Test worker] org.hibernate.SQL                        : insert into store_item (added, bisabolol_percent, caryophyllene_percent, cbd_percent, humulene_percent, limonene_percent, linalool_percent, myrcene_percent, pinene_percent, price_dollars, store_id, strain, subspecies_id, terpinolene_percent, thc_percent, vendor, weight_grams) values (?, ?, ?, ?, ?, ?, ?, ?, ?, ?, ?, ?, ?, ?, ?, ?, ?)
2022-12-10T15:44:07.409-05:00 DEBUG 63538 --- [    Test worker] org.hibernate.SQL                        : insert into store_item (added, bisabolol_percent, caryophyllene_percent, cbd_percent, humulene_percent, limonene_percent, linalool_percent, myrcene_percent, pinene_percent, price_dollars, store_id, strain, subspecies_id, terpinolene_percent, thc_percent, vendor, weight_grams) values (?, ?, ?, ?, ?, ?, ?, ?, ?, ?, ?, ?, ?, ?, ?, ?, ?)
2022-12-10T15:44:07.410-05:00 DEBUG 63538 --- [    Test worker] org.hibernate.SQL                        : insert into store_item (added, bisabolol_percent, caryophyllene_percent, cbd_percent, humulene_percent, limonene_percent, linalool_percent, myrcene_percent, pinene_percent, price_dollars, store_id, strain, subspecies_id, terpinolene_percent, thc_percent, vendor, weight_grams) values (?, ?, ?, ?, ?, ?, ?, ?, ?, ?, ?, ?, ?, ?, ?, ?, ?)
2022-12-10T15:44:07.411-05:00 DEBUG 63538 --- [    Test worker] org.hibernate.SQL                        : insert into store_item (added, bisabolol_percent, caryophyllene_percent, cbd_percent, humulene_percent, limonene_percent, linalool_percent, myrcene_percent, pinene_percent, price_dollars, store_id, strain, subspecies_id, terpinolene_percent, thc_percent, vendor, weight_grams) values (?, ?, ?, ?, ?, ?, ?, ?, ?, ?, ?, ?, ?, ?, ?, ?, ?)
2022-12-10T15:44:07.413-05:00 DEBUG 63538 --- [    Test worker] org.hibernate.SQL                        : insert into store_item (added, bisabolol_percent, caryophyllene_percent, cbd_percent, humulene_percent, limonene_percent, linalool_percent, myrcene_percent, pinene_percent, price_dollars, store_id, strain, subspecies_id, terpinolene_percent, thc_percent, vendor, weight_grams) values (?, ?, ?, ?, ?, ?, ?, ?, ?, ?, ?, ?, ?, ?, ?, ?, ?)
2022-12-10T15:44:07.414-05:00 DEBUG 63538 --- [    Test worker] org.hibernate.SQL                        : insert into store_item (added, bisabolol_percent, caryophyllene_percent, cbd_percent, humulene_percent, limonene_percent, linalool_percent, myrcene_percent, pinene_percent, price_dollars, store_id, strain, subspecies_id, terpinolene_percent, thc_percent, vendor, weight_grams) values (?, ?, ?, ?, ?, ?, ?, ?, ?, ?, ?, ?, ?, ?, ?, ?, ?)
2022-12-10T15:44:07.416-05:00 DEBUG 63538 --- [    Test worker] org.hibernate.SQL                        : insert into store_item (added, bisabolol_percent, caryophyllene_percent, cbd_percent, humulene_percent, limonene_percent, linalool_percent, myrcene_percent, pinene_percent, price_dollars, store_id, strain, subspecies_id, terpinolene_percent, thc_percent, vendor, weight_grams) values (?, ?, ?, ?, ?, ?, ?, ?, ?, ?, ?, ?, ?, ?, ?, ?, ?)
2022-12-10T15:44:07.417-05:00 DEBUG 63538 --- [    Test worker] org.hibernate.SQL                        : insert into store_item (added, bisabolol_percent, caryophyllene_percent, cbd_percent, humulene_percent, limonene_percent, linalool_percent, myrcene_percent, pinene_percent, price_dollars, store_id, strain, subspecies_id, terpinolene_percent, thc_percent, vendor, weight_grams) values (?, ?, ?, ?, ?, ?, ?, ?, ?, ?, ?, ?, ?, ?, ?, ?, ?)
2022-12-10T15:44:07.418-05:00 DEBUG 63538 --- [    Test worker] org.hibernate.SQL                        : insert into store_item (added, bisabolol_percent, caryophyllene_percent, cbd_percent, humulene_percent, limonene_percent, linalool_percent, myrcene_percent, pinene_percent, price_dollars, store_id, strain, subspecies_id, terpinolene_percent, thc_percent, vendor, weight_grams) values (?, ?, ?, ?, ?, ?, ?, ?, ?, ?, ?, ?, ?, ?, ?, ?, ?)
2022-12-10T15:44:07.420-05:00 DEBUG 63538 --- [    Test worker] org.hibernate.SQL                        : insert into store_item (added, bisabolol_percent, caryophyllene_percent, cbd_percent, humulene_percent, limonene_percent, linalool_percent, myrcene_percent, pinene_percent, price_dollars, store_id, strain, subspecies_id, terpinolene_percent, thc_percent, vendor, weight_grams) values (?, ?, ?, ?, ?, ?, ?, ?, ?, ?, ?, ?, ?, ?, ?, ?, ?)
2022-12-10T15:44:07.421-05:00 DEBUG 63538 --- [    Test worker] org.hibernate.SQL                        : insert into store_item (added, bisabolol_percent, caryophyllene_percent, cbd_percent, humulene_percent, limonene_percent, linalool_percent, myrcene_percent, pinene_percent, price_dollars, store_id, strain, subspecies_id, terpinolene_percent, thc_percent, vendor, weight_grams) values (?, ?, ?, ?, ?, ?, ?, ?, ?, ?, ?, ?, ?, ?, ?, ?, ?)
2022-12-10T15:44:07.423-05:00 DEBUG 63538 --- [    Test worker] org.hibernate.SQL                        : insert into store_item (added, bisabolol_percent, caryophyllene_percent, cbd_percent, humulene_percent, limonene_percent, linalool_percent, myrcene_percent, pinene_percent, price_dollars, store_id, strain, subspecies_id, terpinolene_percent, thc_percent, vendor, weight_grams) values (?, ?, ?, ?, ?, ?, ?, ?, ?, ?, ?, ?, ?, ?, ?, ?, ?)
2022-12-10T15:44:07.424-05:00 DEBUG 63538 --- [    Test worker] org.hibernate.SQL                        : insert into store_item (added, bisabolol_percent, caryophyllene_percent, cbd_percent, humulene_percent, limonene_percent, linalool_percent, myrcene_percent, pinene_percent, price_dollars, store_id, strain, subspecies_id, terpinolene_percent, thc_percent, vendor, weight_grams) values (?, ?, ?, ?, ?, ?, ?, ?, ?, ?, ?, ?, ?, ?, ?, ?, ?)
2022-12-10T15:44:07.425-05:00 DEBUG 63538 --- [    Test worker] org.hibernate.SQL                        : insert into store_item (added, bisabolol_percent, caryophyllene_percent, cbd_percent, humulene_percent, limonene_percent, linalool_percent, myrcene_percent, pinene_percent, price_dollars, store_id, strain, subspecies_id, terpinolene_percent, thc_percent, vendor, weight_grams) values (?, ?, ?, ?, ?, ?, ?, ?, ?, ?, ?, ?, ?, ?, ?, ?, ?)
2022-12-10T15:44:07.426-05:00 DEBUG 63538 --- [    Test worker] org.hibernate.SQL                        : insert into store_item (added, bisabolol_percent, caryophyllene_percent, cbd_percent, humulene_percent, limonene_percent, linalool_percent, myrcene_percent, pinene_percent, price_dollars, store_id, strain, subspecies_id, terpinolene_percent, thc_percent, vendor, weight_grams) values (?, ?, ?, ?, ?, ?, ?, ?, ?, ?, ?, ?, ?, ?, ?, ?, ?)
2022-12-10T15:44:07.428-05:00 DEBUG 63538 --- [    Test worker] org.hibernate.SQL                        : insert into store_item (added, bisabolol_percent, caryophyllene_percent, cbd_percent, humulene_percent, limonene_percent, linalool_percent, myrcene_percent, pinene_percent, price_dollars, store_id, strain, subspecies_id, terpinolene_percent, thc_percent, vendor, weight_grams) values (?, ?, ?, ?, ?, ?, ?, ?, ?, ?, ?, ?, ?, ?, ?, ?, ?)
2022-12-10T15:44:07.430-05:00 DEBUG 63538 --- [    Test worker] org.hibernate.SQL                        : insert into store_item (added, bisabolol_percent, caryophyllene_percent, cbd_percent, humulene_percent, limonene_percent, linalool_percent, myrcene_percent, pinene_percent, price_dollars, store_id, strain, subspecies_id, terpinolene_percent, thc_percent, vendor, weight_grams) values (?, ?, ?, ?, ?, ?, ?, ?, ?, ?, ?, ?, ?, ?, ?, ?, ?)
2022-12-10T15:44:07.431-05:00 DEBUG 63538 --- [    Test worker] org.hibernate.SQL                        : insert into store_item (added, bisabolol_percent, caryophyllene_percent, cbd_percent, humulene_percent, limonene_percent, linalool_percent, myrcene_percent, pinene_percent, price_dollars, store_id, strain, subspecies_id, terpinolene_percent, thc_percent, vendor, weight_grams) values (?, ?, ?, ?, ?, ?, ?, ?, ?, ?, ?, ?, ?, ?, ?, ?, ?)
2022-12-10T15:44:07.433-05:00 DEBUG 63538 --- [    Test worker] org.hibernate.SQL                        : insert into store_item (added, bisabolol_percent, caryophyllene_percent, cbd_percent, humulene_percent, limonene_percent, linalool_percent, myrcene_percent, pinene_percent, price_dollars, store_id, strain, subspecies_id, terpinolene_percent, thc_percent, vendor, weight_grams) values (?, ?, ?, ?, ?, ?, ?, ?, ?, ?, ?, ?, ?, ?, ?, ?, ?)
2022-12-10T15:44:07.959-05:00 DEBUG 63538 --- [    Test worker] org.hibernate.SQL                        : select u1_0.id from app_user u1_0 where u1_0.username=? fetch first ? rows only
2022-12-10T15:44:08.041-05:00 DEBUG 63538 --- [    Test worker] org.hibernate.SQL                        : insert into app_user (display_name, email, enabled, password, registration_time, username) values (?, ?, ?, ?, ?, ?)
2022-12-10T15:44:08.048-05:00 DEBUG 63538 --- [    Test worker] org.hibernate.SQL                        : insert into search_config (active, last_search, user_id) values (?, ?, ?)
2022-12-10T15:44:08.055-05:00 DEBUG 63538 --- [    Test worker] org.hibernate.SQL                        : insert into user_role (user_id, role_id) values (?, ?)
2022-12-10T15:44:08.105-05:00 DEBUG 63538 --- [o-auto-1-exec-1] org.hibernate.SQL                        : select u1_0.id,u1_0.display_name,u1_0.email,u1_0.enabled,u1_0.password,u1_0.registration_time,r1_0.user_id,r1_0.role_id,u1_0.username from app_user u1_0 join user_role r1_0 on u1_0.id=r1_0.user_id where u1_0.username=?
2022-12-10T15:44:08.107-05:00 DEBUG 63538 --- [o-auto-1-exec-1] org.hibernate.SQL                        : select s1_0.user_id,s1_0.active,s1_0.last_search from search_config s1_0 where s1_0.user_id=?
2022-12-10T15:44:08.188-05:00 DEBUG 63538 --- [o-auto-1-exec-1] org.hibernate.SQL                        : select u1_0.id,u1_0.display_name,u1_0.email,u1_0.enabled,u1_0.password,u1_0.registration_time,u1_0.username from app_user u1_0 where u1_0.username=?
2022-12-10T15:44:08.193-05:00 DEBUG 63538 --- [o-auto-1-exec-1] org.hibernate.SQL                        : select s1_0.user_id,s1_0.active,s1_0.last_search from search_config s1_0 where s1_0.user_id=?
2022-12-10T15:44:08.196-05:00 DEBUG 63538 --- [o-auto-1-exec-1] org.hibernate.SQL                        : select r1_0.user_id,r1_0.role_id from user_role r1_0 where r1_0.user_id=?
2022-12-10T15:44:08.203-05:00 DEBUG 63538 --- [o-auto-1-exec-1] org.hibernate.SQL                        : select a1_0.user_id,a1_0.id,a1_0.city,a1_0.line1,a1_0.state,a1_0.zip from address a1_0 where a1_0.user_id=?
2022-12-10T15:44:08.205-05:00 DEBUG 63538 --- [o-auto-1-exec-1] org.hibernate.SQL                        : select s1_0.principal_name,s1_0.primary_id,s1_0.session_id from spring_session s1_0 where s1_0.principal_name=?
2022-12-10T15:44:08.229-05:00  INFO 63538 --- [    Test worker] o.t.zdd.server.IntegrationTest           : 
2022-12-10T15:44:08.230-05:00  INFO 63538 --- [    Test worker] o.t.zdd.server.IntegrationTest           : =======================================================================================
2022-12-10T15:44:08.230-05:00  INFO 63538 --- [    Test worker] o.t.zdd.server.IntegrationTest           : Executing test Update search config
2022-12-10T15:44:08.230-05:00  INFO 63538 --- [    Test worker] o.t.zdd.server.IntegrationTest           : using web server port 52866
2022-12-10T15:44:08.230-05:00  INFO 63538 --- [    Test worker] o.t.zdd.server.IntegrationTest           : TestContainer jdbc url: jdbc:postgresql://localhost:5432/test?autosave=conservative&loggerLevel=OFF
2022-12-10T15:44:08.230-05:00  INFO 63538 --- [    Test worker] o.t.zdd.server.IntegrationTest           : TestContainer username: test
2022-12-10T15:44:08.230-05:00  INFO 63538 --- [    Test worker] o.t.zdd.server.IntegrationTest           : TestContainer password: test
2022-12-10T15:44:08.230-05:00  INFO 63538 --- [    Test worker] o.t.zdd.server.IntegrationTest           : 
2022-12-10T15:44:08.257-05:00 DEBUG 63538 --- [o-auto-1-exec-1] org.hibernate.SQL                        : select s1_0.name,s1_0.website from store s1_0 order by s1_0.name asc,s1_0.name asc offset ? rows fetch first ? rows only
2022-12-10T15:44:08.322-05:00  INFO 63538 --- [o-auto-1-exec-1] o.t.z.s.controller.SearchController      : Getting search config for user-27722426-9a9c-4f34-9452-c0486ea046ad
2022-12-10T15:44:08.324-05:00 DEBUG 63538 --- [o-auto-1-exec-1] org.hibernate.SQL                        : select s1_0.user_id,s1_0.active,s1_0.last_search,s2_0.search_config_id,s2_1.id,s2_1.name,s2_1.website,s3_0.search_config_id,s3_0.id from search_config s1_0 left join (search_config_store s2_0 join store s2_1 on s2_1.id=s2_0.store_id) on s1_0.user_id=s2_0.search_config_id left join saved_search s3_0 on s1_0.user_id=s3_0.search_config_id join app_user u1_0 on u1_0.id=s1_0.user_id where u1_0.username=?
2022-12-10T15:44:08.364-05:00  INFO 63538 --- [o-auto-1-exec-1] o.t.z.s.controller.SearchController      : Updating search config for user-27722426-9a9c-4f34-9452-c0486ea046ad
2022-12-10T15:44:08.365-05:00 DEBUG 63538 --- [o-auto-1-exec-1] org.hibernate.SQL                        : select s1_0.user_id,s1_0.active,s1_0.last_search,s2_0.search_config_id,s2_1.id,s2_1.name,s2_1.website,s3_0.search_config_id,s3_0.id from search_config s1_0 left join (search_config_store s2_0 join store s2_1 on s2_1.id=s2_0.store_id) on s1_0.user_id=s2_0.search_config_id left join saved_search s3_0 on s1_0.user_id=s3_0.search_config_id join app_user u1_0 on u1_0.id=s1_0.user_id where u1_0.username=?
2022-12-10T15:44:08.370-05:00 DEBUG 63538 --- [o-auto-1-exec-1] org.hibernate.SQL                        : select s1_0.id,s1_0.name,s1_0.website from store s1_0 where s1_0.name in(?)
2022-12-10T15:44:08.373-05:00 DEBUG 63538 --- [o-auto-1-exec-1] org.hibernate.SQL                        : insert into saved_search (search_config_id) values (?)
2022-12-10T15:44:08.375-05:00 DEBUG 63538 --- [o-auto-1-exec-1] org.hibernate.SQL                        : insert into search_parameter (field, operator_id, saved_search_id, value) values (?, ?, ?, ?)
2022-12-10T15:44:08.377-05:00 DEBUG 63538 --- [o-auto-1-exec-1] org.hibernate.SQL                        : insert into search_config_store (search_config_id, store_id) values (?, ?)
2022-12-10T15:44:08.391-05:00  INFO 63538 --- [o-auto-1-exec-1] o.t.z.s.controller.SearchController      : Getting search config for user-27722426-9a9c-4f34-9452-c0486ea046ad
2022-12-10T15:44:08.392-05:00 DEBUG 63538 --- [o-auto-1-exec-1] org.hibernate.SQL                        : select s1_0.user_id,s1_0.active,s1_0.last_search,s2_0.search_config_id,s2_1.id,s2_1.name,s2_1.website,s3_0.search_config_id,s3_0.id from search_config s1_0 left join (search_config_store s2_0 join store s2_1 on s2_1.id=s2_0.store_id) on s1_0.user_id=s2_0.search_config_id left join saved_search s3_0 on s1_0.user_id=s3_0.search_config_id join app_user u1_0 on u1_0.id=s1_0.user_id where u1_0.username=?
2022-12-10T15:44:08.395-05:00 DEBUG 63538 --- [o-auto-1-exec-1] org.hibernate.SQL                        : select s1_0.saved_search_id,s1_0.id,s1_0.field,s1_0.operator_id,s1_0.value from search_parameter s1_0 where s1_0.saved_search_id=?
]]></system-out>
  <system-err><![CDATA[]]></system-err>
</testsuite>
